#
# A fatal error has been detected by the Java Runtime Environment:
#
#  EXCEPTION_ACCESS_VIOLATION (0xc0000005) at pc=0x00007ffd2fb44f3f, pid=22396, tid=28480
#
# JRE version: OpenJDK Runtime Environment (11.0.1+3) (build 11.0.0.1+3-5)
# Java VM: OpenJDK 64-Bit Server VM (11.0.0.1+3-5, mixed mode, tiered, compressed oops, g1 gc, windows-amd64)
# Problematic frame:
# C  [freetype.dll+0x44f3f]
#
# No core dump will be written. Minidumps are not enabled by default on client versions of Windows
#
# If you would like to submit a bug report, please visit:
#   http://bugreport.java.com/bugreport/crash.jsp
# The crash happened outside the Java Virtual Machine in native code.
# See problematic frame for where to report the bug.
#

---------------  S U M M A R Y ------------

Command Line: -Dfile.encoding=UTF-8 -Dstdout.encoding=UTF-8 -Dstderr.encoding=UTF-8 com.jrealm.game.GameLauncher

Host: AMD Ryzen 7 PRO 6850U with Radeon Graphics     , 16 cores, 30G,  Windows 10 , 64 bit Build 19041 (10.0.19041.3570)
Time: Sun Nov 19 17:59:52 2023 Eastern Standard Time elapsed time: 4 seconds (0d 0h 0m 4s)

---------------  T H R E A D  ---------------

Current thread (0x00000144f5d72000):  JavaThread "pool-1-thread-23" [_thread_in_native, id=28480, stack(0x00000029a1900000,0x00000029a1a00000)]

Stack: [0x00000029a1900000,0x00000029a1a00000],  sp=0x00000029a19fc400,  free space=1009k
Native frames: (J=compiled Java code, j=interpreted, Vv=VM code, C=native code)
C  [freetype.dll+0x44f3f]

Java frames: (J=compiled Java code, j=interpreted, Vv=VM code)
j  sun.font.FreetypeFontScaler.getGlyphImageNative(Lsun/font/Font2D;JJI)J+0 java.desktop@11.0.0.1
j  sun.font.FreetypeFontScaler.getGlyphImage(JI)J+26 java.desktop@11.0.0.1
J 3101 c1 sun.font.FileFontStrike.getGlyphImagePtrs([I[JI)V java.desktop@11.0.0.1 (110 bytes) @ 0x00000144cfdf1274 [0x00000144cfdf0880+0x00000000000009f4]
J 3099 c1 sun.font.GlyphList.mapChars(Lsun/java2d/loops/FontInfo;I)Z java.desktop@11.0.0.1 (47 bytes) @ 0x00000144cfdf3014 [0x00000144cfdf2d00+0x0000000000000314]
J 3097 c1 sun.font.GlyphList.setFromString(Lsun/java2d/loops/FontInfo;Ljava/lang/String;FF)Z java.desktop@11.0.0.1 (75 bytes) @ 0x00000144cfdee604 [0x00000144cfdee400+0x0000000000000204]
J 3094 c1 sun.java2d.pipe.GlyphListPipe.drawString(Lsun/java2d/SunGraphics2D;Ljava/lang/String;DD)V java.desktop@11.0.0.1 (202 bytes) @ 0x00000144cfdef5ac [0x00000144cfdeecc0+0x00000000000008ec]
J 3135 c1 sun.java2d.SunGraphics2D.drawString(Ljava/lang/String;II)V java.desktop@11.0.0.1 (132 bytes) @ 0x00000144cfe008fc [0x00000144cfe005a0+0x000000000000035c]
j  com.jrealm.game.states.PlayState.render(Ljava/awt/Graphics2D;)V+184
J 3524 c1 com.jrealm.game.states.GameStateManager.render(Ljava/awt/Graphics2D;)V (49 bytes) @ 0x00000144cfeaaf64 [0x00000144cfeaab20+0x0000000000000444]
j  com.jrealm.game.GamePanel.render()V+50
j  com.jrealm.game.GamePanel.lambda$run$2()V+1
j  com.jrealm.game.GamePanel$$Lambda$244.run()V+4
J 3407 c2 java.util.concurrent.CompletableFuture$AsyncRun.run()V java.base@11.0.0.1 (61 bytes) @ 0x00000144d6d800e0 [0x00000144d6d80040+0x00000000000000a0]
j  java.util.concurrent.ThreadPoolExecutor.runWorker(Ljava/util/concurrent/ThreadPoolExecutor$Worker;)V+92 java.base@11.0.0.1
j  java.util.concurrent.ThreadPoolExecutor$Worker.run()V+5 java.base@11.0.0.1
j  java.util.concurrent.Executors$PrivilegedThreadFactory$1$1.run()Ljava/lang/Void;+23 java.base@11.0.0.1
j  java.util.concurrent.Executors$PrivilegedThreadFactory$1$1.run()Ljava/lang/Object;+1 java.base@11.0.0.1
v  ~StubRoutines::call_stub
j  java.security.AccessController.doPrivileged(Ljava/security/PrivilegedAction;Ljava/security/AccessControlContext;)Ljava/lang/Object;+0 java.base@11.0.0.1
j  java.util.concurrent.Executors$PrivilegedThreadFactory$1.run()V+15 java.base@11.0.0.1
j  java.lang.Thread.run()V+11 java.base@11.0.0.1
v  ~StubRoutines::call_stub

siginfo: EXCEPTION_ACCESS_VIOLATION (0xc0000005), reading address 0x00000000000000e0


Register to memory mapping:

RIP=0x00007ffd2fb44f3f freetype.dll
RAX=0x00000029a19fc430 is pointing into the stack for thread: 0x00000144f5d72000
RBX=0x00000029a19fc640 is pointing into the stack for thread: 0x00000144f5d72000
RCX=0x0000014486ae4000 points into unknown readable memory
RDX=0x0 is NULL
RSP=0x00000029a19fc400 is pointing into the stack for thread: 0x00000144f5d72000
RBP=0x0000014487180c80 points into unknown readable memory
RSI=0x000000000000001c is an unknown value
RDI=0x0000014486ae4000 points into unknown readable memory
R8 =0x000000000000001c is an unknown value
R9 =0x00000029a19fc488 is pointing into the stack for thread: 0x00000144f5d72000
R10=0x0 is NULL
R11=0x00000144f669b6d0 points into unknown readable memory
R12=0x000000000000001c is an unknown value
R13=0x0 is NULL
R14=0x0000000000000d4c is an unknown value
R15=0x0000014486288850 points into unknown readable memory


Registers:
RAX=0x00000029a19fc430, RBX=0x00000029a19fc640, RCX=0x0000014486ae4000, RDX=0x0000000000000000
RSP=0x00000029a19fc400, RBP=0x0000014487180c80, RSI=0x000000000000001c, RDI=0x0000014486ae4000
R8 =0x000000000000001c, R9 =0x00000029a19fc488, R10=0x0000000000000000, R11=0x00000144f669b6d0
R12=0x000000000000001c, R13=0x0000000000000000, R14=0x0000000000000d4c, R15=0x0000014486288850
RIP=0x00007ffd2fb44f3f, EFLAGS=0x0000000000010246

Top of Stack: (sp=0x00000029a19fc400)
0x00000029a19fc400:   0000014487180c80 00000144f6533250
0x00000029a19fc410:   0000000000000000 0000000000000064
0x00000029a19fc420:   00000029a19fc430 0000000000000064
0x00000029a19fc430:   0000014487180000 00007ffd2fb42a92
0x00000029a19fc440:   0000014486ae4000 0000000000000000
0x00000029a19fc450:   0000000000000770 00000029a19fc570
0x00000029a19fc460:   00000029a19fc640 00007ffd2fb44622
0x00000029a19fc470:   00000029a19f0000 0000000000000770
0x00000029a19fc480:   0000000000000000 00007ffd00000000
0x00000029a19fc490:   00000144f7235ce8 00000144f5d72000
0x00000029a19fc4a0:   0000000100000000 000200002e3ec5e0
0x00000029a19fc4b0:   0000000000020000 00007ffd2e30d8f0
0x00000029a19fc4c0:   00000144f6177440 00007ffd2c41d0b1
0x00000029a19fc4d0:   00000029a19fc5d0 00007ffd7c03fde6
0x00000029a19fc4e0:   00000144f64e1900 00007ffd2bf1a379
0x00000029a19fc4f0:   00000144c6d2f330 00007ffd2c41d0b1 

Instructions: (pc=0x00007ffd2fb44f3f)
0x00007ffd2fb44f1f:   02 00 00 4c 8d 8c 24 88 00 00 00 44 8b f0 44 8b
0x00007ffd2fb44f2f:   c6 48 8d 44 24 30 33 d2 48 8b cf 48 89 44 24 20
0x00007ffd2fb44f3f:   41 ff 92 e0 00 00 00 80 bf 90 01 00 00 00 8b 4b
0x00007ffd2fb44f4f:   44 74 2d 4c 8b 97 d0 02 00 00 48 8d 84 24 80 00 



---------------  P R O C E S S  ---------------

Threads class SMR info:
_java_thread_list=0x00000144875c2060, length=67, elements={
0x00000144f47c9000, 0x00000144f47f7800, 0x00000144f4857800, 0x00000144f4858800,
0x00000144f4859800, 0x00000144f4809800, 0x00000144f480b800, 0x00000144f49da000,
0x00000144f49ed800, 0x00000144f4ca4000, 0x00000144f5750800, 0x00000144f5736800,
0x00000144f58bf800, 0x00000144f5ce5800, 0x00000144f5a08800, 0x00000144f58e5800,
0x00000144f5839800, 0x00000144f5d98800, 0x00000144f5a56000, 0x00000144f5d47000,
0x00000144f5f26800, 0x00000144f5e09000, 0x00000144f5e06000, 0x00000144f5e05000,
0x00000144f5e0a000, 0x00000144f5e04000, 0x00000144f5e0a800, 0x00000144f5d68800,
0x00000144f5d6c800, 0x00000144f5d6a000, 0x00000144f5d6d000, 0x00000144f5d6a800,
0x00000144f5d6b800, 0x00000144f5d6e000, 0x00000144f5d6f000, 0x00000144f5d69000,
0x00000144f5d71000, 0x00000144f5d72000, 0x00000144f5d73800, 0x00000144f5d74800,
0x00000144f5d73000, 0x00000144f5d75800, 0x00000144f5d6f800, 0x00000144f5d76000,
0x00000144f5d70800, 0x00000144f5d77000, 0x00000144f5e08000, 0x0000014486d2f000,
0x0000014486d30000, 0x0000014486d2c800, 0x0000014486d31000, 0x0000014486d2b000,
0x0000014486d2d800, 0x0000014486d31800, 0x0000014486d2e800, 0x0000014486d2c000,
0x0000014486d36800, 0x0000014486d34000, 0x0000014486d35800, 0x0000014486d37800,
0x0000014486d33800, 0x0000014486d35000, 0x0000014486d38000, 0x0000014486d32800,
0x0000014486d39000, 0x0000014486d3a000, 0x0000014486692800
}

Java Threads: ( => current thread )
  0x00000144f47c9000 JavaThread "Reference Handler" daemon [_thread_blocked, id=21100, stack(0x000000299d300000,0x000000299d400000)]
  0x00000144f47f7800 JavaThread "Finalizer" daemon [_thread_blocked, id=23236, stack(0x000000299d400000,0x000000299d500000)]
  0x00000144f4857800 JavaThread "Signal Dispatcher" daemon [_thread_blocked, id=25756, stack(0x000000299d500000,0x000000299d600000)]
  0x00000144f4858800 JavaThread "Attach Listener" daemon [_thread_blocked, id=20396, stack(0x000000299d600000,0x000000299d700000)]
  0x00000144f4859800 JavaThread "C2 CompilerThread0" daemon [_thread_blocked, id=21468, stack(0x000000299d700000,0x000000299d800000)]
  0x00000144f4809800 JavaThread "C1 CompilerThread0" daemon [_thread_blocked, id=27632, stack(0x000000299d800000,0x000000299d900000)]
  0x00000144f480b800 JavaThread "Sweeper thread" daemon [_thread_blocked, id=14568, stack(0x000000299d900000,0x000000299da00000)]
  0x00000144f49da000 JavaThread "Service Thread" daemon [_thread_blocked, id=22720, stack(0x000000299da00000,0x000000299db00000)]
  0x00000144f49ed800 JavaThread "Common-Cleaner" daemon [_thread_blocked, id=15384, stack(0x000000299dc00000,0x000000299dd00000)]
  0x00000144f4ca4000 JavaThread "C1 CompilerThread1" daemon [_thread_blocked, id=11360, stack(0x000000299dd00000,0x000000299de00000)]
  0x00000144f5750800 JavaThread "C1 CompilerThread2" daemon [_thread_blocked, id=17964, stack(0x000000299de00000,0x000000299df00000)]
  0x00000144f5736800 JavaThread "C1 CompilerThread3" daemon [_thread_blocked, id=24072, stack(0x000000299df00000,0x000000299e000000)]
  0x00000144f58bf800 JavaThread "Java2D Disposer" daemon [_thread_blocked, id=26512, stack(0x000000299eb00000,0x000000299ec00000)]
  0x00000144f5ce5800 JavaThread "pool-1-thread-1" [_thread_blocked, id=21156, stack(0x000000299f100000,0x000000299f200000)]
  0x00000144f5a08800 JavaThread "pool-1-thread-2" [_thread_blocked, id=23644, stack(0x000000299ee00000,0x000000299ef00000)]
  0x00000144f58e5800 JavaThread "pool-1-thread-3" [_thread_in_native, id=21356, stack(0x000000299ea00000,0x000000299eb00000)]
  0x00000144f5839800 JavaThread "pool-1-thread-4" [_thread_in_native, id=23568, stack(0x000000299ef00000,0x000000299f000000)]
  0x00000144f5d98800 JavaThread "pool-1-thread-5" [_thread_blocked, id=19816, stack(0x000000299f500000,0x000000299f600000)]
  0x00000144f5a56000 JavaThread "pool-1-thread-6" [_thread_in_Java, id=26396, stack(0x000000299f600000,0x000000299f700000)]
  0x00000144f5d47000 JavaThread "AWT-Shutdown" [_thread_blocked, id=24040, stack(0x000000299f700000,0x000000299f800000)]
  0x00000144f5f26800 JavaThread "pool-1-thread-7" [_thread_blocked, id=14932, stack(0x000000299f900000,0x000000299fa00000)]
  0x00000144f5e09000 JavaThread "pool-1-thread-8" [_thread_blocked, id=9688, stack(0x000000299fa00000,0x000000299fb00000)]
  0x00000144f5e06000 JavaThread "pool-1-thread-9" [_thread_blocked, id=22384, stack(0x000000299fb00000,0x000000299fc00000)]
  0x00000144f5e05000 JavaThread "pool-1-thread-10" [_thread_blocked, id=26004, stack(0x000000299fc00000,0x000000299fd00000)]
  0x00000144f5e0a000 JavaThread "pool-1-thread-11" [_thread_blocked, id=28340, stack(0x000000299fd00000,0x000000299fe00000)]
  0x00000144f5e04000 JavaThread "pool-1-thread-12" [_thread_blocked, id=14960, stack(0x000000299fe00000,0x000000299ff00000)]
  0x00000144f5e0a800 JavaThread "pool-1-thread-13" [_thread_blocked, id=22644, stack(0x000000299ff00000,0x00000029a0000000)]
  0x00000144f5d68800 JavaThread "pool-1-thread-14" [_thread_in_Java, id=28080, stack(0x00000029a0000000,0x00000029a0100000)]
  0x00000144f5d6c800 JavaThread "pool-1-thread-15" [_thread_blocked, id=1120, stack(0x00000029a0100000,0x00000029a0200000)]
  0x00000144f5d6a000 JavaThread "pool-1-thread-16" [_thread_blocked, id=24164, stack(0x000000299f400000,0x000000299f500000)]
  0x00000144f5d6d000 JavaThread "pool-1-thread-17" [_thread_blocked, id=24616, stack(0x00000029a1200000,0x00000029a1300000)]
  0x00000144f5d6a800 JavaThread "pool-1-thread-18" [_thread_blocked, id=26272, stack(0x00000029a1300000,0x00000029a1400000)]
  0x00000144f5d6b800 JavaThread "pool-1-thread-19" [_thread_blocked, id=26860, stack(0x00000029a1400000,0x00000029a1500000)]
  0x00000144f5d6e000 JavaThread "pool-1-thread-20" [_thread_blocked, id=2408, stack(0x00000029a1500000,0x00000029a1600000)]
  0x00000144f5d6f000 JavaThread "pool-1-thread-21" [_thread_blocked, id=20868, stack(0x00000029a1600000,0x00000029a1700000)]
  0x00000144f5d69000 JavaThread "AWT-EventQueue-0" [_thread_blocked, id=26696, stack(0x00000029a1700000,0x00000029a1800000)]
  0x00000144f5d71000 JavaThread "pool-1-thread-22" [_thread_blocked, id=26940, stack(0x00000029a1800000,0x00000029a1900000)]
=>0x00000144f5d72000 JavaThread "pool-1-thread-23" [_thread_in_native, id=28480, stack(0x00000029a1900000,0x00000029a1a00000)]
  0x00000144f5d73800 JavaThread "pool-1-thread-24" [_thread_blocked, id=28084, stack(0x00000029a1a00000,0x00000029a1b00000)]
  0x00000144f5d74800 JavaThread "pool-1-thread-25" [_thread_blocked, id=26140, stack(0x00000029a1b00000,0x00000029a1c00000)]
  0x00000144f5d73000 JavaThread "pool-1-thread-26" [_thread_blocked, id=25768, stack(0x00000029a1c00000,0x00000029a1d00000)]
  0x00000144f5d75800 JavaThread "pool-1-thread-27" [_thread_blocked, id=24656, stack(0x00000029a1d00000,0x00000029a1e00000)]
  0x00000144f5d6f800 JavaThread "GameThread" [_thread_blocked, id=11676, stack(0x00000029a1e00000,0x00000029a1f00000)]
  0x00000144f5d76000 JavaThread "pool-1-thread-28" [_thread_blocked, id=7656, stack(0x00000029a1f00000,0x00000029a2000000)]
  0x00000144f5d70800 JavaThread "pool-1-thread-29" [_thread_blocked, id=15632, stack(0x00000029a2000000,0x00000029a2100000)]
  0x00000144f5d77000 JavaThread "pool-1-thread-30" [_thread_blocked, id=19300, stack(0x00000029a2100000,0x00000029a2200000)]
  0x00000144f5e08000 JavaThread "pool-1-thread-31" [_thread_blocked, id=26436, stack(0x00000029a2200000,0x00000029a2300000)]
  0x0000014486d2f000 JavaThread "pool-1-thread-32" [_thread_blocked, id=11824, stack(0x00000029a2300000,0x00000029a2400000)]
  0x0000014486d30000 JavaThread "pool-1-thread-33" [_thread_blocked, id=26588, stack(0x00000029a2400000,0x00000029a2500000)]
  0x0000014486d2c800 JavaThread "DestroyJavaVM" [_thread_blocked, id=24296, stack(0x000000299cc00000,0x000000299cd00000)]
  0x0000014486d31000 JavaThread "pool-1-thread-34" [_thread_blocked, id=26136, stack(0x00000029a2500000,0x00000029a2600000)]
  0x0000014486d2b000 JavaThread "pool-1-thread-35" [_thread_in_native, id=21564, stack(0x00000029a2600000,0x00000029a2700000)]
  0x0000014486d2d800 JavaThread "pool-1-thread-36" [_thread_blocked, id=16992, stack(0x00000029a2700000,0x00000029a2800000)]
  0x0000014486d31800 JavaThread "pool-1-thread-37" [_thread_blocked, id=28200, stack(0x00000029a2800000,0x00000029a2900000)]
  0x0000014486d2e800 JavaThread "pool-1-thread-38" [_thread_blocked, id=25444, stack(0x00000029a2900000,0x00000029a2a00000)]
  0x0000014486d2c000 JavaThread "pool-1-thread-39" [_thread_blocked, id=18360, stack(0x00000029a2a00000,0x00000029a2b00000)]
  0x0000014486d36800 JavaThread "pool-1-thread-40" [_thread_blocked, id=5252, stack(0x00000029a2b00000,0x00000029a2c00000)]
  0x0000014486d34000 JavaThread "pool-1-thread-41" [_thread_blocked, id=18992, stack(0x00000029a2c00000,0x00000029a2d00000)]
  0x0000014486d35800 JavaThread "pool-1-thread-42" [_thread_blocked, id=27784, stack(0x00000029a2d00000,0x00000029a2e00000)]
  0x0000014486d37800 JavaThread "pool-1-thread-43" [_thread_blocked, id=27240, stack(0x00000029a2e00000,0x00000029a2f00000)]
  0x0000014486d33800 JavaThread "pool-1-thread-44" [_thread_blocked, id=4672, stack(0x00000029a2f00000,0x00000029a3000000)]
  0x0000014486d35000 JavaThread "pool-1-thread-45" [_thread_blocked, id=22880, stack(0x00000029a3000000,0x00000029a3100000)]
  0x0000014486d38000 JavaThread "pool-1-thread-46" [_thread_blocked, id=18840, stack(0x00000029a3100000,0x00000029a3200000)]
  0x0000014486d32800 JavaThread "pool-1-thread-47" [_thread_blocked, id=27520, stack(0x00000029a3200000,0x00000029a3300000)]
  0x0000014486d39000 JavaThread "pool-1-thread-48" [_thread_blocked, id=13976, stack(0x00000029a3300000,0x00000029a3400000)]
  0x0000014486d3a000 JavaThread "pool-1-thread-49" [_thread_blocked, id=22408, stack(0x00000029a3400000,0x00000029a3500000)]
  0x0000014486692800 JavaThread "pool-1-thread-50" [_thread_blocked, id=23580, stack(0x00000029a3500000,0x00000029a3600000)]

Other Threads:
  0x00000144f47c7000 VMThread "VM Thread" [stack: 0x000000299d200000,0x000000299d300000] [id=10936]
  0x00000144f49db000 WatcherThread [stack: 0x000000299db00000,0x000000299dc00000] [id=25144]
  0x00000144c6d4c000 GCTaskThread "GC Thread#0" [stack: 0x000000299cd00000,0x000000299ce00000] [id=19588]
  0x00000144f538d000 GCTaskThread "GC Thread#1" [stack: 0x000000299e000000,0x000000299e100000] [id=25424]
  0x00000144f5370800 GCTaskThread "GC Thread#2" [stack: 0x000000299e100000,0x000000299e200000] [id=23052]
  0x00000144f5371000 GCTaskThread "GC Thread#3" [stack: 0x000000299e200000,0x000000299e300000] [id=8136]
  0x00000144f5384800 GCTaskThread "GC Thread#4" [stack: 0x000000299e300000,0x000000299e400000] [id=8640]
  0x00000144f5385800 GCTaskThread "GC Thread#5" [stack: 0x000000299e400000,0x000000299e500000] [id=23096]
  0x00000144f538a000 GCTaskThread "GC Thread#6" [stack: 0x000000299e500000,0x000000299e600000] [id=22048]
  0x00000144f5764000 GCTaskThread "GC Thread#7" [stack: 0x000000299e600000,0x000000299e700000] [id=11788]
  0x00000144f576c800 GCTaskThread "GC Thread#8" [stack: 0x000000299e700000,0x000000299e800000] [id=27580]
  0x00000144f5771800 GCTaskThread "GC Thread#9" [stack: 0x000000299e800000,0x000000299e900000] [id=28216]
  0x00000144f5772000 GCTaskThread "GC Thread#10" [stack: 0x000000299e900000,0x000000299ea00000] [id=27136]
  0x00000144872ca000 GCTaskThread "GC Thread#11" [stack: 0x00000029a3600000,0x00000029a3700000] [id=25848]
  0x00000144872ca800 GCTaskThread "GC Thread#12" [stack: 0x00000029a3700000,0x00000029a3800000] [id=20188]
  0x00000144c6dc5000 ConcurrentGCThread "G1 Main Marker" [stack: 0x000000299ce00000,0x000000299cf00000] [id=21400]
  0x00000144c6dc6800 ConcurrentGCThread "G1 Conc#0" [stack: 0x000000299cf00000,0x000000299d000000] [id=26724]
  0x00000144f5873000 ConcurrentGCThread "G1 Conc#1" [stack: 0x000000299ec00000,0x000000299ed00000] [id=27804]
  0x00000144f591b000 ConcurrentGCThread "G1 Conc#2" [stack: 0x000000299ed00000,0x000000299ee00000] [id=16672]
  0x00000144f3e2c800 ConcurrentGCThread "G1 Refine#0" [stack: 0x000000299d000000,0x000000299d100000] [id=17960]
  0x00000144f3e2d800 ConcurrentGCThread "G1 Young RemSet Sampling" [stack: 0x000000299d100000,0x000000299d200000] [id=27844]

Threads with active compile tasks:

VM state:not at safepoint (normal execution)

VM Mutex/Monitor currently owned by a thread: None

Heap address: 0x0000000613a00000, size: 7878 MB, Compressed Oops mode: Zero based, Oop shift amount: 3
Narrow klass base: 0x0000000800000000, Narrow klass shift: 0
Compressed class space size: 1073741824 Address: 0x0000000800000000

Heap:
 garbage-first heap   total 505856K, used 139649K [0x0000000613a00000, 0x0000000800000000)
  region size 2048K, 45 young (92160K), 6 survivors (12288K)
 Metaspace       used 28785K, capacity 29497K, committed 29824K, reserved 1075200K
  class space    used 3020K, capacity 3336K, committed 3456K, reserved 1048576K
Heap Regions: E=young(eden), S=young(survivor), O=old, HS=humongous(starts), HC=humongous(continues), CS=collection set, F=free, A=archive, TAMS=top-at-mark-start (previous, next)
|   0|0x0000000613a00000, 0x0000000613c00000, 0x0000000613c00000|100%|HS|  |TAMS 0x0000000613a00000, 0x0000000613a00000| Complete 
|   1|0x0000000613c00000, 0x0000000613e00000, 0x0000000613e00000|100%|HC|  |TAMS 0x0000000613c00000, 0x0000000613c00000| Complete 
|   2|0x0000000613e00000, 0x0000000614000000, 0x0000000614000000|100%|HC|  |TAMS 0x0000000613e00000, 0x0000000613e00000| Complete 
|   3|0x0000000614000000, 0x0000000614200000, 0x0000000614200000|100%|HC|  |TAMS 0x0000000614000000, 0x0000000614000000| Complete 
|   4|0x0000000614200000, 0x0000000614400000, 0x0000000614400000|100%| O|  |TAMS 0x0000000614200000, 0x0000000614200000| Untracked 
|   5|0x0000000614400000, 0x0000000614600000, 0x0000000614600000|100%| O|  |TAMS 0x0000000614400000, 0x0000000614400000| Untracked 
|   6|0x0000000614600000, 0x0000000614800000, 0x0000000614800000|100%| O|  |TAMS 0x0000000614600000, 0x0000000614600000| Untracked 
|   7|0x0000000614800000, 0x0000000614a00000, 0x0000000614a00000|100%| O|  |TAMS 0x0000000614800000, 0x0000000614800000| Untracked 
|   8|0x0000000614a00000, 0x0000000614c00000, 0x0000000614c00000|100%| O|  |TAMS 0x0000000614a00000, 0x0000000614a00000| Untracked 
|   9|0x0000000614c00000, 0x0000000614e00000, 0x0000000614e00000|100%| O|  |TAMS 0x0000000614c00000, 0x0000000614c00000| Untracked 
|  10|0x0000000614e00000, 0x0000000615000000, 0x0000000615000000|100%| O|  |TAMS 0x0000000614e00000, 0x0000000614e00000| Untracked 
|  11|0x0000000615000000, 0x0000000615200000, 0x0000000615200000|100%| O|  |TAMS 0x0000000615000000, 0x0000000615000000| Untracked 
|  12|0x0000000615200000, 0x0000000615400000, 0x0000000615400000|100%| O|  |TAMS 0x0000000615200000, 0x0000000615200000| Untracked 
|  13|0x0000000615400000, 0x0000000615600000, 0x0000000615600000|100%| O|  |TAMS 0x0000000615400000, 0x0000000615400000| Untracked 
|  14|0x0000000615600000, 0x0000000615800000, 0x0000000615800000|100%| O|  |TAMS 0x0000000615600000, 0x0000000615600000| Untracked 
|  15|0x0000000615800000, 0x0000000615a00000, 0x0000000615a00000|100%| O|  |TAMS 0x0000000615800000, 0x0000000615800000| Untracked 
|  16|0x0000000615a00000, 0x0000000615c00000, 0x0000000615c00000|100%| O|  |TAMS 0x0000000615a00000, 0x0000000615a00000| Untracked 
|  17|0x0000000615c00000, 0x0000000615e00000, 0x0000000615e00000|100%| O|  |TAMS 0x0000000615c00000, 0x0000000615c00000| Untracked 
|  18|0x0000000615e00000, 0x0000000616000000, 0x0000000616000000|100%| O|  |TAMS 0x0000000615e00000, 0x0000000615e00000| Untracked 
|  19|0x0000000616000000, 0x0000000616200000, 0x0000000616200000|100%| O|  |TAMS 0x0000000616000000, 0x0000000616000000| Untracked 
|  20|0x0000000616200000, 0x0000000616260600, 0x0000000616400000| 18%| O|  |TAMS 0x0000000616200000, 0x0000000616200000| Untracked 
|  21|0x0000000616400000, 0x0000000616600000, 0x0000000616600000|100%|HS|  |TAMS 0x0000000616400000, 0x0000000616400000| Complete 
|  22|0x0000000616600000, 0x0000000616800000, 0x0000000616800000|100%|HC|  |TAMS 0x0000000616600000, 0x0000000616600000| Complete 
|  23|0x0000000616800000, 0x0000000616a00000, 0x0000000616a00000|100%|HC|  |TAMS 0x0000000616800000, 0x0000000616800000| Complete 
|  24|0x0000000616a00000, 0x0000000616c00000, 0x0000000616c00000|100%|HC|  |TAMS 0x0000000616a00000, 0x0000000616a00000| Complete 
|  25|0x0000000616c00000, 0x0000000616e00000, 0x0000000616e00000|100%|HC|  |TAMS 0x0000000616c00000, 0x0000000616c00000| Complete 
|  26|0x0000000616e00000, 0x0000000616e00000, 0x0000000617000000|  0%| F|  |TAMS 0x0000000616e00000, 0x0000000616e00000| Untracked 
|  27|0x0000000617000000, 0x0000000617000000, 0x0000000617200000|  0%| F|  |TAMS 0x0000000617000000, 0x0000000617000000| Untracked 
|  28|0x0000000617200000, 0x0000000617200000, 0x0000000617400000|  0%| F|  |TAMS 0x0000000617200000, 0x0000000617200000| Untracked 
|  29|0x0000000617400000, 0x0000000617400000, 0x0000000617600000|  0%| F|  |TAMS 0x0000000617400000, 0x0000000617400000| Untracked 
|  30|0x0000000617600000, 0x0000000617600000, 0x0000000617800000|  0%| F|  |TAMS 0x0000000617600000, 0x0000000617600000| Untracked 
|  31|0x0000000617800000, 0x0000000617800000, 0x0000000617a00000|  0%| F|  |TAMS 0x0000000617800000, 0x0000000617800000| Untracked 
|  32|0x0000000617a00000, 0x0000000617a00000, 0x0000000617c00000|  0%| F|  |TAMS 0x0000000617a00000, 0x0000000617a00000| Untracked 
|  33|0x0000000617c00000, 0x0000000617c00000, 0x0000000617e00000|  0%| F|  |TAMS 0x0000000617c00000, 0x0000000617c00000| Untracked 
|  34|0x0000000617e00000, 0x0000000617e00000, 0x0000000618000000|  0%| F|  |TAMS 0x0000000617e00000, 0x0000000617e00000| Untracked 
|  35|0x0000000618000000, 0x0000000618000000, 0x0000000618200000|  0%| F|  |TAMS 0x0000000618000000, 0x0000000618000000| Untracked 
|  36|0x0000000618200000, 0x0000000618200000, 0x0000000618400000|  0%| F|  |TAMS 0x0000000618200000, 0x0000000618200000| Untracked 
|  37|0x0000000618400000, 0x0000000618400000, 0x0000000618600000|  0%| F|  |TAMS 0x0000000618400000, 0x0000000618400000| Untracked 
|  38|0x0000000618600000, 0x0000000618600000, 0x0000000618800000|  0%| F|  |TAMS 0x0000000618600000, 0x0000000618600000| Untracked 
|  39|0x0000000618800000, 0x0000000618800000, 0x0000000618a00000|  0%| F|  |TAMS 0x0000000618800000, 0x0000000618800000| Untracked 
|  40|0x0000000618a00000, 0x0000000618a00000, 0x0000000618c00000|  0%| F|  |TAMS 0x0000000618a00000, 0x0000000618a00000| Untracked 
|  41|0x0000000618c00000, 0x0000000618c00000, 0x0000000618e00000|  0%| F|  |TAMS 0x0000000618c00000, 0x0000000618c00000| Untracked 
|  42|0x0000000618e00000, 0x0000000618e00000, 0x0000000619000000|  0%| F|  |TAMS 0x0000000618e00000, 0x0000000618e00000| Untracked 
|  43|0x0000000619000000, 0x0000000619000000, 0x0000000619200000|  0%| F|  |TAMS 0x0000000619000000, 0x0000000619000000| Untracked 
|  44|0x0000000619200000, 0x0000000619200000, 0x0000000619400000|  0%| F|  |TAMS 0x0000000619200000, 0x0000000619200000| Untracked 
|  45|0x0000000619400000, 0x0000000619400000, 0x0000000619600000|  0%| F|  |TAMS 0x0000000619400000, 0x0000000619400000| Untracked 
|  46|0x0000000619600000, 0x0000000619600000, 0x0000000619800000|  0%| F|  |TAMS 0x0000000619600000, 0x0000000619600000| Untracked 
|  47|0x0000000619800000, 0x0000000619800000, 0x0000000619a00000|  0%| F|  |TAMS 0x0000000619800000, 0x0000000619800000| Untracked 
|  48|0x0000000619a00000, 0x0000000619a00000, 0x0000000619c00000|  0%| F|  |TAMS 0x0000000619a00000, 0x0000000619a00000| Untracked 
|  49|0x0000000619c00000, 0x0000000619c00000, 0x0000000619e00000|  0%| F|  |TAMS 0x0000000619c00000, 0x0000000619c00000| Untracked 
|  50|0x0000000619e00000, 0x0000000619e00000, 0x000000061a000000|  0%| F|  |TAMS 0x0000000619e00000, 0x0000000619e00000| Untracked 
|  51|0x000000061a000000, 0x000000061a000000, 0x000000061a200000|  0%| F|  |TAMS 0x000000061a000000, 0x000000061a000000| Untracked 
|  52|0x000000061a200000, 0x000000061a200000, 0x000000061a400000|  0%| F|  |TAMS 0x000000061a200000, 0x000000061a200000| Untracked 
|  53|0x000000061a400000, 0x000000061a400000, 0x000000061a600000|  0%| F|  |TAMS 0x000000061a400000, 0x000000061a400000| Untracked 
|  54|0x000000061a600000, 0x000000061a600000, 0x000000061a800000|  0%| F|  |TAMS 0x000000061a600000, 0x000000061a600000| Untracked 
|  55|0x000000061a800000, 0x000000061a800000, 0x000000061aa00000|  0%| F|  |TAMS 0x000000061a800000, 0x000000061a800000| Untracked 
|  56|0x000000061aa00000, 0x000000061aa00000, 0x000000061ac00000|  0%| F|  |TAMS 0x000000061aa00000, 0x000000061aa00000| Untracked 
|  57|0x000000061ac00000, 0x000000061ac00000, 0x000000061ae00000|  0%| F|  |TAMS 0x000000061ac00000, 0x000000061ac00000| Untracked 
|  58|0x000000061ae00000, 0x000000061ae00000, 0x000000061b000000|  0%| F|  |TAMS 0x000000061ae00000, 0x000000061ae00000| Untracked 
|  59|0x000000061b000000, 0x000000061b000000, 0x000000061b200000|  0%| F|  |TAMS 0x000000061b000000, 0x000000061b000000| Untracked 
|  60|0x000000061b200000, 0x000000061b200000, 0x000000061b400000|  0%| F|  |TAMS 0x000000061b200000, 0x000000061b200000| Untracked 
|  61|0x000000061b400000, 0x000000061b400000, 0x000000061b600000|  0%| F|  |TAMS 0x000000061b400000, 0x000000061b400000| Untracked 
|  62|0x000000061b600000, 0x000000061b600000, 0x000000061b800000|  0%| F|  |TAMS 0x000000061b600000, 0x000000061b600000| Untracked 
|  63|0x000000061b800000, 0x000000061b800000, 0x000000061ba00000|  0%| F|  |TAMS 0x000000061b800000, 0x000000061b800000| Untracked 
|  64|0x000000061ba00000, 0x000000061ba00000, 0x000000061bc00000|  0%| F|  |TAMS 0x000000061ba00000, 0x000000061ba00000| Untracked 
|  65|0x000000061bc00000, 0x000000061bc00000, 0x000000061be00000|  0%| F|  |TAMS 0x000000061bc00000, 0x000000061bc00000| Untracked 
|  66|0x000000061be00000, 0x000000061be00000, 0x000000061c000000|  0%| F|  |TAMS 0x000000061be00000, 0x000000061be00000| Untracked 
|  67|0x000000061c000000, 0x000000061c000000, 0x000000061c200000|  0%| F|  |TAMS 0x000000061c000000, 0x000000061c000000| Untracked 
|  68|0x000000061c200000, 0x000000061c200000, 0x000000061c400000|  0%| F|  |TAMS 0x000000061c200000, 0x000000061c200000| Untracked 
|  69|0x000000061c400000, 0x000000061c400000, 0x000000061c600000|  0%| F|  |TAMS 0x000000061c400000, 0x000000061c400000| Untracked 
|  70|0x000000061c600000, 0x000000061c600000, 0x000000061c800000|  0%| F|  |TAMS 0x000000061c600000, 0x000000061c600000| Untracked 
|  71|0x000000061c800000, 0x000000061c800000, 0x000000061ca00000|  0%| F|  |TAMS 0x000000061c800000, 0x000000061c800000| Untracked 
|  72|0x000000061ca00000, 0x000000061ca00000, 0x000000061cc00000|  0%| F|  |TAMS 0x000000061ca00000, 0x000000061ca00000| Untracked 
|  73|0x000000061cc00000, 0x000000061cc00000, 0x000000061ce00000|  0%| F|  |TAMS 0x000000061cc00000, 0x000000061cc00000| Untracked 
|  74|0x000000061ce00000, 0x000000061ce00000, 0x000000061d000000|  0%| F|  |TAMS 0x000000061ce00000, 0x000000061ce00000| Untracked 
|  75|0x000000061d000000, 0x000000061d000000, 0x000000061d200000|  0%| F|  |TAMS 0x000000061d000000, 0x000000061d000000| Untracked 
|  76|0x000000061d200000, 0x000000061d200000, 0x000000061d400000|  0%| F|  |TAMS 0x000000061d200000, 0x000000061d200000| Untracked 
|  77|0x000000061d400000, 0x000000061d400000, 0x000000061d600000|  0%| F|  |TAMS 0x000000061d400000, 0x000000061d400000| Untracked 
|  78|0x000000061d600000, 0x000000061d600000, 0x000000061d800000|  0%| F|  |TAMS 0x000000061d600000, 0x000000061d600000| Untracked 
|  79|0x000000061d800000, 0x000000061d800000, 0x000000061da00000|  0%| F|  |TAMS 0x000000061d800000, 0x000000061d800000| Untracked 
|  80|0x000000061da00000, 0x000000061da00000, 0x000000061dc00000|  0%| F|  |TAMS 0x000000061da00000, 0x000000061da00000| Untracked 
|  81|0x000000061dc00000, 0x000000061dc00000, 0x000000061de00000|  0%| F|  |TAMS 0x000000061dc00000, 0x000000061dc00000| Untracked 
|  82|0x000000061de00000, 0x000000061de00000, 0x000000061e000000|  0%| F|  |TAMS 0x000000061de00000, 0x000000061de00000| Untracked 
|  83|0x000000061e000000, 0x000000061e000000, 0x000000061e200000|  0%| F|  |TAMS 0x000000061e000000, 0x000000061e000000| Untracked 
|  84|0x000000061e200000, 0x000000061e200000, 0x000000061e400000|  0%| F|  |TAMS 0x000000061e200000, 0x000000061e200000| Untracked 
|  85|0x000000061e400000, 0x000000061e400000, 0x000000061e600000|  0%| F|  |TAMS 0x000000061e400000, 0x000000061e400000| Untracked 
|  86|0x000000061e600000, 0x000000061e600000, 0x000000061e800000|  0%| F|  |TAMS 0x000000061e600000, 0x000000061e600000| Untracked 
|  87|0x000000061e800000, 0x000000061e800000, 0x000000061ea00000|  0%| F|  |TAMS 0x000000061e800000, 0x000000061e800000| Untracked 
|  88|0x000000061ea00000, 0x000000061ea00000, 0x000000061ec00000|  0%| F|  |TAMS 0x000000061ea00000, 0x000000061ea00000| Untracked 
|  89|0x000000061ec00000, 0x000000061ec00000, 0x000000061ee00000|  0%| F|  |TAMS 0x000000061ec00000, 0x000000061ec00000| Untracked 
|  90|0x000000061ee00000, 0x000000061ee00000, 0x000000061f000000|  0%| F|  |TAMS 0x000000061ee00000, 0x000000061ee00000| Untracked 
|  91|0x000000061f000000, 0x000000061f000000, 0x000000061f200000|  0%| F|  |TAMS 0x000000061f000000, 0x000000061f000000| Untracked 
|  92|0x000000061f200000, 0x000000061f200000, 0x000000061f400000|  0%| F|  |TAMS 0x000000061f200000, 0x000000061f200000| Untracked 
|  93|0x000000061f400000, 0x000000061f400000, 0x000000061f600000|  0%| F|  |TAMS 0x000000061f400000, 0x000000061f400000| Untracked 
|  94|0x000000061f600000, 0x000000061f600000, 0x000000061f800000|  0%| F|  |TAMS 0x000000061f600000, 0x000000061f600000| Untracked 
|  95|0x000000061f800000, 0x000000061f800000, 0x000000061fa00000|  0%| F|  |TAMS 0x000000061f800000, 0x000000061f800000| Untracked 
|  96|0x000000061fa00000, 0x000000061fa00000, 0x000000061fc00000|  0%| F|  |TAMS 0x000000061fa00000, 0x000000061fa00000| Untracked 
|  97|0x000000061fc00000, 0x000000061fc00000, 0x000000061fe00000|  0%| F|  |TAMS 0x000000061fc00000, 0x000000061fc00000| Untracked 
|  98|0x000000061fe00000, 0x000000061fe00000, 0x0000000620000000|  0%| F|  |TAMS 0x000000061fe00000, 0x000000061fe00000| Untracked 
|  99|0x0000000620000000, 0x0000000620000000, 0x0000000620200000|  0%| F|  |TAMS 0x0000000620000000, 0x0000000620000000| Untracked 
| 100|0x0000000620200000, 0x0000000620200000, 0x0000000620400000|  0%| F|  |TAMS 0x0000000620200000, 0x0000000620200000| Untracked 
| 101|0x0000000620400000, 0x0000000620400000, 0x0000000620600000|  0%| F|  |TAMS 0x0000000620400000, 0x0000000620400000| Untracked 
| 102|0x0000000620600000, 0x0000000620600000, 0x0000000620800000|  0%| F|  |TAMS 0x0000000620600000, 0x0000000620600000| Untracked 
| 103|0x0000000620800000, 0x0000000620800000, 0x0000000620a00000|  0%| F|  |TAMS 0x0000000620800000, 0x0000000620800000| Untracked 
| 104|0x0000000620a00000, 0x0000000620a00000, 0x0000000620c00000|  0%| F|  |TAMS 0x0000000620a00000, 0x0000000620a00000| Untracked 
| 105|0x0000000620c00000, 0x0000000620c00000, 0x0000000620e00000|  0%| F|  |TAMS 0x0000000620c00000, 0x0000000620c00000| Untracked 
| 106|0x0000000620e00000, 0x0000000620e00000, 0x0000000621000000|  0%| F|  |TAMS 0x0000000620e00000, 0x0000000620e00000| Untracked 
| 107|0x0000000621000000, 0x0000000621000000, 0x0000000621200000|  0%| F|  |TAMS 0x0000000621000000, 0x0000000621000000| Untracked 
| 108|0x0000000621200000, 0x0000000621200000, 0x0000000621400000|  0%| F|  |TAMS 0x0000000621200000, 0x0000000621200000| Untracked 
| 109|0x0000000621400000, 0x0000000621400000, 0x0000000621600000|  0%| F|  |TAMS 0x0000000621400000, 0x0000000621400000| Untracked 
| 110|0x0000000621600000, 0x0000000621600000, 0x0000000621800000|  0%| F|  |TAMS 0x0000000621600000, 0x0000000621600000| Untracked 
| 111|0x0000000621800000, 0x0000000621800000, 0x0000000621a00000|  0%| F|  |TAMS 0x0000000621800000, 0x0000000621800000| Untracked 
| 112|0x0000000621a00000, 0x0000000621a00000, 0x0000000621c00000|  0%| F|  |TAMS 0x0000000621a00000, 0x0000000621a00000| Untracked 
| 113|0x0000000621c00000, 0x0000000621c00000, 0x0000000621e00000|  0%| F|  |TAMS 0x0000000621c00000, 0x0000000621c00000| Untracked 
| 114|0x0000000621e00000, 0x0000000621e00000, 0x0000000622000000|  0%| F|  |TAMS 0x0000000621e00000, 0x0000000621e00000| Untracked 
| 115|0x0000000622000000, 0x0000000622000000, 0x0000000622200000|  0%| F|  |TAMS 0x0000000622000000, 0x0000000622000000| Untracked 
| 116|0x0000000622200000, 0x0000000622200000, 0x0000000622400000|  0%| F|  |TAMS 0x0000000622200000, 0x0000000622200000| Untracked 
| 117|0x0000000622400000, 0x0000000622400000, 0x0000000622600000|  0%| F|  |TAMS 0x0000000622400000, 0x0000000622400000| Untracked 
| 118|0x0000000622600000, 0x0000000622600000, 0x0000000622800000|  0%| F|  |TAMS 0x0000000622600000, 0x0000000622600000| Untracked 
| 119|0x0000000622800000, 0x0000000622800000, 0x0000000622a00000|  0%| F|  |TAMS 0x0000000622800000, 0x0000000622800000| Untracked 
| 120|0x0000000622a00000, 0x0000000622a00000, 0x0000000622c00000|  0%| F|  |TAMS 0x0000000622a00000, 0x0000000622a00000| Untracked 
| 121|0x0000000622c00000, 0x0000000622c00000, 0x0000000622e00000|  0%| F|  |TAMS 0x0000000622c00000, 0x0000000622c00000| Untracked 
| 122|0x0000000622e00000, 0x0000000622e00000, 0x0000000623000000|  0%| F|  |TAMS 0x0000000622e00000, 0x0000000622e00000| Untracked 
| 123|0x0000000623000000, 0x0000000623000000, 0x0000000623200000|  0%| F|  |TAMS 0x0000000623000000, 0x0000000623000000| Untracked 
| 124|0x0000000623200000, 0x0000000623200000, 0x0000000623400000|  0%| F|  |TAMS 0x0000000623200000, 0x0000000623200000| Untracked 
| 125|0x0000000623400000, 0x0000000623400000, 0x0000000623600000|  0%| F|  |TAMS 0x0000000623400000, 0x0000000623400000| Untracked 
| 126|0x0000000623600000, 0x0000000623600000, 0x0000000623800000|  0%| F|  |TAMS 0x0000000623600000, 0x0000000623600000| Untracked 
| 127|0x0000000623800000, 0x0000000623800000, 0x0000000623a00000|  0%| F|  |TAMS 0x0000000623800000, 0x0000000623800000| Untracked 
| 128|0x0000000623a00000, 0x0000000623a00000, 0x0000000623c00000|  0%| F|  |TAMS 0x0000000623a00000, 0x0000000623a00000| Untracked 
| 129|0x0000000623c00000, 0x0000000623c00000, 0x0000000623e00000|  0%| F|  |TAMS 0x0000000623c00000, 0x0000000623c00000| Untracked 
| 130|0x0000000623e00000, 0x0000000623e00000, 0x0000000624000000|  0%| F|  |TAMS 0x0000000623e00000, 0x0000000623e00000| Untracked 
| 131|0x0000000624000000, 0x0000000624000000, 0x0000000624200000|  0%| F|  |TAMS 0x0000000624000000, 0x0000000624000000| Untracked 
| 132|0x0000000624200000, 0x0000000624200000, 0x0000000624400000|  0%| F|  |TAMS 0x0000000624200000, 0x0000000624200000| Untracked 
| 133|0x0000000624400000, 0x0000000624400000, 0x0000000624600000|  0%| F|  |TAMS 0x0000000624400000, 0x0000000624400000| Untracked 
| 134|0x0000000624600000, 0x0000000624600000, 0x0000000624800000|  0%| F|  |TAMS 0x0000000624600000, 0x0000000624600000| Untracked 
| 135|0x0000000624800000, 0x0000000624800000, 0x0000000624a00000|  0%| F|  |TAMS 0x0000000624800000, 0x0000000624800000| Untracked 
| 136|0x0000000624a00000, 0x0000000624a00000, 0x0000000624c00000|  0%| F|  |TAMS 0x0000000624a00000, 0x0000000624a00000| Untracked 
| 137|0x0000000624c00000, 0x0000000624c00000, 0x0000000624e00000|  0%| F|  |TAMS 0x0000000624c00000, 0x0000000624c00000| Untracked 
| 138|0x0000000624e00000, 0x0000000624e00000, 0x0000000625000000|  0%| F|  |TAMS 0x0000000624e00000, 0x0000000624e00000| Untracked 
| 139|0x0000000625000000, 0x0000000625000000, 0x0000000625200000|  0%| F|  |TAMS 0x0000000625000000, 0x0000000625000000| Untracked 
| 140|0x0000000625200000, 0x0000000625200000, 0x0000000625400000|  0%| F|  |TAMS 0x0000000625200000, 0x0000000625200000| Untracked 
| 141|0x0000000625400000, 0x0000000625400000, 0x0000000625600000|  0%| F|  |TAMS 0x0000000625400000, 0x0000000625400000| Untracked 
| 142|0x0000000625600000, 0x0000000625600000, 0x0000000625800000|  0%| F|  |TAMS 0x0000000625600000, 0x0000000625600000| Untracked 
| 143|0x0000000625800000, 0x0000000625800000, 0x0000000625a00000|  0%| F|  |TAMS 0x0000000625800000, 0x0000000625800000| Untracked 
| 144|0x0000000625a00000, 0x0000000625a00000, 0x0000000625c00000|  0%| F|  |TAMS 0x0000000625a00000, 0x0000000625a00000| Untracked 
| 145|0x0000000625c00000, 0x0000000625c00000, 0x0000000625e00000|  0%| F|  |TAMS 0x0000000625c00000, 0x0000000625c00000| Untracked 
| 146|0x0000000625e00000, 0x0000000625e00000, 0x0000000626000000|  0%| F|  |TAMS 0x0000000625e00000, 0x0000000625e00000| Untracked 
| 147|0x0000000626000000, 0x0000000626000000, 0x0000000626200000|  0%| F|  |TAMS 0x0000000626000000, 0x0000000626000000| Untracked 
| 148|0x0000000626200000, 0x0000000626200000, 0x0000000626400000|  0%| F|  |TAMS 0x0000000626200000, 0x0000000626200000| Untracked 
| 149|0x0000000626400000, 0x0000000626400000, 0x0000000626600000|  0%| F|  |TAMS 0x0000000626400000, 0x0000000626400000| Untracked 
| 150|0x0000000626600000, 0x0000000626600000, 0x0000000626800000|  0%| F|  |TAMS 0x0000000626600000, 0x0000000626600000| Untracked 
| 151|0x0000000626800000, 0x0000000626800000, 0x0000000626a00000|  0%| F|  |TAMS 0x0000000626800000, 0x0000000626800000| Untracked 
| 152|0x0000000626a00000, 0x0000000626a00000, 0x0000000626c00000|  0%| F|  |TAMS 0x0000000626a00000, 0x0000000626a00000| Untracked 
| 153|0x0000000626c00000, 0x0000000626c00000, 0x0000000626e00000|  0%| F|  |TAMS 0x0000000626c00000, 0x0000000626c00000| Untracked 
| 154|0x0000000626e00000, 0x0000000626e00000, 0x0000000627000000|  0%| F|  |TAMS 0x0000000626e00000, 0x0000000626e00000| Untracked 
| 155|0x0000000627000000, 0x0000000627000000, 0x0000000627200000|  0%| F|  |TAMS 0x0000000627000000, 0x0000000627000000| Untracked 
| 156|0x0000000627200000, 0x0000000627200000, 0x0000000627400000|  0%| F|  |TAMS 0x0000000627200000, 0x0000000627200000| Untracked 
| 157|0x0000000627400000, 0x0000000627400000, 0x0000000627600000|  0%| F|  |TAMS 0x0000000627400000, 0x0000000627400000| Untracked 
| 158|0x0000000627600000, 0x0000000627600000, 0x0000000627800000|  0%| F|  |TAMS 0x0000000627600000, 0x0000000627600000| Untracked 
| 159|0x0000000627800000, 0x0000000627800000, 0x0000000627a00000|  0%| F|  |TAMS 0x0000000627800000, 0x0000000627800000| Untracked 
| 160|0x0000000627a00000, 0x0000000627a00000, 0x0000000627c00000|  0%| F|  |TAMS 0x0000000627a00000, 0x0000000627a00000| Untracked 
| 161|0x0000000627c00000, 0x0000000627c00000, 0x0000000627e00000|  0%| F|  |TAMS 0x0000000627c00000, 0x0000000627c00000| Untracked 
| 162|0x0000000627e00000, 0x0000000627e00000, 0x0000000628000000|  0%| F|  |TAMS 0x0000000627e00000, 0x0000000627e00000| Untracked 
| 163|0x0000000628000000, 0x0000000628000000, 0x0000000628200000|  0%| F|  |TAMS 0x0000000628000000, 0x0000000628000000| Untracked 
| 164|0x0000000628200000, 0x0000000628200000, 0x0000000628400000|  0%| F|  |TAMS 0x0000000628200000, 0x0000000628200000| Untracked 
| 165|0x0000000628400000, 0x0000000628400000, 0x0000000628600000|  0%| F|  |TAMS 0x0000000628400000, 0x0000000628400000| Untracked 
| 166|0x0000000628600000, 0x0000000628600000, 0x0000000628800000|  0%| F|  |TAMS 0x0000000628600000, 0x0000000628600000| Untracked 
| 167|0x0000000628800000, 0x0000000628800000, 0x0000000628a00000|  0%| F|  |TAMS 0x0000000628800000, 0x0000000628800000| Untracked 
| 168|0x0000000628a00000, 0x0000000628a00000, 0x0000000628c00000|  0%| F|  |TAMS 0x0000000628a00000, 0x0000000628a00000| Untracked 
| 169|0x0000000628c00000, 0x0000000628c00000, 0x0000000628e00000|  0%| F|  |TAMS 0x0000000628c00000, 0x0000000628c00000| Untracked 
| 170|0x0000000628e00000, 0x0000000628e00000, 0x0000000629000000|  0%| F|  |TAMS 0x0000000628e00000, 0x0000000628e00000| Untracked 
| 171|0x0000000629000000, 0x0000000629000000, 0x0000000629200000|  0%| F|  |TAMS 0x0000000629000000, 0x0000000629000000| Untracked 
| 172|0x0000000629200000, 0x0000000629200000, 0x0000000629400000|  0%| F|  |TAMS 0x0000000629200000, 0x0000000629200000| Untracked 
| 173|0x0000000629400000, 0x0000000629400000, 0x0000000629600000|  0%| F|  |TAMS 0x0000000629400000, 0x0000000629400000| Untracked 
| 174|0x0000000629600000, 0x0000000629600000, 0x0000000629800000|  0%| F|  |TAMS 0x0000000629600000, 0x0000000629600000| Untracked 
| 175|0x0000000629800000, 0x0000000629800000, 0x0000000629a00000|  0%| F|  |TAMS 0x0000000629800000, 0x0000000629800000| Untracked 
| 176|0x0000000629a00000, 0x0000000629a00000, 0x0000000629c00000|  0%| F|  |TAMS 0x0000000629a00000, 0x0000000629a00000| Untracked 
| 177|0x0000000629c00000, 0x0000000629c00000, 0x0000000629e00000|  0%| F|  |TAMS 0x0000000629c00000, 0x0000000629c00000| Untracked 
| 178|0x0000000629e00000, 0x0000000629e00000, 0x000000062a000000|  0%| F|  |TAMS 0x0000000629e00000, 0x0000000629e00000| Untracked 
| 179|0x000000062a000000, 0x000000062a000000, 0x000000062a200000|  0%| F|  |TAMS 0x000000062a000000, 0x000000062a000000| Untracked 
| 180|0x000000062a200000, 0x000000062a200000, 0x000000062a400000|  0%| F|  |TAMS 0x000000062a200000, 0x000000062a200000| Untracked 
| 181|0x000000062a400000, 0x000000062a400000, 0x000000062a600000|  0%| F|  |TAMS 0x000000062a400000, 0x000000062a400000| Untracked 
| 182|0x000000062a600000, 0x000000062a600000, 0x000000062a800000|  0%| F|  |TAMS 0x000000062a600000, 0x000000062a600000| Untracked 
| 183|0x000000062a800000, 0x000000062a800000, 0x000000062aa00000|  0%| F|  |TAMS 0x000000062a800000, 0x000000062a800000| Untracked 
| 184|0x000000062aa00000, 0x000000062aa00000, 0x000000062ac00000|  0%| F|  |TAMS 0x000000062aa00000, 0x000000062aa00000| Untracked 
| 185|0x000000062ac00000, 0x000000062ac00000, 0x000000062ae00000|  0%| F|  |TAMS 0x000000062ac00000, 0x000000062ac00000| Untracked 
| 186|0x000000062ae00000, 0x000000062ae00000, 0x000000062b000000|  0%| F|  |TAMS 0x000000062ae00000, 0x000000062ae00000| Untracked 
| 187|0x000000062b000000, 0x000000062b000000, 0x000000062b200000|  0%| F|  |TAMS 0x000000062b000000, 0x000000062b000000| Untracked 
| 188|0x000000062b200000, 0x000000062b200000, 0x000000062b400000|  0%| F|  |TAMS 0x000000062b200000, 0x000000062b200000| Untracked 
| 189|0x000000062b400000, 0x000000062b400000, 0x000000062b600000|  0%| F|  |TAMS 0x000000062b400000, 0x000000062b400000| Untracked 
| 190|0x000000062b600000, 0x000000062b600000, 0x000000062b800000|  0%| F|  |TAMS 0x000000062b600000, 0x000000062b600000| Untracked 
| 191|0x000000062b800000, 0x000000062b800000, 0x000000062ba00000|  0%| F|  |TAMS 0x000000062b800000, 0x000000062b800000| Untracked 
| 192|0x000000062ba00000, 0x000000062ba00000, 0x000000062bc00000|  0%| F|  |TAMS 0x000000062ba00000, 0x000000062ba00000| Untracked 
| 193|0x000000062bc00000, 0x000000062be00000, 0x000000062be00000|100%| S|CS|TAMS 0x000000062bc00000, 0x000000062bc00000| Complete 
| 194|0x000000062be00000, 0x000000062c000000, 0x000000062c000000|100%| S|CS|TAMS 0x000000062be00000, 0x000000062be00000| Complete 
| 195|0x000000062c000000, 0x000000062c200000, 0x000000062c200000|100%| S|CS|TAMS 0x000000062c000000, 0x000000062c000000| Complete 
| 196|0x000000062c200000, 0x000000062c400000, 0x000000062c400000|100%| S|CS|TAMS 0x000000062c200000, 0x000000062c200000| Complete 
| 197|0x000000062c400000, 0x000000062c400000, 0x000000062c600000|  0%| F|  |TAMS 0x000000062c400000, 0x000000062c400000| Untracked 
| 198|0x000000062c600000, 0x000000062c600000, 0x000000062c800000|  0%| F|  |TAMS 0x000000062c600000, 0x000000062c600000| Untracked 
| 199|0x000000062c800000, 0x000000062c800000, 0x000000062ca00000|  0%| F|  |TAMS 0x000000062c800000, 0x000000062c800000| Untracked 
| 200|0x000000062ca00000, 0x000000062ca00000, 0x000000062cc00000|  0%| F|  |TAMS 0x000000062ca00000, 0x000000062ca00000| Untracked 
| 201|0x000000062cc00000, 0x000000062cc00000, 0x000000062ce00000|  0%| F|  |TAMS 0x000000062cc00000, 0x000000062cc00000| Untracked 
| 202|0x000000062ce00000, 0x000000062ce00000, 0x000000062d000000|  0%| F|  |TAMS 0x000000062ce00000, 0x000000062ce00000| Untracked 
| 203|0x000000062d000000, 0x000000062d200000, 0x000000062d200000|100%| S|CS|TAMS 0x000000062d000000, 0x000000062d000000| Complete 
| 204|0x000000062d200000, 0x000000062d400000, 0x000000062d400000|100%| S|CS|TAMS 0x000000062d200000, 0x000000062d200000| Complete 
| 205|0x000000062d400000, 0x000000062d400000, 0x000000062d600000|  0%| F|  |TAMS 0x000000062d400000, 0x000000062d400000| Untracked 
| 206|0x000000062d600000, 0x000000062d600000, 0x000000062d800000|  0%| F|  |TAMS 0x000000062d600000, 0x000000062d600000| Untracked 
| 207|0x000000062d800000, 0x000000062d800000, 0x000000062da00000|  0%| F|  |TAMS 0x000000062d800000, 0x000000062d800000| Untracked 
| 208|0x000000062da00000, 0x000000062dac3598, 0x000000062dc00000| 38%| E|  |TAMS 0x000000062da00000, 0x000000062da00000| Complete 
| 209|0x000000062dc00000, 0x000000062de00000, 0x000000062de00000|100%| E|CS|TAMS 0x000000062dc00000, 0x000000062dc00000| Complete 
| 210|0x000000062de00000, 0x000000062e000000, 0x000000062e000000|100%| E|CS|TAMS 0x000000062de00000, 0x000000062de00000| Complete 
| 211|0x000000062e000000, 0x000000062e200000, 0x000000062e200000|100%| E|CS|TAMS 0x000000062e000000, 0x000000062e000000| Complete 
| 212|0x000000062e200000, 0x000000062e400000, 0x000000062e400000|100%| E|CS|TAMS 0x000000062e200000, 0x000000062e200000| Complete 
| 213|0x000000062e400000, 0x000000062e600000, 0x000000062e600000|100%| E|CS|TAMS 0x000000062e400000, 0x000000062e400000| Complete 
| 214|0x000000062e600000, 0x000000062e800000, 0x000000062e800000|100%| E|CS|TAMS 0x000000062e600000, 0x000000062e600000| Complete 
| 215|0x000000062e800000, 0x000000062ea00000, 0x000000062ea00000|100%| E|CS|TAMS 0x000000062e800000, 0x000000062e800000| Complete 
| 216|0x000000062ea00000, 0x000000062ec00000, 0x000000062ec00000|100%| E|CS|TAMS 0x000000062ea00000, 0x000000062ea00000| Complete 
| 217|0x000000062ec00000, 0x000000062ee00000, 0x000000062ee00000|100%| E|CS|TAMS 0x000000062ec00000, 0x000000062ec00000| Complete 
| 218|0x000000062ee00000, 0x000000062f000000, 0x000000062f000000|100%| E|CS|TAMS 0x000000062ee00000, 0x000000062ee00000| Complete 
| 219|0x000000062f000000, 0x000000062f200000, 0x000000062f200000|100%| E|CS|TAMS 0x000000062f000000, 0x000000062f000000| Complete 
| 220|0x000000062f200000, 0x000000062f400000, 0x000000062f400000|100%| E|CS|TAMS 0x000000062f200000, 0x000000062f200000| Complete 
| 221|0x000000062f400000, 0x000000062f600000, 0x000000062f600000|100%| E|CS|TAMS 0x000000062f400000, 0x000000062f400000| Complete 
| 222|0x000000062f600000, 0x000000062f800000, 0x000000062f800000|100%| E|CS|TAMS 0x000000062f600000, 0x000000062f600000| Complete 
| 223|0x000000062f800000, 0x000000062fa00000, 0x000000062fa00000|100%| E|CS|TAMS 0x000000062f800000, 0x000000062f800000| Complete 
| 224|0x000000062fa00000, 0x000000062fc00000, 0x000000062fc00000|100%| E|CS|TAMS 0x000000062fa00000, 0x000000062fa00000| Complete 
| 225|0x000000062fc00000, 0x000000062fe00000, 0x000000062fe00000|100%| E|CS|TAMS 0x000000062fc00000, 0x000000062fc00000| Complete 
| 226|0x000000062fe00000, 0x0000000630000000, 0x0000000630000000|100%| E|CS|TAMS 0x000000062fe00000, 0x000000062fe00000| Complete 
| 227|0x0000000630000000, 0x0000000630200000, 0x0000000630200000|100%| E|CS|TAMS 0x0000000630000000, 0x0000000630000000| Complete 
| 228|0x0000000630200000, 0x0000000630400000, 0x0000000630400000|100%| E|CS|TAMS 0x0000000630200000, 0x0000000630200000| Complete 
| 229|0x0000000630400000, 0x0000000630600000, 0x0000000630600000|100%| E|  |TAMS 0x0000000630400000, 0x0000000630400000| Complete 
| 230|0x0000000630600000, 0x0000000630800000, 0x0000000630800000|100%| E|CS|TAMS 0x0000000630600000, 0x0000000630600000| Complete 
| 231|0x0000000630800000, 0x0000000630a00000, 0x0000000630a00000|100%| E|CS|TAMS 0x0000000630800000, 0x0000000630800000| Complete 
| 232|0x0000000630a00000, 0x0000000630c00000, 0x0000000630c00000|100%| E|CS|TAMS 0x0000000630a00000, 0x0000000630a00000| Complete 
| 233|0x0000000630c00000, 0x0000000630e00000, 0x0000000630e00000|100%| E|CS|TAMS 0x0000000630c00000, 0x0000000630c00000| Complete 
| 234|0x0000000630e00000, 0x0000000631000000, 0x0000000631000000|100%| E|CS|TAMS 0x0000000630e00000, 0x0000000630e00000| Complete 
| 235|0x0000000631000000, 0x0000000631200000, 0x0000000631200000|100%| E|CS|TAMS 0x0000000631000000, 0x0000000631000000| Complete 
| 236|0x0000000631200000, 0x0000000631400000, 0x0000000631400000|100%| E|CS|TAMS 0x0000000631200000, 0x0000000631200000| Complete 
| 237|0x0000000631400000, 0x0000000631600000, 0x0000000631600000|100%| E|CS|TAMS 0x0000000631400000, 0x0000000631400000| Complete 
| 238|0x0000000631600000, 0x0000000631800000, 0x0000000631800000|100%| E|CS|TAMS 0x0000000631600000, 0x0000000631600000| Complete 
| 239|0x0000000631800000, 0x0000000631a00000, 0x0000000631a00000|100%| E|CS|TAMS 0x0000000631800000, 0x0000000631800000| Complete 
| 240|0x0000000631a00000, 0x0000000631c00000, 0x0000000631c00000|100%| E|CS|TAMS 0x0000000631a00000, 0x0000000631a00000| Complete 
| 241|0x0000000631c00000, 0x0000000631e00000, 0x0000000631e00000|100%| E|CS|TAMS 0x0000000631c00000, 0x0000000631c00000| Complete 
| 242|0x0000000631e00000, 0x0000000632000000, 0x0000000632000000|100%| E|CS|TAMS 0x0000000631e00000, 0x0000000631e00000| Complete 
| 243|0x0000000632000000, 0x0000000632200000, 0x0000000632200000|100%| E|CS|TAMS 0x0000000632000000, 0x0000000632000000| Complete 
| 244|0x0000000632200000, 0x0000000632400000, 0x0000000632400000|100%| E|CS|TAMS 0x0000000632200000, 0x0000000632200000| Complete 
| 245|0x0000000632400000, 0x0000000632600000, 0x0000000632600000|100%| E|CS|TAMS 0x0000000632400000, 0x0000000632400000| Complete 
| 246|0x0000000632600000, 0x0000000632800000, 0x0000000632800000|100%| E|CS|TAMS 0x0000000632600000, 0x0000000632600000| Complete 

Card table byte_map: [0x00000144df830000,0x00000144e07a0000] _byte_map_base: 0x00000144dc793000

Marking Bits (Prev, Next): (CMBitMap*) 0x00000144c6db4e50, (CMBitMap*) 0x00000144c6db4e18
 Prev Bits: [0x00000144e9230000, 0x00000144f0d48000)
 Next Bits: [0x00000144e1710000, 0x00000144e9228000)

Polling page: 0x00000144c6460000

Metaspace:

Usage:
  Non-class:     25.55 MB capacity,    25.16 MB ( 98%) used,   316.96 KB (  1%) free+waste,    79.00 KB ( <1%) overhead. 
      Class:      3.26 MB capacity,     2.95 MB ( 91%) used,   274.98 KB (  8%) free+waste,    40.63 KB (  1%) overhead. 
       Both:     28.81 MB capacity,    28.11 MB ( 98%) used,   591.94 KB (  2%) free+waste,   119.63 KB ( <1%) overhead. 

Virtual space:
  Non-class space:       26.00 MB reserved,      25.75 MB (>99%) committed 
      Class space:        1.00 GB reserved,       3.38 MB ( <1%) committed 
             Both:        1.03 GB reserved,      29.13 MB (  3%) committed 

Chunk freelists:
   Non-Class:  1.88 KB
       Class:  0 bytes
        Both:  1.88 KB

CodeHeap 'non-profiled nmethods': size=119168Kb used=1665Kb max_used=1808Kb free=117502Kb
 bounds [0x00000144d6be0000, 0x00000144d6e50000, 0x00000144de040000]
CodeHeap 'profiled nmethods': size=119168Kb used=6266Kb max_used=7421Kb free=112901Kb
 bounds [0x00000144cf780000, 0x00000144cfed0000, 0x00000144d6be0000]
CodeHeap 'non-nmethods': size=7424Kb used=2975Kb max_used=3001Kb free=4448Kb
 bounds [0x00000144cf040000, 0x00000144cf340000, 0x00000144cf780000]
 total_blobs=5200 nmethods=3204 adapters=587
 compilation: enabled
              stopped_count=0, restarted_count=0
 full_count=0

Compilation events (10 events):
Event: 4.566 Thread 0x00000144f4809800 nmethod 3550 0x00000144cf780b10 code [0x00000144cf780cc0, 0x00000144cf780e18]
Event: 4.566 Thread 0x00000144f5750800 nmethod 3548 0x00000144cf781c10 code [0x00000144cf781de0, 0x00000144cf782050]
Event: 4.566 Thread 0x00000144f4ca4000 nmethod 3549 0x00000144cf781290 code [0x00000144cf781480, 0x00000144cf7819e0]
Event: 4.569 Thread 0x00000144f4859800 nmethod 3545 0x00000144d6c1ab10 code [0x00000144d6c1ace0, 0x00000144d6c1b1a8]
Event: 4.586 Thread 0x00000144f4859800 3551       4       sun.java2d.SurfaceData::getSourceSurfaceData (110 bytes)
Event: 4.591 Thread 0x00000144f4859800 nmethod 3551 0x00000144d6c5cd10 code [0x00000144d6c5cf60, 0x00000144d6c5d6a0]
Event: 4.594 Thread 0x00000144f4859800 3552       4       java.security.MessageDigest$Delegate::engineUpdate (11 bytes)
Event: 4.600 Thread 0x00000144f4859800 nmethod 3552 0x00000144d6c64910 code [0x00000144d6c64b20, 0x00000144d6c655c0]
Event: 4.600 Thread 0x00000144f4859800 3553       4       java.util.concurrent.locks.ReentrantLock::unlock (10 bytes)
Event: 4.603 Thread 0x00000144f4859800 nmethod 3553 0x00000144d6bf2690 code [0x00000144d6bf2840, 0x00000144d6bf2a68]

GC Heap History (8 events):
Event: 0.506 GC heap before
{Heap before GC invocations=0 (full 0):
 garbage-first heap   total 505856K, used 24576K [0x0000000613a00000, 0x0000000800000000)
  region size 2048K, 12 young (24576K), 0 survivors (0K)
 Metaspace       used 15177K, capacity 15444K, committed 15488K, reserved 1062912K
  class space    used 1524K, capacity 1636K, committed 1664K, reserved 1048576K
}
Event: 0.511 GC heap after
{Heap after GC invocations=1 (full 0):
 garbage-first heap   total 505856K, used 3125K [0x0000000613a00000, 0x0000000800000000)
  region size 2048K, 2 young (4096K), 2 survivors (4096K)
 Metaspace       used 15177K, capacity 15444K, committed 15488K, reserved 1062912K
  class space    used 1524K, capacity 1636K, committed 1664K, reserved 1048576K
}
Event: 1.327 GC heap before
{Heap before GC invocations=1 (full 0):
 garbage-first heap   total 505856K, used 25653K [0x0000000613a00000, 0x0000000800000000)
  region size 2048K, 14 young (28672K), 2 survivors (4096K)
 Metaspace       used 20858K, capacity 21190K, committed 21248K, reserved 1069056K
  class space    used 2150K, capacity 2285K, committed 2304K, reserved 1048576K
}
Event: 1.335 GC heap after
{Heap after GC invocations=2 (full 0):
 garbage-first heap   total 505856K, used 10240K [0x0000000613a00000, 0x0000000800000000)
  region size 2048K, 5 young (10240K), 5 survivors (10240K)
 Metaspace       used 20858K, capacity 21190K, committed 21248K, reserved 1069056K
  class space    used 2150K, capacity 2285K, committed 2304K, reserved 1048576K
}
Event: 2.484 GC heap before
{Heap before GC invocations=3 (full 0):
 garbage-first heap   total 505856K, used 96256K [0x0000000613a00000, 0x0000000800000000)
  region size 2048K, 44 young (90112K), 5 survivors (10240K)
 Metaspace       used 26930K, capacity 27521K, committed 27776K, reserved 1073152K
  class space    used 2880K, capacity 3145K, committed 3200K, reserved 1048576K
}
Event: 2.492 GC heap after
{Heap after GC invocations=4 (full 0):
 garbage-first heap   total 505856K, used 30367K [0x0000000613a00000, 0x0000000800000000)
  region size 2048K, 6 young (12288K), 6 survivors (12288K)
 Metaspace       used 26930K, capacity 27521K, committed 27776K, reserved 1073152K
  class space    used 2880K, capacity 3145K, committed 3200K, reserved 1048576K
}
Event: 3.639 GC heap before
{Heap before GC invocations=4 (full 0):
 garbage-first heap   total 505856K, used 112287K [0x0000000613a00000, 0x0000000800000000)
  region size 2048K, 48 young (98304K), 6 survivors (12288K)
 Metaspace       used 28583K, capacity 29301K, committed 29568K, reserved 1075200K
  class space    used 3010K, capacity 3336K, committed 3456K, reserved 1048576K
}
Event: 3.647 GC heap after
{Heap after GC invocations=5 (full 0):
 garbage-first heap   total 505856K, used 53633K [0x0000000613a00000, 0x0000000800000000)
  region size 2048K, 6 young (12288K), 6 survivors (12288K)
 Metaspace       used 28583K, capacity 29301K, committed 29568K, reserved 1075200K
  class space    used 3010K, capacity 3336K, committed 3456K, reserved 1048576K
}

Deoptimization events (10 events):
Event: 4.533 Thread 0x0000014486d2d800 Uncommon trap: reason=unstable_if action=reinterpret pc=0x00000144d6d40724 method=sun.java2d.loops.RenderCache$Entry.matches(Lsun/java2d/loops/SurfaceType;Lsun/java2d/loops/CompositeType;Lsun/java2d/loops/SurfaceType;)Z @ 21 c2
Event: 4.533 Thread 0x0000014486d2d800 Uncommon trap: reason=unstable_if action=reinterpret pc=0x00000144d6d48b0c method=sun.java2d.loops.TransformHelper.getFromCache(Lsun/java2d/loops/SurfaceType;)Lsun/java2d/loops/TransformHelper; @ 11 c2
Event: 4.533 Thread 0x0000014486d2d800 Uncommon trap: reason=unstable_if action=reinterpret pc=0x00000144d6d33028 method=sun.java2d.loops.RenderCache$Entry.matches(Lsun/java2d/loops/SurfaceType;Lsun/java2d/loops/CompositeType;Lsun/java2d/loops/SurfaceType;)Z @ 21 c2
Event: 4.543 Thread 0x0000014486d2d800 Uncommon trap: reason=unstable_if action=reinterpret pc=0x00000144d6d54368 method=sun.java2d.SunGraphics2D.drawHiDPIImage(Ljava/awt/Image;IIIIIIIILjava/awt/Color;Ljava/awt/image/ImageObserver;Ljava/awt/geom/AffineTransform;)Ljava/lang/Boolean; @ 4 c2
Event: 4.543 Thread 0x0000014486d2d800 Uncommon trap: reason=class_check action=maybe_recompile pc=0x00000144d6d34e6c method=sun.java2d.SurfaceData.getSourceSurfaceData(Ljava/awt/Image;ILsun/java2d/loops/CompositeType;Ljava/awt/Color;)Lsun/java2d/SurfaceData; @ 8 c2
Event: 4.549 Thread 0x00000144f5d73800 Uncommon trap: reason=unstable_if action=reinterpret pc=0x00000144d6d3e36c method=sun.java2d.loops.RenderCache$Entry.matches(Lsun/java2d/loops/SurfaceType;Lsun/java2d/loops/CompositeType;Lsun/java2d/loops/SurfaceType;)Z @ 21 c2
Event: 4.558 Thread 0x00000144f5d73800 Uncommon trap: reason=class_check action=maybe_recompile pc=0x00000144d6d34e6c method=sun.java2d.SurfaceData.getSourceSurfaceData(Ljava/awt/Image;ILsun/java2d/loops/CompositeType;Ljava/awt/Color;)Lsun/java2d/SurfaceData; @ 8 c2
Event: 4.563 Thread 0x00000144f5d75800 Uncommon trap: reason=unstable_if action=reinterpret pc=0x00000144d6c0e7ac method=java.lang.AbstractStringBuilder.append(Ljava/lang/String;)Ljava/lang/AbstractStringBuilder; @ 1 c2
Event: 4.574 Thread 0x00000144f5e09000 Uncommon trap: reason=class_check action=maybe_recompile pc=0x00000144d6d34e6c method=sun.java2d.SurfaceData.getSourceSurfaceData(Ljava/awt/Image;ILsun/java2d/loops/CompositeType;Ljava/awt/Color;)Lsun/java2d/SurfaceData; @ 8 c2
Event: 4.584 Thread 0x00000144f5e08000 Uncommon trap: reason=class_check action=maybe_recompile pc=0x00000144d6d34e6c method=sun.java2d.SurfaceData.getSourceSurfaceData(Ljava/awt/Image;ILsun/java2d/loops/CompositeType;Ljava/awt/Color;)Lsun/java2d/SurfaceData; @ 8 c2

Classes redefined (0 events):
No events

Internal exceptions (10 events):
Event: 4.511 Thread 0x00000144f5d73000 Exception <a 'java/io/IOException'{0x000000062e045b00}: Stream Closed> (0x000000062e045b00) thrown at [c:/sb/prod/1680893669/workspace/open/src/hotspot/share/prims/jni.cpp, line 636]
Event: 4.513 Thread 0x00000144f5d73000 Implicit null exception at 0x00000144d6c9b851 to 0x00000144d6c9c7d5
Event: 4.523 Thread 0x00000144f5d73000 Implicit null exception at 0x00000144d6c081f7 to 0x00000144d6c08702
Event: 4.563 Thread 0x00000144f5d75800 Implicit null exception at 0x00000144d6c0e274 to 0x00000144d6c0e792
Event: 4.609 Thread 0x00000144f5d72000 Exception <a 'java/io/FileNotFoundException'{0x000000062e3ed500}> (0x000000062e3ed500) thrown at [c:/sb/prod/1680893669/workspace/open/src/hotspot/share/prims/jni.cpp, line 615]
Event: 4.609 Thread 0x00000144f5d72000 Implicit null exception at 0x00000144cfc71e37 to 0x00000144cfc73261
Event: 4.609 Thread 0x00000144f5d72000 Exception <a 'java/lang/NullPointerException'{0x000000062e3edab8}> (0x000000062e3edab8) thrown at [c:/sb/prod/1680893669/workspace/open/src/hotspot/share/runtime/sharedRuntime.cpp, line 584]
Event: 4.610 Thread 0x00000144f5d72000 Exception <a 'java/io/FileNotFoundException'{0x000000062e3ee900}> (0x000000062e3ee900) thrown at [c:/sb/prod/1680893669/workspace/open/src/hotspot/share/prims/jni.cpp, line 615]
Event: 4.610 Thread 0x00000144f5d72000 Implicit null exception at 0x00000144cfc71e37 to 0x00000144cfc73261
Event: 4.610 Thread 0x00000144f5d72000 Exception <a 'java/lang/NullPointerException'{0x000000062e3ef160}> (0x000000062e3ef160) thrown at [c:/sb/prod/1680893669/workspace/open/src/hotspot/share/runtime/sharedRuntime.cpp, line 584]

Events (10 events):
Event: 4.584 Thread 0x00000144f5e08000 DEOPT PACKING pc=0x00000144d6d34e6c sp=0x00000029a22fce30
Event: 4.584 Thread 0x00000144f5e08000 DEOPT UNPACKING pc=0x00000144cf0691af sp=0x00000029a22fce08 mode 2
Event: 4.609 Executing VM operation: RevokeBias
Event: 4.609 Executing VM operation: RevokeBias done
Event: 4.609 loading class java/awt/FontFormatException
Event: 4.609 loading class java/awt/FontFormatException done
Event: 4.610 loading class java/nio/channels/ClosedChannelException
Event: 4.610 loading class java/nio/channels/ClosedChannelException done
Event: 4.610 loading class sun/font/NullFontScaler
Event: 4.610 loading class sun/font/NullFontScaler done


Dynamic libraries:
0x00007ff648670000 - 0x00007ff6486b5000 	D:\Development\Programs\jdk-11.0.0.1\bin\javaw.exe
0x00007ffd7e510000 - 0x00007ffd7e707000 	C:\Windows\SYSTEM32\ntdll.dll
0x00007ffd7c610000 - 0x00007ffd7c6cd000 	C:\Windows\System32\KERNEL32.DLL
0x00007ffd7c130000 - 0x00007ffd7c426000 	C:\Windows\System32\KERNELBASE.dll
0x0000000060bc0000 - 0x0000000060c5d000 	C:\ProgramData\Symantec\Symantec Endpoint Protection\14.3.9225.6000.105\Data\Sysfer\x64\sysfer.dll
0x00007ffd7d890000 - 0x00007ffd7da2e000 	C:\Windows\System32\USER32.dll
0x00007ffd7bd10000 - 0x00007ffd7bd32000 	C:\Windows\System32\win32u.dll
0x00007ffd7dbe0000 - 0x00007ffd7dc0c000 	C:\Windows\System32\GDI32.dll
0x00007ffd7bbf0000 - 0x00007ffd7bd0a000 	C:\Windows\System32\gdi32full.dll
0x00007ffd7bf60000 - 0x00007ffd7bffd000 	C:\Windows\System32\msvcp_win.dll
0x00007ffd7c030000 - 0x00007ffd7c130000 	C:\Windows\System32\ucrtbase.dll
0x00007ffd5e1c0000 - 0x00007ffd5e45a000 	C:\Windows\WinSxS\amd64_microsoft.windows.common-controls_6595b64144ccf1df_6.0.19041.3570_none_60bb2a3971f3e41a\COMCTL32.dll
0x00007ffd7e200000 - 0x00007ffd7e29e000 	C:\Windows\System32\msvcrt.dll
0x00007ffd7cec0000 - 0x00007ffd7cef0000 	C:\Windows\System32\IMM32.DLL
0x00007ffd72f80000 - 0x00007ffd72f96000 	D:\Development\Programs\jdk-11.0.0.1\bin\vcruntime140.dll
0x00007ffd4a910000 - 0x00007ffd4a9ba000 	D:\Development\Programs\jdk-11.0.0.1\bin\msvcp140.dll
0x00007ffd2be10000 - 0x00007ffd2c953000 	D:\Development\Programs\jdk-11.0.0.1\bin\server\jvm.dll
0x00007ffd7d580000 - 0x00007ffd7d62e000 	C:\Windows\System32\ADVAPI32.dll
0x00007ffd7c6d0000 - 0x00007ffd7c76c000 	C:\Windows\System32\sechost.dll
0x00007ffd7e2a0000 - 0x00007ffd7e3c6000 	C:\Windows\System32\RPCRT4.dll
0x00007ffd7c570000 - 0x00007ffd7c578000 	C:\Windows\System32\PSAPI.DLL
0x00007ffd66c30000 - 0x00007ffd66c39000 	C:\Windows\SYSTEM32\WSOCK32.dll
0x00007ffd7d630000 - 0x00007ffd7d69b000 	C:\Windows\System32\WS2_32.dll
0x00007ffd79e90000 - 0x00007ffd79eb7000 	C:\Windows\SYSTEM32\WINMM.dll
0x00007ffd6efe0000 - 0x00007ffd6efea000 	C:\Windows\SYSTEM32\VERSION.dll
0x00007ffd7a370000 - 0x00007ffd7a382000 	C:\Windows\SYSTEM32\kernel.appcore.dll
0x00007ffd72f60000 - 0x00007ffd72f71000 	D:\Development\Programs\jdk-11.0.0.1\bin\verify.dll
0x00007ffd79c20000 - 0x00007ffd79e04000 	C:\Windows\SYSTEM32\DBGHELP.DLL
0x00007ffd79e50000 - 0x00007ffd79e84000 	C:\Windows\SYSTEM32\dbgcore.DLL
0x00007ffd7c4e0000 - 0x00007ffd7c562000 	C:\Windows\System32\bcryptPrimitives.dll
0x00007ffd6c000000 - 0x00007ffd6c028000 	D:\Development\Programs\jdk-11.0.0.1\bin\java.dll
0x00007ffd6c0b0000 - 0x00007ffd6c0c6000 	D:\Development\Programs\jdk-11.0.0.1\bin\zip.dll
0x00007ffd78b10000 - 0x00007ffd78b1a000 	D:\Development\Programs\jdk-11.0.0.1\bin\jimage.dll
0x00007ffd7c770000 - 0x00007ffd7ceb4000 	C:\Windows\System32\SHELL32.dll
0x00007ffd793b0000 - 0x00007ffd79b4b000 	C:\Windows\SYSTEM32\windows.storage.dll
0x00007ffd7cfc0000 - 0x00007ffd7d314000 	C:\Windows\System32\combase.dll
0x00007ffd7b480000 - 0x00007ffd7b4ad000 	C:\Windows\SYSTEM32\Wldp.dll
0x00007ffd7d320000 - 0x00007ffd7d3cd000 	C:\Windows\System32\SHCORE.dll
0x00007ffd7d700000 - 0x00007ffd7d755000 	C:\Windows\System32\shlwapi.dll
0x00007ffd7bb20000 - 0x00007ffd7bb45000 	C:\Windows\SYSTEM32\profapi.dll
0x00007ffd6be30000 - 0x00007ffd6be49000 	D:\Development\Programs\jdk-11.0.0.1\bin\net.dll
0x00007ffd7ab10000 - 0x00007ffd7ac1a000 	C:\Windows\SYSTEM32\WINHTTP.dll
0x00007ffd7b260000 - 0x00007ffd7b2ca000 	C:\Windows\system32\mswsock.dll
0x00007ffd673c0000 - 0x00007ffd673d3000 	D:\Development\Programs\jdk-11.0.0.1\bin\nio.dll
0x00007ffd7b520000 - 0x00007ffd7b538000 	C:\Windows\SYSTEM32\CRYPTSP.dll
0x00007ffd7aa80000 - 0x00007ffd7aab4000 	C:\Windows\system32\rsaenh.dll
0x00007ffd7c000000 - 0x00007ffd7c027000 	C:\Windows\System32\bcrypt.dll
0x00007ffd7baa0000 - 0x00007ffd7bace000 	C:\Windows\SYSTEM32\USERENV.dll
0x00007ffd7b3f0000 - 0x00007ffd7b3fc000 	C:\Windows\SYSTEM32\CRYPTBASE.dll
0x00007ffd7af70000 - 0x00007ffd7afab000 	C:\Windows\SYSTEM32\IPHLPAPI.DLL
0x00007ffd7da30000 - 0x00007ffd7da38000 	C:\Windows\System32\NSI.dll
0x00007ffd74be0000 - 0x00007ffd74bf7000 	C:\Windows\SYSTEM32\dhcpcsvc6.DLL
0x00007ffd749f0000 - 0x00007ffd74a0d000 	C:\Windows\SYSTEM32\dhcpcsvc.DLL
0x00007ffd7afc0000 - 0x00007ffd7b08a000 	C:\Windows\SYSTEM32\DNSAPI.dll
0x00007ffd2e2a0000 - 0x00007ffd2e43e000 	D:\Development\Programs\jdk-11.0.0.1\bin\awt.dll
0x00007ffd7cef0000 - 0x00007ffd7cfbd000 	C:\Windows\System32\OLEAUT32.dll
0x00007ffd76f40000 - 0x00007ffd77500000 	C:\Windows\SYSTEM32\d2d1.dll
0x00007ffd789f0000 - 0x00007ffd78a80000 	C:\Windows\SYSTEM32\apphelp.dll
0x00007ffd78dc0000 - 0x00007ffd78def000 	C:\Windows\system32\DWMAPI.DLL
0x00007ffd78c40000 - 0x00007ffd78cde000 	C:\Windows\system32\uxtheme.dll
0x00007ffd5a750000 - 0x00007ffd5a875000 	C:\Windows\system32\opengl32.dll
0x00007ffd5a540000 - 0x00007ffd5a56c000 	C:\Windows\SYSTEM32\GLU32.dll
0x00007ffd7e0e0000 - 0x00007ffd7e1f4000 	C:\Windows\System32\MSCTF.dll
0x00007ffd7da40000 - 0x00007ffd7db6b000 	C:\Windows\System32\ole32.dll
0x00007ffd7bf10000 - 0x00007ffd7bf5e000 	C:\Windows\System32\cfgmgr32.dll
0x00007ffd7a110000 - 0x00007ffd7a203000 	C:\Windows\SYSTEM32\dxgi.dll
0x00007ffd75600000 - 0x00007ffd7563b000 	C:\Windows\SYSTEM32\dxcore.dll
0x00007ffd2fb00000 - 0x00007ffd2fb80000 	D:\Development\Programs\jdk-11.0.0.1\bin\freetype.dll
0x00007ffd2fa90000 - 0x00007ffd2faff000 	D:\Development\Programs\jdk-11.0.0.1\bin\fontmanager.dll
0x00007ffd6bbc0000 - 0x00007ffd6bcba000 	C:\Windows\SYSTEM32\textinputframework.dll
0x00007ffd780a0000 - 0x00007ffd783fb000 	C:\Windows\System32\CoreUIComponents.dll
0x00007ffd78780000 - 0x00007ffd78872000 	C:\Windows\System32\CoreMessaging.dll
0x00007ffd7acd0000 - 0x00007ffd7ad03000 	C:\Windows\SYSTEM32\ntmarta.dll
0x00007ffd75ed0000 - 0x00007ffd76025000 	C:\Windows\SYSTEM32\wintypes.dll
0x00007ffd51370000 - 0x00007ffd513d6000 	C:\Windows\system32\Oleacc.dll

dbghelp: loaded successfully - version: 4.0.5 - missing functions: none
symbol engine: initialized successfully - sym options: 0x614 - pdb path: .;D:\Development\Programs\jdk-11.0.0.1\bin;C:\Windows\SYSTEM32;C:\ProgramData\Symantec\Symantec Endpoint Protection\14.3.9225.6000.105\Data\Sysfer\x64;C:\Windows\WinSxS\amd64_microsoft.windows.common-controls_6595b64144ccf1df_6.0.19041.3570_none_60bb2a3971f3e41a;D:\Development\Programs\jdk-11.0.0.1\bin\server;C:\Windows\System32\DriverStore\FileRepository\u0379365.inf_amd64_b2c1606d963a2625\B379234

VM Arguments:
jvm_args: -Dfile.encoding=UTF-8 -Dstdout.encoding=UTF-8 -Dstderr.encoding=UTF-8 
java_command: com.jrealm.game.GameLauncher
java_class_path (initial): D:\Development\GitRepositories\jrealm\target\classes;C:\Users\NXF4TML\.m2\repository\org\projectlombok\lombok\1.18.28\lombok-1.18.28.jar;C:\Users\NXF4TML\.m2\repository\org\slf4j\slf4j-api\2.0.9\slf4j-api-2.0.9.jar;C:\Users\NXF4TML\.m2\repository\ch\qos\logback\logback-core\1.3.5\logback-core-1.3.5.jar;C:\Users\NXF4TML\.m2\repository\ch\qos\logback\logback-classic\1.3.5\logback-classic-1.3.5.jar;C:\Users\NXF4TML\.m2\repository\com\fasterxml\jackson\core\jackson-databind\2.15.2\jackson-databind-2.15.2.jar;C:\Users\NXF4TML\.m2\repository\com\fasterxml\jackson\core\jackson-annotations\2.15.2\jackson-annotations-2.15.2.jar;C:\Users\NXF4TML\.m2\repository\com\fasterxml\jackson\core\jackson-core\2.15.2\jackson-core-2.15.2.jar
Launcher Type: SUN_STANDARD

[Global flags]
     intx CICompilerCount                          = 12                                        {product} {ergonomic}
     uint ConcGCThreads                            = 3                                         {product} {ergonomic}
     uint G1ConcRefinementThreads                  = 13                                        {product} {ergonomic}
   size_t G1HeapRegionSize                         = 2097152                                   {product} {ergonomic}
    uintx GCDrainStackTargetSize                   = 64                                        {product} {ergonomic}
   size_t InitialHeapSize                          = 517996544                                 {product} {ergonomic}
   size_t MarkStackSize                            = 4194304                                   {product} {ergonomic}
   size_t MaxHeapSize                              = 8260681728                                {product} {ergonomic}
   size_t MaxNewSize                               = 4955570176                                {product} {ergonomic}
   size_t MinHeapDeltaBytes                        = 2097152                                   {product} {ergonomic}
    uintx NonNMethodCodeHeapSize                   = 7591728                                {pd product} {ergonomic}
    uintx NonProfiledCodeHeapSize                  = 122033256                              {pd product} {ergonomic}
    uintx ProfiledCodeHeapSize                     = 122033256                              {pd product} {ergonomic}
    uintx ReservedCodeCacheSize                    = 251658240                              {pd product} {ergonomic}
     bool SegmentedCodeCache                       = true                                      {product} {ergonomic}
     bool UseCompressedClassPointers               = true                                 {lp64_product} {ergonomic}
     bool UseCompressedOops                        = true                                 {lp64_product} {ergonomic}
     bool UseG1GC                                  = true                                      {product} {ergonomic}
     bool UseLargePagesIndividualAllocation        = false                                  {pd product} {ergonomic}

Logging:
Log output configuration:
 #0: stdout all=warning uptime,level,tags
 #1: stderr all=off uptime,level,tags

Environment Variables:
JAVA_HOME=D:\Development\Programs\jdk-11.0.0.1
PATH=D:/Development/Programs/SpringToolSuite/sts-4.20.0.RELEASE//plugins/org.eclipse.justj.openjdk.hotspot.jre.full.win32.x86_64_17.0.8.v20230831-1047/jre/bin/server;D:/Development/Programs/SpringToolSuite/sts-4.20.0.RELEASE//plugins/org.eclipse.justj.openjdk.hotspot.jre.full.win32.x86_64_17.0.8.v20230831-1047/jre/bin;C:\Windows\System32;C:\Windows\System32\Wbem;C:\Windows\System32\OpenSSH;C:\Windows\System32\WindowsPowerShell\v1.0\;C:\Windows;C:\Program Files\WinZip;C:\Program Files (x86)\CheckPoint\Endpoint Security\Endpoint Common\bin;C:\Program Files\avs\bin;C:\Program Files\avs\bin32;C:\Program Files\PuTTY\;C:\Program Files\Docker\Docker\resources\bin;C:\Program Files\Microsoft SQL Server\150\Tools\Binn\;C:\Program Files\Microsoft SQL Server\Client SDK\ODBC\170\Tools\Binn\;C:\Program Files\dotnet\;C:\Program Files\MySQL\MySQL Shell 8.0\bin\;D:\Development\Programs\jdk-11.0.0.1\bin;C:\Windows\System32;C:\Windows\System32\Wbem;C:\Windows\System32\OpenSSH;C:\Windows\System32\WindowsPowerShell\v1.0\;C:\Windows;C:\Program Files\WinZip;C:\Program Files (x86)\CheckPoint\Endpoint Security\Endpoint Common\bin;C:\Program Files\avs\bin;C:\Program Files\avs\bin32;C:\Program Files\PuTTY\;C:\Users\NXF4TML\AppData\Local\Microsoft\WindowsApps;C:\Users\NXF4TML\AppData\Local\GitHubDesktop\bin;D:\Development\Programs\apache-maven-3.8.8\bin;C:\Users\NXF4TML\AppData\Local\Programs\Git\cmd;C:\Users\NXF4TML\.dotnet\tools;D:\Development\Programs\cloc;;D:\Development\Programs\SpringToolSuite\sts-4.20.0.RELEASE;
USERNAME=NXF4TML
OS=Windows_NT
PROCESSOR_IDENTIFIER=AMD64 Family 25 Model 68 Stepping 1, AuthenticAMD



---------------  S Y S T E M  ---------------

OS: Windows 10 , 64 bit Build 19041 (10.0.19041.3570)

CPU:total 16 (initial active 16) (16 cores per cpu, 2 threads per core) family 25 model 68 stepping 1, cmov, cx8, fxsr, mmx, sse, sse2, sse3, ssse3, sse4.1, sse4.2, popcnt, avx, avx2, aes, clmul, erms, mmxext, 3dnowpref, lzcnt, sse4a, ht, tsc, tscinvbit, tscinv, bmi1, bmi2, adx, sha, fma

Memory: 4k page, system-wide physical 31508M (16620M free)
TotalPageFile size 36116M (AvailPageFile size 13265M)
current process WorkingSet (physical memory assigned to process): 299M, peak: 316M
current process commit charge ("private bytes"): 739M, peak: 760M

vm_info: OpenJDK 64-Bit Server VM (11.0.0.1+3-5) for windows-amd64 JRE (11.0.0.1+3-5), built on Apr  7 2023 19:59:13 by "mach5one" with MS VC++ 15.5 (VS2017)

END.
