#
# A fatal error has been detected by the Java Runtime Environment:
#
#  EXCEPTION_ACCESS_VIOLATION (0xc0000005) at pc=0x00007ff9d05b4f3f, pid=4464, tid=3796
#
# JRE version: OpenJDK Runtime Environment (11.0.1+3) (build 11.0.0.1+3-5)
# Java VM: OpenJDK 64-Bit Server VM (11.0.0.1+3-5, mixed mode, tiered, compressed oops, g1 gc, windows-amd64)
# Problematic frame:
# C  [freetype.dll+0x44f3f]
#
# No core dump will be written. Minidumps are not enabled by default on client versions of Windows
#
# If you would like to submit a bug report, please visit:
#   http://bugreport.java.com/bugreport/crash.jsp
# The crash happened outside the Java Virtual Machine in native code.
# See problematic frame for where to report the bug.
#

---------------  S U M M A R Y ------------

Command Line: -Dfile.encoding=UTF-8 -Dstdout.encoding=UTF-8 -Dstderr.encoding=UTF-8 com.jrealm.game.GameLauncher 192.168.1.67 Ruusey

Host: AMD Ryzen 7 PRO 6850U with Radeon Graphics     , 16 cores, 30G,  Windows 10 , 64 bit Build 19041 (10.0.19041.3570)
Time: Wed Nov 22 20:37:41 2023 Eastern Standard Time elapsed time: 9 seconds (0d 0h 0m 9s)

---------------  T H R E A D  ---------------

Current thread (0x0000021b94df4800):  JavaThread "pool-1-thread-17" [_thread_in_native, id=3796, stack(0x0000002a01900000,0x0000002a01a00000)]

Stack: [0x0000002a01900000,0x0000002a01a00000],  sp=0x0000002a019fca20,  free space=1010k
Native frames: (J=compiled Java code, j=interpreted, Vv=VM code, C=native code)
C  [freetype.dll+0x44f3f]

Java frames: (J=compiled Java code, j=interpreted, Vv=VM code)
j  sun.font.FreetypeFontScaler.getGlyphImageNative(Lsun/font/Font2D;JJI)J+0 java.desktop@11.0.0.1
j  sun.font.FreetypeFontScaler.getGlyphImage(JI)J+26 java.desktop@11.0.0.1
j  sun.font.FileFont.getGlyphImage(JI)J+6 java.desktop@11.0.0.1
J 3579 c2 sun.java2d.pipe.GlyphListPipe.drawString(Lsun/java2d/SunGraphics2D;Ljava/lang/String;DD)V java.desktop@11.0.0.1 (202 bytes) @ 0x0000021bf547bd94 [0x0000021bf547b420+0x0000000000000974]
J 3600 c2 sun.java2d.SunGraphics2D.drawString(Ljava/lang/String;II)V java.desktop@11.0.0.1 (132 bytes) @ 0x0000021bf54843ac [0x0000021bf5484300+0x00000000000000ac]
J 3295 c1 com.jrealm.game.states.PlayState.render(Ljava/awt/Graphics2D;)V (263 bytes) @ 0x0000021bee549e84 [0x0000021bee547580+0x0000000000002904]
J 3201 c1 com.jrealm.game.states.GameStateManager.render(Ljava/awt/Graphics2D;)V (49 bytes) @ 0x0000021bee518374 [0x0000021bee517f20+0x0000000000000454]
J 3490 c1 com.jrealm.game.GamePanel.render()V (54 bytes) @ 0x0000021bee5d307c [0x0000021bee5d2d20+0x000000000000035c]
J 3292 c1 com.jrealm.game.GamePanel$$Lambda$232.run()V (8 bytes) @ 0x0000021bee545db4 [0x0000021bee545ce0+0x00000000000000d4]
J 2618 c1 java.util.concurrent.CompletableFuture$AsyncRun.run()V java.base@11.0.0.1 (61 bytes) @ 0x0000021bee3f76e4 [0x0000021bee3f74e0+0x0000000000000204]
j  java.util.concurrent.ThreadPoolExecutor.runWorker(Ljava/util/concurrent/ThreadPoolExecutor$Worker;)V+92 java.base@11.0.0.1
j  java.util.concurrent.ThreadPoolExecutor$Worker.run()V+5 java.base@11.0.0.1
j  java.util.concurrent.Executors$PrivilegedThreadFactory$1$1.run()Ljava/lang/Void;+23 java.base@11.0.0.1
j  java.util.concurrent.Executors$PrivilegedThreadFactory$1$1.run()Ljava/lang/Object;+1 java.base@11.0.0.1
v  ~StubRoutines::call_stub
j  java.security.AccessController.doPrivileged(Ljava/security/PrivilegedAction;Ljava/security/AccessControlContext;)Ljava/lang/Object;+0 java.base@11.0.0.1
j  java.util.concurrent.Executors$PrivilegedThreadFactory$1.run()V+15 java.base@11.0.0.1
j  java.lang.Thread.run()V+11 java.base@11.0.0.1
v  ~StubRoutines::call_stub

siginfo: EXCEPTION_ACCESS_VIOLATION (0xc0000005), reading address 0x00000000000000e0


Register to memory mapping:

RIP=0x00007ff9d05b4f3f freetype.dll
RAX=0x0000002a019fca50 is pointing into the stack for thread: 0x0000021b94df4800
RBX=0x0000002a019fcc60 is pointing into the stack for thread: 0x0000021b94df4800
RCX=0x0000021ba3ddb340 points into unknown readable memory
RDX=0x0 is NULL
RSP=0x0000002a019fca20 is pointing into the stack for thread: 0x0000021b94df4800
RBP=0x0000021b94051ff0 points into unknown readable memory
RSI=0x000000000000001b is an unknown value
RDI=0x0000021ba3ddb340 points into unknown readable memory
R8 =0x000000000000001b is an unknown value
R9 =0x0000002a019fcaa8 is pointing into the stack for thread: 0x0000021b94df4800
R10=0x0 is NULL
R11=0x0000021ba3c05fd0 points into unknown readable memory
R12=0x000000000000001b is an unknown value
R13=0x0 is NULL
R14=0x0000000000000ce8 is an unknown value
R15=0x0000021b94a65ff0 points into unknown readable memory


Registers:
RAX=0x0000002a019fca50, RBX=0x0000002a019fcc60, RCX=0x0000021ba3ddb340, RDX=0x0000000000000000
RSP=0x0000002a019fca20, RBP=0x0000021b94051ff0, RSI=0x000000000000001b, RDI=0x0000021ba3ddb340
R8 =0x000000000000001b, R9 =0x0000002a019fcaa8, R10=0x0000000000000000, R11=0x0000021ba3c05fd0
R12=0x000000000000001b, R13=0x0000000000000000, R14=0x0000000000000ce8, R15=0x0000021b94a65ff0
RIP=0x00007ff9d05b4f3f, EFLAGS=0x0000000000010246

Top of Stack: (sp=0x0000002a019fca20)
0x0000002a019fca20:   0000021b94051ff0 0000021b94b11350
0x0000002a019fca30:   0000000000000000 0000000000000070
0x0000002a019fca40:   0000002a019fca50 0000000000000070
0x0000002a019fca50:   0000021b94050000 00007ff9d05b2a92
0x0000002a019fca60:   0000021ba3ddb340 0000000000000000
0x0000002a019fca70:   0000000000000700 0000002a019fcb90
0x0000002a019fca80:   0000002a019fcc60 00007ff9d05b4622
0x0000002a019fca90:   0000002a019f0000 0000000000000700
0x0000002a019fcaa0:   0000000615d40000 0300000000000000
0x0000002a019fcab0:   0000000615d05d38 00000006159c80c0
0x0000002a019fcac0:   0000000100000000 0002000000000000
0x0000002a019fcad0:   0000000000020000 00000006159c7888
0x0000002a019fcae0:   00000006159c7888 fffffefe03010101
0x0000002a019fcaf0:   000027707e5fb993 00007ff9e7935ba1
0x0000002a019fcb00:   4090e00000000000 0000000000000000
0x0000002a019fcb10:   4040000000000000 0000000000000000 

Instructions: (pc=0x00007ff9d05b4f3f)
0x00007ff9d05b4f1f:   02 00 00 4c 8d 8c 24 88 00 00 00 44 8b f0 44 8b
0x00007ff9d05b4f2f:   c6 48 8d 44 24 30 33 d2 48 8b cf 48 89 44 24 20
0x00007ff9d05b4f3f:   41 ff 92 e0 00 00 00 80 bf 90 01 00 00 00 8b 4b
0x00007ff9d05b4f4f:   44 74 2d 4c 8b 97 d0 02 00 00 48 8d 84 24 80 00 



---------------  P R O C E S S  ---------------

Threads class SMR info:
_java_thread_list=0x0000021ba3c55640, length=64, elements={
0x0000021b92f2a800, 0x0000021b92f56000, 0x0000021b92fb7800, 0x0000021b92fb8800,
0x0000021b92fb9800, 0x0000021b92f71000, 0x0000021b92fd1000, 0x0000021b9315c000,
0x0000021b93185800, 0x0000021b9403c800, 0x0000021b94107800, 0x0000021b949e4000,
0x0000021b94a0d800, 0x0000021be5437000, 0x0000021b94a42800, 0x0000021b94adf800,
0x0000021b94aa1800, 0x0000021ba3f0c800, 0x0000021b94bce000, 0x0000021b9311d800,
0x0000021b93120000, 0x0000021b9311a800, 0x0000021b94df3800, 0x0000021b94df0800,
0x0000021b94df6000, 0x0000021b94df5000, 0x0000021b94df7000, 0x0000021b94df2000,
0x0000021b94df2800, 0x0000021b94df1000, 0x0000021b94df4800, 0x0000021ba3ca0800,
0x0000021ba3ca2800, 0x0000021ba3ca6000, 0x0000021ba3ca1000, 0x0000021ba3ca7800,
0x0000021ba3ca4800, 0x0000021ba3ca5000, 0x0000021ba3ca7000, 0x0000021ba3ca3800,
0x0000021ba3ca2000, 0x0000021ba3cab800, 0x0000021ba3cae000, 0x0000021ba3ca8800,
0x0000021ba3caa000, 0x0000021ba3cad800, 0x0000021ba3caf000, 0x0000021ba3cab000,
0x0000021ba3ca9000, 0x0000021ba3cac800, 0x0000021b94a28800, 0x0000021b94a2a000,
0x0000021b94a2b000, 0x0000021b94a2f000, 0x0000021b94a2c800, 0x0000021b94a29000,
0x0000021b94a2f800, 0x0000021b94a30800, 0x0000021b94a31800, 0x0000021b94a2b800,
0x0000021b94a32000, 0x0000021b94a2d000, 0x0000021b94a33000, 0x0000021b94a34000
}

Java Threads: ( => current thread )
  0x0000021b92f2a800 JavaThread "Reference Handler" daemon [_thread_blocked, id=12900, stack(0x0000002a7d700000,0x0000002a7d800000)]
  0x0000021b92f56000 JavaThread "Finalizer" daemon [_thread_blocked, id=20584, stack(0x0000002a7d800000,0x0000002a7d900000)]
  0x0000021b92fb7800 JavaThread "Signal Dispatcher" daemon [_thread_blocked, id=2944, stack(0x0000002a7d900000,0x0000002a7da00000)]
  0x0000021b92fb8800 JavaThread "Attach Listener" daemon [_thread_blocked, id=13912, stack(0x0000002a7da00000,0x0000002a7db00000)]
  0x0000021b92fb9800 JavaThread "C2 CompilerThread0" daemon [_thread_in_native, id=15972, stack(0x0000002a7db00000,0x0000002a7dc00000)]
  0x0000021b92f71000 JavaThread "C1 CompilerThread0" daemon [_thread_blocked, id=3300, stack(0x0000002a7dc00000,0x0000002a7dd00000)]
  0x0000021b92fd1000 JavaThread "Sweeper thread" daemon [_thread_blocked, id=3340, stack(0x0000002a7dd00000,0x0000002a7de00000)]
  0x0000021b9315c000 JavaThread "Service Thread" daemon [_thread_blocked, id=6336, stack(0x0000002a7df00000,0x0000002a7e000000)]
  0x0000021b93185800 JavaThread "Common-Cleaner" daemon [_thread_blocked, id=9208, stack(0x0000002a7e100000,0x0000002a7e200000)]
  0x0000021b9403c800 JavaThread "Java2D Disposer" daemon [_thread_blocked, id=4536, stack(0x0000002a7e400000,0x0000002a7e500000)]
  0x0000021b94107800 JavaThread "AWT-Shutdown" [_thread_blocked, id=12712, stack(0x0000002a7f100000,0x0000002a7f200000)]
  0x0000021b949e4000 JavaThread "AWT-EventQueue-0" [_thread_blocked, id=18112, stack(0x0000002a00300000,0x0000002a00400000)]
  0x0000021b94a0d800 JavaThread "GameThread" [_thread_blocked, id=17416, stack(0x0000002a00400000,0x0000002a00500000)]
  0x0000021be5437000 JavaThread "DestroyJavaVM" [_thread_blocked, id=19480, stack(0x0000002a7d000000,0x0000002a7d100000)]
  0x0000021b94a42800 JavaThread "pool-1-thread-1" [_thread_blocked, id=3924, stack(0x0000002a00900000,0x0000002a00a00000)]
  0x0000021b94adf800 JavaThread "pool-1-thread-2" [_thread_blocked, id=9848, stack(0x0000002a00a00000,0x0000002a00b00000)]
  0x0000021b94aa1800 JavaThread "pool-1-thread-3" [_thread_in_Java, id=19848, stack(0x0000002a00b00000,0x0000002a00c00000)]
  0x0000021ba3f0c800 JavaThread "pool-1-thread-4" [_thread_blocked, id=19516, stack(0x0000002a00c00000,0x0000002a00d00000)]
  0x0000021b94bce000 JavaThread "pool-1-thread-5" [_thread_blocked, id=3412, stack(0x0000002a00d00000,0x0000002a00e00000)]
  0x0000021b9311d800 JavaThread "pool-1-thread-6" [_thread_blocked, id=12832, stack(0x0000002a00e00000,0x0000002a00f00000)]
  0x0000021b93120000 JavaThread "pool-1-thread-7" [_thread_blocked, id=6680, stack(0x0000002a00f00000,0x0000002a01000000)]
  0x0000021b9311a800 JavaThread "pool-1-thread-8" [_thread_blocked, id=19844, stack(0x0000002a01000000,0x0000002a01100000)]
  0x0000021b94df3800 JavaThread "pool-1-thread-9" [_thread_blocked, id=7660, stack(0x0000002a01100000,0x0000002a01200000)]
  0x0000021b94df0800 JavaThread "pool-1-thread-10" [_thread_blocked, id=14308, stack(0x0000002a01200000,0x0000002a01300000)]
  0x0000021b94df6000 JavaThread "pool-1-thread-11" [_thread_blocked, id=13384, stack(0x0000002a01300000,0x0000002a01400000)]
  0x0000021b94df5000 JavaThread "pool-1-thread-12" [_thread_blocked, id=15792, stack(0x0000002a01400000,0x0000002a01500000)]
  0x0000021b94df7000 JavaThread "pool-1-thread-13" [_thread_blocked, id=15748, stack(0x0000002a01500000,0x0000002a01600000)]
  0x0000021b94df2000 JavaThread "pool-1-thread-14" [_thread_blocked, id=16692, stack(0x0000002a01600000,0x0000002a01700000)]
  0x0000021b94df2800 JavaThread "pool-1-thread-15" [_thread_blocked, id=14192, stack(0x0000002a01700000,0x0000002a01800000)]
  0x0000021b94df1000 JavaThread "pool-1-thread-16" [_thread_blocked, id=18072, stack(0x0000002a01800000,0x0000002a01900000)]
=>0x0000021b94df4800 JavaThread "pool-1-thread-17" [_thread_in_native, id=3796, stack(0x0000002a01900000,0x0000002a01a00000)]
  0x0000021ba3ca0800 JavaThread "pool-1-thread-18" [_thread_blocked, id=8504, stack(0x0000002a01a00000,0x0000002a01b00000)]
  0x0000021ba3ca2800 JavaThread "pool-1-thread-19" [_thread_blocked, id=9288, stack(0x0000002a01b00000,0x0000002a01c00000)]
  0x0000021ba3ca6000 JavaThread "pool-1-thread-20" [_thread_blocked, id=20144, stack(0x0000002a01c00000,0x0000002a01d00000)]
  0x0000021ba3ca1000 JavaThread "pool-1-thread-21" [_thread_blocked, id=11136, stack(0x0000002a01d00000,0x0000002a01e00000)]
  0x0000021ba3ca7800 JavaThread "pool-1-thread-22" [_thread_blocked, id=12492, stack(0x0000002a01e00000,0x0000002a01f00000)]
  0x0000021ba3ca4800 JavaThread "pool-1-thread-23" [_thread_blocked, id=8760, stack(0x0000002a01f00000,0x0000002a02000000)]
  0x0000021ba3ca5000 JavaThread "pool-1-thread-24" [_thread_blocked, id=18160, stack(0x0000002a02000000,0x0000002a02100000)]
  0x0000021ba3ca7000 JavaThread "pool-1-thread-25" [_thread_blocked, id=14340, stack(0x0000002a02100000,0x0000002a02200000)]
  0x0000021ba3ca3800 JavaThread "pool-1-thread-26" [_thread_blocked, id=4832, stack(0x0000002a02200000,0x0000002a02300000)]
  0x0000021ba3ca2000 JavaThread "pool-1-thread-27" [_thread_in_native, id=9884, stack(0x0000002a02300000,0x0000002a02400000)]
  0x0000021ba3cab800 JavaThread "pool-1-thread-28" [_thread_blocked, id=6012, stack(0x0000002a02400000,0x0000002a02500000)]
  0x0000021ba3cae000 JavaThread "pool-1-thread-29" [_thread_blocked, id=19820, stack(0x0000002a02500000,0x0000002a02600000)]
  0x0000021ba3ca8800 JavaThread "pool-1-thread-30" [_thread_blocked, id=7640, stack(0x0000002a02600000,0x0000002a02700000)]
  0x0000021ba3caa000 JavaThread "pool-1-thread-31" [_thread_blocked, id=6448, stack(0x0000002a02700000,0x0000002a02800000)]
  0x0000021ba3cad800 JavaThread "pool-1-thread-32" [_thread_blocked, id=7816, stack(0x0000002a02800000,0x0000002a02900000)]
  0x0000021ba3caf000 JavaThread "pool-1-thread-33" [_thread_blocked, id=12140, stack(0x0000002a02900000,0x0000002a02a00000)]
  0x0000021ba3cab000 JavaThread "pool-1-thread-34" [_thread_blocked, id=18440, stack(0x0000002a02a00000,0x0000002a02b00000)]
  0x0000021ba3ca9000 JavaThread "pool-1-thread-35" [_thread_blocked, id=21656, stack(0x0000002a02b00000,0x0000002a02c00000)]
  0x0000021ba3cac800 JavaThread "pool-1-thread-36" [_thread_blocked, id=7312, stack(0x0000002a02c00000,0x0000002a02d00000)]
  0x0000021b94a28800 JavaThread "pool-1-thread-37" [_thread_blocked, id=4748, stack(0x0000002a02d00000,0x0000002a02e00000)]
  0x0000021b94a2a000 JavaThread "pool-1-thread-38" [_thread_blocked, id=20884, stack(0x0000002a02e00000,0x0000002a02f00000)]
  0x0000021b94a2b000 JavaThread "pool-1-thread-39" [_thread_blocked, id=5280, stack(0x0000002a02f00000,0x0000002a03000000)]
  0x0000021b94a2f000 JavaThread "pool-1-thread-40" [_thread_blocked, id=1104, stack(0x0000002a03000000,0x0000002a03100000)]
  0x0000021b94a2c800 JavaThread "pool-1-thread-41" [_thread_blocked, id=1332, stack(0x0000002a03100000,0x0000002a03200000)]
  0x0000021b94a29000 JavaThread "pool-1-thread-42" [_thread_blocked, id=22284, stack(0x0000002a03200000,0x0000002a03300000)]
  0x0000021b94a2f800 JavaThread "pool-1-thread-43" [_thread_blocked, id=15040, stack(0x0000002a03300000,0x0000002a03400000)]
  0x0000021b94a30800 JavaThread "pool-1-thread-44" [_thread_blocked, id=21996, stack(0x0000002a03400000,0x0000002a03500000)]
  0x0000021b94a31800 JavaThread "pool-1-thread-45" [_thread_blocked, id=17028, stack(0x0000002a03500000,0x0000002a03600000)]
  0x0000021b94a2b800 JavaThread "pool-1-thread-46" [_thread_blocked, id=17508, stack(0x0000002a03600000,0x0000002a03700000)]
  0x0000021b94a32000 JavaThread "pool-1-thread-47" [_thread_blocked, id=10056, stack(0x0000002a03700000,0x0000002a03800000)]
  0x0000021b94a2d000 JavaThread "pool-1-thread-48" [_thread_blocked, id=11296, stack(0x0000002a00700000,0x0000002a00800000)]
  0x0000021b94a33000 JavaThread "pool-1-thread-49" [_thread_blocked, id=3048, stack(0x0000002a00800000,0x0000002a00900000)]
  0x0000021b94a34000 JavaThread "pool-1-thread-50" [_thread_blocked, id=1368, stack(0x0000002a03800000,0x0000002a03900000)]

Other Threads:
  0x0000021b92f27800 VMThread "VM Thread" [stack: 0x0000002a7d600000,0x0000002a7d700000] [id=20692]
  0x0000021b9317d000 WatcherThread [stack: 0x0000002a7e000000,0x0000002a7e100000] [id=8864]
  0x0000021be544c000 GCTaskThread "GC Thread#0" [stack: 0x0000002a7d100000,0x0000002a7d200000] [id=14524]
  0x0000021b93ee1800 GCTaskThread "GC Thread#1" [stack: 0x0000002a7e500000,0x0000002a7e600000] [id=14884]
  0x0000021b93f21000 GCTaskThread "GC Thread#2" [stack: 0x0000002a7e600000,0x0000002a7e700000] [id=17772]
  0x0000021b93f21800 GCTaskThread "GC Thread#3" [stack: 0x0000002a7e700000,0x0000002a7e800000] [id=3052]
  0x0000021b93f61800 GCTaskThread "GC Thread#4" [stack: 0x0000002a7e800000,0x0000002a7e900000] [id=4884]
  0x0000021b93f66800 GCTaskThread "GC Thread#5" [stack: 0x0000002a7e900000,0x0000002a7ea00000] [id=13212]
  0x0000021b93f67000 GCTaskThread "GC Thread#6" [stack: 0x0000002a7ea00000,0x0000002a7eb00000] [id=1904]
  0x0000021b93f68000 GCTaskThread "GC Thread#7" [stack: 0x0000002a7eb00000,0x0000002a7ec00000] [id=15084]
  0x0000021b93f74800 GCTaskThread "GC Thread#8" [stack: 0x0000002a7ec00000,0x0000002a7ed00000] [id=13900]
  0x0000021b93f76000 GCTaskThread "GC Thread#9" [stack: 0x0000002a7ed00000,0x0000002a7ee00000] [id=16240]
  0x0000021b93ef2800 GCTaskThread "GC Thread#10" [stack: 0x0000002a7ee00000,0x0000002a7ef00000] [id=18260]
  0x0000021ba458c800 GCTaskThread "GC Thread#11" [stack: 0x0000002a00600000,0x0000002a00700000] [id=7132]
  0x0000021ba45fb000 GCTaskThread "GC Thread#12" [stack: 0x0000002a03900000,0x0000002a03a00000] [id=20720]
  0x0000021be54c5800 ConcurrentGCThread "G1 Main Marker" [stack: 0x0000002a7d200000,0x0000002a7d300000] [id=9224]
  0x0000021be54c7000 ConcurrentGCThread "G1 Conc#0" [stack: 0x0000002a7d300000,0x0000002a7d400000] [id=4768]
  0x0000021b940b5000 ConcurrentGCThread "G1 Conc#1" [stack: 0x0000002a7ef00000,0x0000002a7f000000] [id=16148]
  0x0000021b940b5800 ConcurrentGCThread "G1 Conc#2" [stack: 0x0000002a7f000000,0x0000002a7f100000] [id=3140]
  0x0000021b92592000 ConcurrentGCThread "G1 Refine#0" [stack: 0x0000002a7d400000,0x0000002a7d500000] [id=19024]
  0x0000021b92593000 ConcurrentGCThread "G1 Young RemSet Sampling" [stack: 0x0000002a7d500000,0x0000002a7d600000] [id=18560]

Threads with active compile tasks:
C2 CompilerThread03746       4       com.jrealm.game.ui.PlayerUI::render (538 bytes)

VM state:not at safepoint (normal execution)

VM Mutex/Monitor currently owned by a thread: None

Heap address: 0x0000000613a00000, size: 7878 MB, Compressed Oops mode: Zero based, Oop shift amount: 3
Narrow klass base: 0x0000000800000000, Narrow klass shift: 0
Compressed class space size: 1073741824 Address: 0x0000000800000000

Heap:
 garbage-first heap   total 505856K, used 87419K [0x0000000613a00000, 0x0000000800000000)
  region size 2048K, 17 young (34816K), 2 survivors (4096K)
 Metaspace       used 29020K, capacity 29767K, committed 30076K, reserved 1075200K
  class space    used 3007K, capacity 3334K, committed 3452K, reserved 1048576K
Heap Regions: E=young(eden), S=young(survivor), O=old, HS=humongous(starts), HC=humongous(continues), CS=collection set, F=free, A=archive, TAMS=top-at-mark-start (previous, next)
|   0|0x0000000613a00000, 0x0000000613c00000, 0x0000000613c00000|100%|HS|  |TAMS 0x0000000613a00000, 0x0000000613a00000| Complete 
|   1|0x0000000613c00000, 0x0000000613e00000, 0x0000000613e00000|100%|HC|  |TAMS 0x0000000613c00000, 0x0000000613c00000| Complete 
|   2|0x0000000613e00000, 0x0000000614000000, 0x0000000614000000|100%|HC|  |TAMS 0x0000000613e00000, 0x0000000613e00000| Complete 
|   3|0x0000000614000000, 0x0000000614200000, 0x0000000614200000|100%|HC|  |TAMS 0x0000000614000000, 0x0000000614000000| Complete 
|   4|0x0000000614200000, 0x0000000614400000, 0x0000000614400000|100%| O|  |TAMS 0x0000000614200000, 0x0000000614200000| Untracked 
|   5|0x0000000614400000, 0x0000000614600000, 0x0000000614600000|100%| O|  |TAMS 0x0000000614400000, 0x0000000614400000| Untracked 
|   6|0x0000000614600000, 0x0000000614800000, 0x0000000614800000|100%| O|  |TAMS 0x0000000614600000, 0x0000000614600000| Untracked 
|   7|0x0000000614800000, 0x0000000614a00000, 0x0000000614a00000|100%| O|  |TAMS 0x0000000614800000, 0x0000000614800000| Untracked 
|   8|0x0000000614a00000, 0x0000000614c00000, 0x0000000614c00000|100%| O|  |TAMS 0x0000000614a00000, 0x0000000614a00000| Untracked 
|   9|0x0000000614c00000, 0x0000000614e00000, 0x0000000614e00000|100%| O|  |TAMS 0x0000000614c00000, 0x0000000614c00000| Untracked 
|  10|0x0000000614e00000, 0x0000000615000000, 0x0000000615000000|100%| O|  |TAMS 0x0000000614e00000, 0x0000000614e00000| Untracked 
|  11|0x0000000615000000, 0x0000000615200000, 0x0000000615200000|100%| O|  |TAMS 0x0000000615000000, 0x0000000615000000| Untracked 
|  12|0x0000000615200000, 0x0000000615400000, 0x0000000615400000|100%| O|  |TAMS 0x0000000615200000, 0x0000000615200000| Untracked 
|  13|0x0000000615400000, 0x0000000615600000, 0x0000000615600000|100%| O|  |TAMS 0x0000000615400000, 0x0000000615400000| Untracked 
|  14|0x0000000615600000, 0x0000000615800000, 0x0000000615800000|100%| O|  |TAMS 0x0000000615600000, 0x0000000615600000| Untracked 
|  15|0x0000000615800000, 0x0000000615a00000, 0x0000000615a00000|100%| O|  |TAMS 0x0000000615800000, 0x0000000615800000| Untracked 
|  16|0x0000000615a00000, 0x0000000615c00000, 0x0000000615c00000|100%| O|  |TAMS 0x0000000615a00000, 0x0000000615a00000| Untracked 
|  17|0x0000000615c00000, 0x0000000615e00000, 0x0000000615e00000|100%| O|  |TAMS 0x0000000615c00000, 0x0000000615c00000| Untracked 
|  18|0x0000000615e00000, 0x0000000616000000, 0x0000000616000000|100%| O|  |TAMS 0x0000000615e00000, 0x0000000615e00000| Untracked 
|  19|0x0000000616000000, 0x0000000616200000, 0x0000000616200000|100%| O|  |TAMS 0x0000000616000000, 0x0000000616000000| Untracked 
|  20|0x0000000616200000, 0x0000000616400000, 0x0000000616400000|100%| O|  |TAMS 0x0000000616200000, 0x0000000616200000| Untracked 
|  21|0x0000000616400000, 0x0000000616600000, 0x0000000616600000|100%| O|  |TAMS 0x0000000616400000, 0x0000000616400000| Untracked 
|  22|0x0000000616600000, 0x0000000616694e00, 0x0000000616800000| 29%| O|  |TAMS 0x0000000616600000, 0x0000000616600000| Untracked 
|  23|0x0000000616800000, 0x0000000616a00000, 0x0000000616a00000|100%|HS|  |TAMS 0x0000000616800000, 0x0000000616800000| Complete 
|  24|0x0000000616a00000, 0x0000000616c00000, 0x0000000616c00000|100%|HC|  |TAMS 0x0000000616a00000, 0x0000000616a00000| Complete 
|  25|0x0000000616c00000, 0x0000000616e00000, 0x0000000616e00000|100%|HC|  |TAMS 0x0000000616c00000, 0x0000000616c00000| Complete 
|  26|0x0000000616e00000, 0x0000000617000000, 0x0000000617000000|100%|HC|  |TAMS 0x0000000616e00000, 0x0000000616e00000| Complete 
|  27|0x0000000617000000, 0x0000000617200000, 0x0000000617200000|100%|HC|  |TAMS 0x0000000617000000, 0x0000000617000000| Complete 
|  28|0x0000000617200000, 0x0000000617200000, 0x0000000617400000|  0%| F|  |TAMS 0x0000000617200000, 0x0000000617200000| Untracked 
|  29|0x0000000617400000, 0x0000000617400000, 0x0000000617600000|  0%| F|  |TAMS 0x0000000617400000, 0x0000000617400000| Untracked 
|  30|0x0000000617600000, 0x0000000617600000, 0x0000000617800000|  0%| F|  |TAMS 0x0000000617600000, 0x0000000617600000| Untracked 
|  31|0x0000000617800000, 0x0000000617800000, 0x0000000617a00000|  0%| F|  |TAMS 0x0000000617800000, 0x0000000617800000| Untracked 
|  32|0x0000000617a00000, 0x0000000617a00000, 0x0000000617c00000|  0%| F|  |TAMS 0x0000000617a00000, 0x0000000617a00000| Untracked 
|  33|0x0000000617c00000, 0x0000000617c00000, 0x0000000617e00000|  0%| F|  |TAMS 0x0000000617c00000, 0x0000000617c00000| Untracked 
|  34|0x0000000617e00000, 0x0000000617e00000, 0x0000000618000000|  0%| F|  |TAMS 0x0000000617e00000, 0x0000000617e00000| Untracked 
|  35|0x0000000618000000, 0x0000000618000000, 0x0000000618200000|  0%| F|  |TAMS 0x0000000618000000, 0x0000000618000000| Untracked 
|  36|0x0000000618200000, 0x0000000618200000, 0x0000000618400000|  0%| F|  |TAMS 0x0000000618200000, 0x0000000618200000| Untracked 
|  37|0x0000000618400000, 0x0000000618400000, 0x0000000618600000|  0%| F|  |TAMS 0x0000000618400000, 0x0000000618400000| Untracked 
|  38|0x0000000618600000, 0x0000000618600000, 0x0000000618800000|  0%| F|  |TAMS 0x0000000618600000, 0x0000000618600000| Untracked 
|  39|0x0000000618800000, 0x0000000618800000, 0x0000000618a00000|  0%| F|  |TAMS 0x0000000618800000, 0x0000000618800000| Untracked 
|  40|0x0000000618a00000, 0x0000000618a00000, 0x0000000618c00000|  0%| F|  |TAMS 0x0000000618a00000, 0x0000000618a00000| Untracked 
|  41|0x0000000618c00000, 0x0000000618c00000, 0x0000000618e00000|  0%| F|  |TAMS 0x0000000618c00000, 0x0000000618c00000| Untracked 
|  42|0x0000000618e00000, 0x0000000618e00000, 0x0000000619000000|  0%| F|  |TAMS 0x0000000618e00000, 0x0000000618e00000| Untracked 
|  43|0x0000000619000000, 0x0000000619000000, 0x0000000619200000|  0%| F|  |TAMS 0x0000000619000000, 0x0000000619000000| Untracked 
|  44|0x0000000619200000, 0x0000000619200000, 0x0000000619400000|  0%| F|  |TAMS 0x0000000619200000, 0x0000000619200000| Untracked 
|  45|0x0000000619400000, 0x0000000619400000, 0x0000000619600000|  0%| F|  |TAMS 0x0000000619400000, 0x0000000619400000| Untracked 
|  46|0x0000000619600000, 0x0000000619600000, 0x0000000619800000|  0%| F|  |TAMS 0x0000000619600000, 0x0000000619600000| Untracked 
|  47|0x0000000619800000, 0x0000000619800000, 0x0000000619a00000|  0%| F|  |TAMS 0x0000000619800000, 0x0000000619800000| Untracked 
|  48|0x0000000619a00000, 0x0000000619a00000, 0x0000000619c00000|  0%| F|  |TAMS 0x0000000619a00000, 0x0000000619a00000| Untracked 
|  49|0x0000000619c00000, 0x0000000619c00000, 0x0000000619e00000|  0%| F|  |TAMS 0x0000000619c00000, 0x0000000619c00000| Untracked 
|  50|0x0000000619e00000, 0x0000000619e00000, 0x000000061a000000|  0%| F|  |TAMS 0x0000000619e00000, 0x0000000619e00000| Untracked 
|  51|0x000000061a000000, 0x000000061a000000, 0x000000061a200000|  0%| F|  |TAMS 0x000000061a000000, 0x000000061a000000| Untracked 
|  52|0x000000061a200000, 0x000000061a200000, 0x000000061a400000|  0%| F|  |TAMS 0x000000061a200000, 0x000000061a200000| Untracked 
|  53|0x000000061a400000, 0x000000061a400000, 0x000000061a600000|  0%| F|  |TAMS 0x000000061a400000, 0x000000061a400000| Untracked 
|  54|0x000000061a600000, 0x000000061a600000, 0x000000061a800000|  0%| F|  |TAMS 0x000000061a600000, 0x000000061a600000| Untracked 
|  55|0x000000061a800000, 0x000000061a800000, 0x000000061aa00000|  0%| F|  |TAMS 0x000000061a800000, 0x000000061a800000| Untracked 
|  56|0x000000061aa00000, 0x000000061aa00000, 0x000000061ac00000|  0%| F|  |TAMS 0x000000061aa00000, 0x000000061aa00000| Untracked 
|  57|0x000000061ac00000, 0x000000061ac00000, 0x000000061ae00000|  0%| F|  |TAMS 0x000000061ac00000, 0x000000061ac00000| Untracked 
|  58|0x000000061ae00000, 0x000000061ae00000, 0x000000061b000000|  0%| F|  |TAMS 0x000000061ae00000, 0x000000061ae00000| Untracked 
|  59|0x000000061b000000, 0x000000061b000000, 0x000000061b200000|  0%| F|  |TAMS 0x000000061b000000, 0x000000061b000000| Untracked 
|  60|0x000000061b200000, 0x000000061b200000, 0x000000061b400000|  0%| F|  |TAMS 0x000000061b200000, 0x000000061b200000| Untracked 
|  61|0x000000061b400000, 0x000000061b400000, 0x000000061b600000|  0%| F|  |TAMS 0x000000061b400000, 0x000000061b400000| Untracked 
|  62|0x000000061b600000, 0x000000061b600000, 0x000000061b800000|  0%| F|  |TAMS 0x000000061b600000, 0x000000061b600000| Untracked 
|  63|0x000000061b800000, 0x000000061b800000, 0x000000061ba00000|  0%| F|  |TAMS 0x000000061b800000, 0x000000061b800000| Untracked 
|  64|0x000000061ba00000, 0x000000061ba00000, 0x000000061bc00000|  0%| F|  |TAMS 0x000000061ba00000, 0x000000061ba00000| Untracked 
|  65|0x000000061bc00000, 0x000000061bc00000, 0x000000061be00000|  0%| F|  |TAMS 0x000000061bc00000, 0x000000061bc00000| Untracked 
|  66|0x000000061be00000, 0x000000061be00000, 0x000000061c000000|  0%| F|  |TAMS 0x000000061be00000, 0x000000061be00000| Untracked 
|  67|0x000000061c000000, 0x000000061c000000, 0x000000061c200000|  0%| F|  |TAMS 0x000000061c000000, 0x000000061c000000| Untracked 
|  68|0x000000061c200000, 0x000000061c200000, 0x000000061c400000|  0%| F|  |TAMS 0x000000061c200000, 0x000000061c200000| Untracked 
|  69|0x000000061c400000, 0x000000061c400000, 0x000000061c600000|  0%| F|  |TAMS 0x000000061c400000, 0x000000061c400000| Untracked 
|  70|0x000000061c600000, 0x000000061c600000, 0x000000061c800000|  0%| F|  |TAMS 0x000000061c600000, 0x000000061c600000| Untracked 
|  71|0x000000061c800000, 0x000000061c800000, 0x000000061ca00000|  0%| F|  |TAMS 0x000000061c800000, 0x000000061c800000| Untracked 
|  72|0x000000061ca00000, 0x000000061ca00000, 0x000000061cc00000|  0%| F|  |TAMS 0x000000061ca00000, 0x000000061ca00000| Untracked 
|  73|0x000000061cc00000, 0x000000061cc00000, 0x000000061ce00000|  0%| F|  |TAMS 0x000000061cc00000, 0x000000061cc00000| Untracked 
|  74|0x000000061ce00000, 0x000000061ce00000, 0x000000061d000000|  0%| F|  |TAMS 0x000000061ce00000, 0x000000061ce00000| Untracked 
|  75|0x000000061d000000, 0x000000061d000000, 0x000000061d200000|  0%| F|  |TAMS 0x000000061d000000, 0x000000061d000000| Untracked 
|  76|0x000000061d200000, 0x000000061d200000, 0x000000061d400000|  0%| F|  |TAMS 0x000000061d200000, 0x000000061d200000| Untracked 
|  77|0x000000061d400000, 0x000000061d400000, 0x000000061d600000|  0%| F|  |TAMS 0x000000061d400000, 0x000000061d400000| Untracked 
|  78|0x000000061d600000, 0x000000061d600000, 0x000000061d800000|  0%| F|  |TAMS 0x000000061d600000, 0x000000061d600000| Untracked 
|  79|0x000000061d800000, 0x000000061d800000, 0x000000061da00000|  0%| F|  |TAMS 0x000000061d800000, 0x000000061d800000| Untracked 
|  80|0x000000061da00000, 0x000000061da00000, 0x000000061dc00000|  0%| F|  |TAMS 0x000000061da00000, 0x000000061da00000| Untracked 
|  81|0x000000061dc00000, 0x000000061dc00000, 0x000000061de00000|  0%| F|  |TAMS 0x000000061dc00000, 0x000000061dc00000| Untracked 
|  82|0x000000061de00000, 0x000000061de00000, 0x000000061e000000|  0%| F|  |TAMS 0x000000061de00000, 0x000000061de00000| Untracked 
|  83|0x000000061e000000, 0x000000061e000000, 0x000000061e200000|  0%| F|  |TAMS 0x000000061e000000, 0x000000061e000000| Untracked 
|  84|0x000000061e200000, 0x000000061e200000, 0x000000061e400000|  0%| F|  |TAMS 0x000000061e200000, 0x000000061e200000| Untracked 
|  85|0x000000061e400000, 0x000000061e400000, 0x000000061e600000|  0%| F|  |TAMS 0x000000061e400000, 0x000000061e400000| Untracked 
|  86|0x000000061e600000, 0x000000061e600000, 0x000000061e800000|  0%| F|  |TAMS 0x000000061e600000, 0x000000061e600000| Untracked 
|  87|0x000000061e800000, 0x000000061e800000, 0x000000061ea00000|  0%| F|  |TAMS 0x000000061e800000, 0x000000061e800000| Untracked 
|  88|0x000000061ea00000, 0x000000061ea00000, 0x000000061ec00000|  0%| F|  |TAMS 0x000000061ea00000, 0x000000061ea00000| Untracked 
|  89|0x000000061ec00000, 0x000000061ec00000, 0x000000061ee00000|  0%| F|  |TAMS 0x000000061ec00000, 0x000000061ec00000| Untracked 
|  90|0x000000061ee00000, 0x000000061ee00000, 0x000000061f000000|  0%| F|  |TAMS 0x000000061ee00000, 0x000000061ee00000| Untracked 
|  91|0x000000061f000000, 0x000000061f000000, 0x000000061f200000|  0%| F|  |TAMS 0x000000061f000000, 0x000000061f000000| Untracked 
|  92|0x000000061f200000, 0x000000061f200000, 0x000000061f400000|  0%| F|  |TAMS 0x000000061f200000, 0x000000061f200000| Untracked 
|  93|0x000000061f400000, 0x000000061f400000, 0x000000061f600000|  0%| F|  |TAMS 0x000000061f400000, 0x000000061f400000| Untracked 
|  94|0x000000061f600000, 0x000000061f600000, 0x000000061f800000|  0%| F|  |TAMS 0x000000061f600000, 0x000000061f600000| Untracked 
|  95|0x000000061f800000, 0x000000061f800000, 0x000000061fa00000|  0%| F|  |TAMS 0x000000061f800000, 0x000000061f800000| Untracked 
|  96|0x000000061fa00000, 0x000000061fa00000, 0x000000061fc00000|  0%| F|  |TAMS 0x000000061fa00000, 0x000000061fa00000| Untracked 
|  97|0x000000061fc00000, 0x000000061fc00000, 0x000000061fe00000|  0%| F|  |TAMS 0x000000061fc00000, 0x000000061fc00000| Untracked 
|  98|0x000000061fe00000, 0x000000061fe00000, 0x0000000620000000|  0%| F|  |TAMS 0x000000061fe00000, 0x000000061fe00000| Untracked 
|  99|0x0000000620000000, 0x0000000620000000, 0x0000000620200000|  0%| F|  |TAMS 0x0000000620000000, 0x0000000620000000| Untracked 
| 100|0x0000000620200000, 0x0000000620200000, 0x0000000620400000|  0%| F|  |TAMS 0x0000000620200000, 0x0000000620200000| Untracked 
| 101|0x0000000620400000, 0x0000000620400000, 0x0000000620600000|  0%| F|  |TAMS 0x0000000620400000, 0x0000000620400000| Untracked 
| 102|0x0000000620600000, 0x0000000620600000, 0x0000000620800000|  0%| F|  |TAMS 0x0000000620600000, 0x0000000620600000| Untracked 
| 103|0x0000000620800000, 0x0000000620800000, 0x0000000620a00000|  0%| F|  |TAMS 0x0000000620800000, 0x0000000620800000| Untracked 
| 104|0x0000000620a00000, 0x0000000620a00000, 0x0000000620c00000|  0%| F|  |TAMS 0x0000000620a00000, 0x0000000620a00000| Untracked 
| 105|0x0000000620c00000, 0x0000000620c00000, 0x0000000620e00000|  0%| F|  |TAMS 0x0000000620c00000, 0x0000000620c00000| Untracked 
| 106|0x0000000620e00000, 0x0000000620e00000, 0x0000000621000000|  0%| F|  |TAMS 0x0000000620e00000, 0x0000000620e00000| Untracked 
| 107|0x0000000621000000, 0x0000000621000000, 0x0000000621200000|  0%| F|  |TAMS 0x0000000621000000, 0x0000000621000000| Untracked 
| 108|0x0000000621200000, 0x0000000621200000, 0x0000000621400000|  0%| F|  |TAMS 0x0000000621200000, 0x0000000621200000| Untracked 
| 109|0x0000000621400000, 0x0000000621400000, 0x0000000621600000|  0%| F|  |TAMS 0x0000000621400000, 0x0000000621400000| Untracked 
| 110|0x0000000621600000, 0x0000000621600000, 0x0000000621800000|  0%| F|  |TAMS 0x0000000621600000, 0x0000000621600000| Untracked 
| 111|0x0000000621800000, 0x0000000621800000, 0x0000000621a00000|  0%| F|  |TAMS 0x0000000621800000, 0x0000000621800000| Untracked 
| 112|0x0000000621a00000, 0x0000000621a00000, 0x0000000621c00000|  0%| F|  |TAMS 0x0000000621a00000, 0x0000000621a00000| Untracked 
| 113|0x0000000621c00000, 0x0000000621c00000, 0x0000000621e00000|  0%| F|  |TAMS 0x0000000621c00000, 0x0000000621c00000| Untracked 
| 114|0x0000000621e00000, 0x0000000621e00000, 0x0000000622000000|  0%| F|  |TAMS 0x0000000621e00000, 0x0000000621e00000| Untracked 
| 115|0x0000000622000000, 0x0000000622000000, 0x0000000622200000|  0%| F|  |TAMS 0x0000000622000000, 0x0000000622000000| Untracked 
| 116|0x0000000622200000, 0x0000000622200000, 0x0000000622400000|  0%| F|  |TAMS 0x0000000622200000, 0x0000000622200000| Untracked 
| 117|0x0000000622400000, 0x0000000622400000, 0x0000000622600000|  0%| F|  |TAMS 0x0000000622400000, 0x0000000622400000| Untracked 
| 118|0x0000000622600000, 0x0000000622600000, 0x0000000622800000|  0%| F|  |TAMS 0x0000000622600000, 0x0000000622600000| Untracked 
| 119|0x0000000622800000, 0x0000000622800000, 0x0000000622a00000|  0%| F|  |TAMS 0x0000000622800000, 0x0000000622800000| Untracked 
| 120|0x0000000622a00000, 0x0000000622a00000, 0x0000000622c00000|  0%| F|  |TAMS 0x0000000622a00000, 0x0000000622a00000| Untracked 
| 121|0x0000000622c00000, 0x0000000622c00000, 0x0000000622e00000|  0%| F|  |TAMS 0x0000000622c00000, 0x0000000622c00000| Untracked 
| 122|0x0000000622e00000, 0x0000000622e00000, 0x0000000623000000|  0%| F|  |TAMS 0x0000000622e00000, 0x0000000622e00000| Untracked 
| 123|0x0000000623000000, 0x0000000623000000, 0x0000000623200000|  0%| F|  |TAMS 0x0000000623000000, 0x0000000623000000| Untracked 
| 124|0x0000000623200000, 0x0000000623200000, 0x0000000623400000|  0%| F|  |TAMS 0x0000000623200000, 0x0000000623200000| Untracked 
| 125|0x0000000623400000, 0x0000000623400000, 0x0000000623600000|  0%| F|  |TAMS 0x0000000623400000, 0x0000000623400000| Untracked 
| 126|0x0000000623600000, 0x0000000623600000, 0x0000000623800000|  0%| F|  |TAMS 0x0000000623600000, 0x0000000623600000| Untracked 
| 127|0x0000000623800000, 0x0000000623800000, 0x0000000623a00000|  0%| F|  |TAMS 0x0000000623800000, 0x0000000623800000| Untracked 
| 128|0x0000000623a00000, 0x0000000623a00000, 0x0000000623c00000|  0%| F|  |TAMS 0x0000000623a00000, 0x0000000623a00000| Untracked 
| 129|0x0000000623c00000, 0x0000000623c00000, 0x0000000623e00000|  0%| F|  |TAMS 0x0000000623c00000, 0x0000000623c00000| Untracked 
| 130|0x0000000623e00000, 0x0000000623e00000, 0x0000000624000000|  0%| F|  |TAMS 0x0000000623e00000, 0x0000000623e00000| Untracked 
| 131|0x0000000624000000, 0x0000000624000000, 0x0000000624200000|  0%| F|  |TAMS 0x0000000624000000, 0x0000000624000000| Untracked 
| 132|0x0000000624200000, 0x0000000624200000, 0x0000000624400000|  0%| F|  |TAMS 0x0000000624200000, 0x0000000624200000| Untracked 
| 133|0x0000000624400000, 0x0000000624400000, 0x0000000624600000|  0%| F|  |TAMS 0x0000000624400000, 0x0000000624400000| Untracked 
| 134|0x0000000624600000, 0x0000000624600000, 0x0000000624800000|  0%| F|  |TAMS 0x0000000624600000, 0x0000000624600000| Untracked 
| 135|0x0000000624800000, 0x0000000624800000, 0x0000000624a00000|  0%| F|  |TAMS 0x0000000624800000, 0x0000000624800000| Untracked 
| 136|0x0000000624a00000, 0x0000000624a00000, 0x0000000624c00000|  0%| F|  |TAMS 0x0000000624a00000, 0x0000000624a00000| Untracked 
| 137|0x0000000624c00000, 0x0000000624c00000, 0x0000000624e00000|  0%| F|  |TAMS 0x0000000624c00000, 0x0000000624c00000| Untracked 
| 138|0x0000000624e00000, 0x0000000624e00000, 0x0000000625000000|  0%| F|  |TAMS 0x0000000624e00000, 0x0000000624e00000| Untracked 
| 139|0x0000000625000000, 0x0000000625000000, 0x0000000625200000|  0%| F|  |TAMS 0x0000000625000000, 0x0000000625000000| Untracked 
| 140|0x0000000625200000, 0x0000000625200000, 0x0000000625400000|  0%| F|  |TAMS 0x0000000625200000, 0x0000000625200000| Untracked 
| 141|0x0000000625400000, 0x0000000625400000, 0x0000000625600000|  0%| F|  |TAMS 0x0000000625400000, 0x0000000625400000| Untracked 
| 142|0x0000000625600000, 0x0000000625600000, 0x0000000625800000|  0%| F|  |TAMS 0x0000000625600000, 0x0000000625600000| Untracked 
| 143|0x0000000625800000, 0x0000000625800000, 0x0000000625a00000|  0%| F|  |TAMS 0x0000000625800000, 0x0000000625800000| Untracked 
| 144|0x0000000625a00000, 0x0000000625a00000, 0x0000000625c00000|  0%| F|  |TAMS 0x0000000625a00000, 0x0000000625a00000| Untracked 
| 145|0x0000000625c00000, 0x0000000625c00000, 0x0000000625e00000|  0%| F|  |TAMS 0x0000000625c00000, 0x0000000625c00000| Untracked 
| 146|0x0000000625e00000, 0x0000000625e00000, 0x0000000626000000|  0%| F|  |TAMS 0x0000000625e00000, 0x0000000625e00000| Untracked 
| 147|0x0000000626000000, 0x0000000626000000, 0x0000000626200000|  0%| F|  |TAMS 0x0000000626000000, 0x0000000626000000| Untracked 
| 148|0x0000000626200000, 0x0000000626200000, 0x0000000626400000|  0%| F|  |TAMS 0x0000000626200000, 0x0000000626200000| Untracked 
| 149|0x0000000626400000, 0x0000000626400000, 0x0000000626600000|  0%| F|  |TAMS 0x0000000626400000, 0x0000000626400000| Untracked 
| 150|0x0000000626600000, 0x0000000626600000, 0x0000000626800000|  0%| F|  |TAMS 0x0000000626600000, 0x0000000626600000| Untracked 
| 151|0x0000000626800000, 0x0000000626800000, 0x0000000626a00000|  0%| F|  |TAMS 0x0000000626800000, 0x0000000626800000| Untracked 
| 152|0x0000000626a00000, 0x0000000626a00000, 0x0000000626c00000|  0%| F|  |TAMS 0x0000000626a00000, 0x0000000626a00000| Untracked 
| 153|0x0000000626c00000, 0x0000000626c00000, 0x0000000626e00000|  0%| F|  |TAMS 0x0000000626c00000, 0x0000000626c00000| Untracked 
| 154|0x0000000626e00000, 0x0000000626e00000, 0x0000000627000000|  0%| F|  |TAMS 0x0000000626e00000, 0x0000000626e00000| Untracked 
| 155|0x0000000627000000, 0x0000000627000000, 0x0000000627200000|  0%| F|  |TAMS 0x0000000627000000, 0x0000000627000000| Untracked 
| 156|0x0000000627200000, 0x0000000627200000, 0x0000000627400000|  0%| F|  |TAMS 0x0000000627200000, 0x0000000627200000| Untracked 
| 157|0x0000000627400000, 0x0000000627400000, 0x0000000627600000|  0%| F|  |TAMS 0x0000000627400000, 0x0000000627400000| Untracked 
| 158|0x0000000627600000, 0x0000000627600000, 0x0000000627800000|  0%| F|  |TAMS 0x0000000627600000, 0x0000000627600000| Untracked 
| 159|0x0000000627800000, 0x0000000627800000, 0x0000000627a00000|  0%| F|  |TAMS 0x0000000627800000, 0x0000000627800000| Untracked 
| 160|0x0000000627a00000, 0x0000000627a00000, 0x0000000627c00000|  0%| F|  |TAMS 0x0000000627a00000, 0x0000000627a00000| Untracked 
| 161|0x0000000627c00000, 0x0000000627c00000, 0x0000000627e00000|  0%| F|  |TAMS 0x0000000627c00000, 0x0000000627c00000| Untracked 
| 162|0x0000000627e00000, 0x0000000627e00000, 0x0000000628000000|  0%| F|  |TAMS 0x0000000627e00000, 0x0000000627e00000| Untracked 
| 163|0x0000000628000000, 0x0000000628000000, 0x0000000628200000|  0%| F|  |TAMS 0x0000000628000000, 0x0000000628000000| Untracked 
| 164|0x0000000628200000, 0x0000000628200000, 0x0000000628400000|  0%| F|  |TAMS 0x0000000628200000, 0x0000000628200000| Untracked 
| 165|0x0000000628400000, 0x0000000628400000, 0x0000000628600000|  0%| F|  |TAMS 0x0000000628400000, 0x0000000628400000| Untracked 
| 166|0x0000000628600000, 0x0000000628600000, 0x0000000628800000|  0%| F|  |TAMS 0x0000000628600000, 0x0000000628600000| Untracked 
| 167|0x0000000628800000, 0x0000000628800000, 0x0000000628a00000|  0%| F|  |TAMS 0x0000000628800000, 0x0000000628800000| Untracked 
| 168|0x0000000628a00000, 0x0000000628a00000, 0x0000000628c00000|  0%| F|  |TAMS 0x0000000628a00000, 0x0000000628a00000| Untracked 
| 169|0x0000000628c00000, 0x0000000628c00000, 0x0000000628e00000|  0%| F|  |TAMS 0x0000000628c00000, 0x0000000628c00000| Untracked 
| 170|0x0000000628e00000, 0x0000000628e00000, 0x0000000629000000|  0%| F|  |TAMS 0x0000000628e00000, 0x0000000628e00000| Untracked 
| 171|0x0000000629000000, 0x0000000629000000, 0x0000000629200000|  0%| F|  |TAMS 0x0000000629000000, 0x0000000629000000| Untracked 
| 172|0x0000000629200000, 0x0000000629200000, 0x0000000629400000|  0%| F|  |TAMS 0x0000000629200000, 0x0000000629200000| Untracked 
| 173|0x0000000629400000, 0x0000000629400000, 0x0000000629600000|  0%| F|  |TAMS 0x0000000629400000, 0x0000000629400000| Untracked 
| 174|0x0000000629600000, 0x0000000629600000, 0x0000000629800000|  0%| F|  |TAMS 0x0000000629600000, 0x0000000629600000| Untracked 
| 175|0x0000000629800000, 0x0000000629800000, 0x0000000629a00000|  0%| F|  |TAMS 0x0000000629800000, 0x0000000629800000| Untracked 
| 176|0x0000000629a00000, 0x0000000629a00000, 0x0000000629c00000|  0%| F|  |TAMS 0x0000000629a00000, 0x0000000629a00000| Untracked 
| 177|0x0000000629c00000, 0x0000000629c00000, 0x0000000629e00000|  0%| F|  |TAMS 0x0000000629c00000, 0x0000000629c00000| Untracked 
| 178|0x0000000629e00000, 0x0000000629e00000, 0x000000062a000000|  0%| F|  |TAMS 0x0000000629e00000, 0x0000000629e00000| Untracked 
| 179|0x000000062a000000, 0x000000062a000000, 0x000000062a200000|  0%| F|  |TAMS 0x000000062a000000, 0x000000062a000000| Untracked 
| 180|0x000000062a200000, 0x000000062a200000, 0x000000062a400000|  0%| F|  |TAMS 0x000000062a200000, 0x000000062a200000| Untracked 
| 181|0x000000062a400000, 0x000000062a400000, 0x000000062a600000|  0%| F|  |TAMS 0x000000062a400000, 0x000000062a400000| Untracked 
| 182|0x000000062a600000, 0x000000062a600000, 0x000000062a800000|  0%| F|  |TAMS 0x000000062a600000, 0x000000062a600000| Untracked 
| 183|0x000000062a800000, 0x000000062a800000, 0x000000062aa00000|  0%| F|  |TAMS 0x000000062a800000, 0x000000062a800000| Untracked 
| 184|0x000000062aa00000, 0x000000062aa00000, 0x000000062ac00000|  0%| F|  |TAMS 0x000000062aa00000, 0x000000062aa00000| Untracked 
| 185|0x000000062ac00000, 0x000000062ac00000, 0x000000062ae00000|  0%| F|  |TAMS 0x000000062ac00000, 0x000000062ac00000| Untracked 
| 186|0x000000062ae00000, 0x000000062ae00000, 0x000000062b000000|  0%| F|  |TAMS 0x000000062ae00000, 0x000000062ae00000| Untracked 
| 187|0x000000062b000000, 0x000000062b000000, 0x000000062b200000|  0%| F|  |TAMS 0x000000062b000000, 0x000000062b000000| Untracked 
| 188|0x000000062b200000, 0x000000062b200000, 0x000000062b400000|  0%| F|  |TAMS 0x000000062b200000, 0x000000062b200000| Untracked 
| 189|0x000000062b400000, 0x000000062b400000, 0x000000062b600000|  0%| F|  |TAMS 0x000000062b400000, 0x000000062b400000| Untracked 
| 190|0x000000062b600000, 0x000000062b600000, 0x000000062b800000|  0%| F|  |TAMS 0x000000062b600000, 0x000000062b600000| Untracked 
| 191|0x000000062b800000, 0x000000062b800000, 0x000000062ba00000|  0%| F|  |TAMS 0x000000062b800000, 0x000000062b800000| Untracked 
| 192|0x000000062ba00000, 0x000000062ba00000, 0x000000062bc00000|  0%| F|  |TAMS 0x000000062ba00000, 0x000000062ba00000| Untracked 
| 193|0x000000062bc00000, 0x000000062bc00000, 0x000000062be00000|  0%| F|  |TAMS 0x000000062bc00000, 0x000000062bc00000| Untracked 
| 194|0x000000062be00000, 0x000000062be00000, 0x000000062c000000|  0%| F|  |TAMS 0x000000062be00000, 0x000000062be00000| Untracked 
| 195|0x000000062c000000, 0x000000062c000000, 0x000000062c200000|  0%| F|  |TAMS 0x000000062c000000, 0x000000062c000000| Untracked 
| 196|0x000000062c200000, 0x000000062c200000, 0x000000062c400000|  0%| F|  |TAMS 0x000000062c200000, 0x000000062c200000| Untracked 
| 197|0x000000062c400000, 0x000000062c400000, 0x000000062c600000|  0%| F|  |TAMS 0x000000062c400000, 0x000000062c400000| Untracked 
| 198|0x000000062c600000, 0x000000062c600000, 0x000000062c800000|  0%| F|  |TAMS 0x000000062c600000, 0x000000062c600000| Untracked 
| 199|0x000000062c800000, 0x000000062c800000, 0x000000062ca00000|  0%| F|  |TAMS 0x000000062c800000, 0x000000062c800000| Untracked 
| 200|0x000000062ca00000, 0x000000062ca00000, 0x000000062cc00000|  0%| F|  |TAMS 0x000000062ca00000, 0x000000062ca00000| Untracked 
| 201|0x000000062cc00000, 0x000000062cc00000, 0x000000062ce00000|  0%| F|  |TAMS 0x000000062cc00000, 0x000000062cc00000| Untracked 
| 202|0x000000062ce00000, 0x000000062ce00000, 0x000000062d000000|  0%| F|  |TAMS 0x000000062ce00000, 0x000000062ce00000| Untracked 
| 203|0x000000062d000000, 0x000000062d000000, 0x000000062d200000|  0%| F|  |TAMS 0x000000062d000000, 0x000000062d000000| Untracked 
| 204|0x000000062d200000, 0x000000062d200000, 0x000000062d400000|  0%| F|  |TAMS 0x000000062d200000, 0x000000062d200000| Untracked 
| 205|0x000000062d400000, 0x000000062d400000, 0x000000062d600000|  0%| F|  |TAMS 0x000000062d400000, 0x000000062d400000| Untracked 
| 206|0x000000062d600000, 0x000000062d600000, 0x000000062d800000|  0%| F|  |TAMS 0x000000062d600000, 0x000000062d600000| Untracked 
| 207|0x000000062d800000, 0x000000062d800000, 0x000000062da00000|  0%| F|  |TAMS 0x000000062d800000, 0x000000062d800000| Untracked 
| 208|0x000000062da00000, 0x000000062da00000, 0x000000062dc00000|  0%| F|  |TAMS 0x000000062da00000, 0x000000062da00000| Untracked 
| 209|0x000000062dc00000, 0x000000062dc00000, 0x000000062de00000|  0%| F|  |TAMS 0x000000062dc00000, 0x000000062dc00000| Untracked 
| 210|0x000000062de00000, 0x000000062de00000, 0x000000062e000000|  0%| F|  |TAMS 0x000000062de00000, 0x000000062de00000| Untracked 
| 211|0x000000062e000000, 0x000000062e000000, 0x000000062e200000|  0%| F|  |TAMS 0x000000062e000000, 0x000000062e000000| Untracked 
| 212|0x000000062e200000, 0x000000062e200000, 0x000000062e400000|  0%| F|  |TAMS 0x000000062e200000, 0x000000062e200000| Untracked 
| 213|0x000000062e400000, 0x000000062e400000, 0x000000062e600000|  0%| F|  |TAMS 0x000000062e400000, 0x000000062e400000| Untracked 
| 214|0x000000062e600000, 0x000000062e600000, 0x000000062e800000|  0%| F|  |TAMS 0x000000062e600000, 0x000000062e600000| Untracked 
| 215|0x000000062e800000, 0x000000062e800000, 0x000000062ea00000|  0%| F|  |TAMS 0x000000062e800000, 0x000000062e800000| Untracked 
| 216|0x000000062ea00000, 0x000000062ea00000, 0x000000062ec00000|  0%| F|  |TAMS 0x000000062ea00000, 0x000000062ea00000| Untracked 
| 217|0x000000062ec00000, 0x000000062ec00000, 0x000000062ee00000|  0%| F|  |TAMS 0x000000062ec00000, 0x000000062ec00000| Untracked 
| 218|0x000000062ee00000, 0x000000062ee00000, 0x000000062f000000|  0%| F|  |TAMS 0x000000062ee00000, 0x000000062ee00000| Untracked 
| 219|0x000000062f000000, 0x000000062f000000, 0x000000062f200000|  0%| F|  |TAMS 0x000000062f000000, 0x000000062f000000| Untracked 
| 220|0x000000062f200000, 0x000000062f200000, 0x000000062f400000|  0%| F|  |TAMS 0x000000062f200000, 0x000000062f200000| Untracked 
| 221|0x000000062f400000, 0x000000062f400000, 0x000000062f600000|  0%| F|  |TAMS 0x000000062f400000, 0x000000062f400000| Untracked 
| 222|0x000000062f600000, 0x000000062f600000, 0x000000062f800000|  0%| F|  |TAMS 0x000000062f600000, 0x000000062f600000| Untracked 
| 223|0x000000062f800000, 0x000000062f800000, 0x000000062fa00000|  0%| F|  |TAMS 0x000000062f800000, 0x000000062f800000| Untracked 
| 224|0x000000062fa00000, 0x000000062fa00000, 0x000000062fc00000|  0%| F|  |TAMS 0x000000062fa00000, 0x000000062fa00000| Untracked 
| 225|0x000000062fc00000, 0x000000062fc00000, 0x000000062fe00000|  0%| F|  |TAMS 0x000000062fc00000, 0x000000062fc00000| Untracked 
| 226|0x000000062fe00000, 0x000000062feca0c8, 0x0000000630000000| 39%| S|CS|TAMS 0x000000062fe00000, 0x000000062fe00000| Complete 
| 227|0x0000000630000000, 0x0000000630200000, 0x0000000630200000|100%| S|CS|TAMS 0x0000000630000000, 0x0000000630000000| Complete 
| 228|0x0000000630200000, 0x0000000630200000, 0x0000000630400000|  0%| F|  |TAMS 0x0000000630200000, 0x0000000630200000| Untracked 
| 229|0x0000000630400000, 0x0000000630400000, 0x0000000630600000|  0%| F|  |TAMS 0x0000000630400000, 0x0000000630400000| Untracked 
| 230|0x0000000630600000, 0x0000000630600000, 0x0000000630800000|  0%| F|  |TAMS 0x0000000630600000, 0x0000000630600000| Untracked 
| 231|0x0000000630800000, 0x0000000630800000, 0x0000000630a00000|  0%| F|  |TAMS 0x0000000630800000, 0x0000000630800000| Untracked 
| 232|0x0000000630a00000, 0x0000000630a46b88, 0x0000000630c00000| 13%| E|  |TAMS 0x0000000630a00000, 0x0000000630a00000| Complete 
| 233|0x0000000630c00000, 0x0000000630e00000, 0x0000000630e00000|100%| E|CS|TAMS 0x0000000630c00000, 0x0000000630c00000| Complete 
| 234|0x0000000630e00000, 0x0000000631000000, 0x0000000631000000|100%| E|CS|TAMS 0x0000000630e00000, 0x0000000630e00000| Complete 
| 235|0x0000000631000000, 0x0000000631200000, 0x0000000631200000|100%| E|CS|TAMS 0x0000000631000000, 0x0000000631000000| Complete 
| 236|0x0000000631200000, 0x0000000631400000, 0x0000000631400000|100%| E|CS|TAMS 0x0000000631200000, 0x0000000631200000| Complete 
| 237|0x0000000631400000, 0x0000000631600000, 0x0000000631600000|100%| E|CS|TAMS 0x0000000631400000, 0x0000000631400000| Complete 
| 238|0x0000000631600000, 0x0000000631800000, 0x0000000631800000|100%| E|CS|TAMS 0x0000000631600000, 0x0000000631600000| Complete 
| 239|0x0000000631800000, 0x0000000631a00000, 0x0000000631a00000|100%| E|CS|TAMS 0x0000000631800000, 0x0000000631800000| Complete 
| 240|0x0000000631a00000, 0x0000000631c00000, 0x0000000631c00000|100%| E|CS|TAMS 0x0000000631a00000, 0x0000000631a00000| Complete 
| 241|0x0000000631c00000, 0x0000000631e00000, 0x0000000631e00000|100%| E|CS|TAMS 0x0000000631c00000, 0x0000000631c00000| Complete 
| 242|0x0000000631e00000, 0x0000000632000000, 0x0000000632000000|100%| E|CS|TAMS 0x0000000631e00000, 0x0000000631e00000| Complete 
| 243|0x0000000632000000, 0x0000000632200000, 0x0000000632200000|100%| E|CS|TAMS 0x0000000632000000, 0x0000000632000000| Complete 
| 244|0x0000000632200000, 0x0000000632400000, 0x0000000632400000|100%| E|CS|TAMS 0x0000000632200000, 0x0000000632200000| Complete 
| 245|0x0000000632400000, 0x0000000632600000, 0x0000000632600000|100%| E|CS|TAMS 0x0000000632400000, 0x0000000632400000| Complete 
| 246|0x0000000632600000, 0x0000000632800000, 0x0000000632800000|100%| E|CS|TAMS 0x0000000632600000, 0x0000000632600000| Complete 

Card table byte_map: [0x0000021bfdf30000,0x0000021bfeea0000] _byte_map_base: 0x0000021bfae93000

Marking Bits (Prev, Next): (CMBitMap*) 0x0000021be54b5360, (CMBitMap*) 0x0000021be54b5328
 Prev Bits: [0x0000021b87b20000, 0x0000021b8f638000)
 Next Bits: [0x0000021b80000000, 0x0000021b87b18000)

Polling page: 0x0000021be32d0000

Metaspace:

Usage:
  Non-class:     25.81 MB capacity,    25.40 MB ( 98%) used,   340.59 KB (  1%) free+waste,    79.50 KB ( <1%) overhead. 
      Class:      3.26 MB capacity,     2.94 MB ( 90%) used,   286.08 KB (  9%) free+waste,    40.50 KB (  1%) overhead. 
       Both:     29.07 MB capacity,    28.34 MB ( 97%) used,   626.66 KB (  2%) free+waste,   120.00 KB ( <1%) overhead. 

Virtual space:
  Non-class space:       26.00 MB reserved,      26.00 MB (100%) committed 
      Class space:        1.00 GB reserved,       3.37 MB ( <1%) committed 
             Both:        1.03 GB reserved,      29.37 MB (  3%) committed 

Chunk freelists:
   Non-Class:  7.88 KB
       Class:  3.25 KB
        Both:  11.13 KB

CodeHeap 'non-profiled nmethods': size=119168Kb used=1808Kb max_used=1808Kb free=117359Kb
 bounds [0x0000021bf52e0000, 0x0000021bf5550000, 0x0000021bfc740000]
CodeHeap 'profiled nmethods': size=119168Kb used=8259Kb max_used=8259Kb free=110908Kb
 bounds [0x0000021bede80000, 0x0000021bee6a0000, 0x0000021bf52e0000]
CodeHeap 'non-nmethods': size=7424Kb used=1286Kb max_used=2995Kb free=6137Kb
 bounds [0x0000021bed740000, 0x0000021bedaa0000, 0x0000021bede80000]
 total_blobs=5384 nmethods=3756 adapters=594
 compilation: enabled
              stopped_count=0, restarted_count=0
 full_count=0

Compilation events (10 events):
Event: 8.961 Thread 0x0000021b92f71000 3750       2       sun.java2d.loops.ScaledBlit::locate (13 bytes)
Event: 8.961 Thread 0x0000021b92f71000 nmethod 3750 0x0000021bee688810 code [0x0000021bee6889c0, 0x0000021bee688b70]
Event: 8.970 Thread 0x0000021b92f71000 3755       3       java.awt.image.BufferedImage::<init> (1012 bytes)
Event: 8.973 Thread 0x0000021b92f71000 nmethod 3755 0x0000021bee688c10 code [0x0000021bee6892a0, 0x0000021bee68ece0]
Event: 8.993 Thread 0x0000021b92f71000 3757       2       sun.java2d.SurfaceData::getSourceSurfaceData (110 bytes)
Event: 8.994 Thread 0x0000021b92f71000 nmethod 3757 0x0000021bee690010 code [0x0000021bee690220, 0x0000021bee690600]
Event: 9.001 Thread 0x0000021b92f71000 3758       3       com.jrealm.game.math.Vector2f::getWorldVarX (6 bytes)
Event: 9.002 Thread 0x0000021b92f71000 nmethod 3758 0x0000021bee690890 code [0x0000021bee690a40, 0x0000021bee690b98]
Event: 9.002 Thread 0x0000021b92f71000 3759       3       com.jrealm.game.math.Vector2f::getWorldVarY (6 bytes)
Event: 9.002 Thread 0x0000021b92f71000 nmethod 3759 0x0000021bee690c10 code [0x0000021bee690dc0, 0x0000021bee690f18]

GC Heap History (8 events):
Event: 0.729 GC heap before
{Heap before GC invocations=0 (full 0):
 garbage-first heap   total 505856K, used 22528K [0x0000000613a00000, 0x0000000800000000)
  region size 2048K, 12 young (24576K), 0 survivors (0K)
 Metaspace       used 15226K, capacity 15508K, committed 15744K, reserved 1062912K
  class space    used 1531K, capacity 1636K, committed 1664K, reserved 1048576K
}
Event: 0.734 GC heap after
{Heap after GC invocations=1 (full 0):
 garbage-first heap   total 505856K, used 3142K [0x0000000613a00000, 0x0000000800000000)
  region size 2048K, 2 young (4096K), 2 survivors (4096K)
 Metaspace       used 15226K, capacity 15508K, committed 15744K, reserved 1062912K
  class space    used 1531K, capacity 1636K, committed 1664K, reserved 1048576K
}
Event: 1.748 GC heap before
{Heap before GC invocations=1 (full 0):
 garbage-first heap   total 505856K, used 25670K [0x0000000613a00000, 0x0000000800000000)
  region size 2048K, 14 young (28672K), 2 survivors (4096K)
 Metaspace       used 20836K, capacity 21190K, committed 21248K, reserved 1069056K
  class space    used 2154K, capacity 2285K, committed 2304K, reserved 1048576K
}
Event: 1.755 GC heap after
{Heap after GC invocations=2 (full 0):
 garbage-first heap   total 505856K, used 10031K [0x0000000613a00000, 0x0000000800000000)
  region size 2048K, 5 young (10240K), 5 survivors (10240K)
 Metaspace       used 20836K, capacity 21190K, committed 21248K, reserved 1069056K
  class space    used 2154K, capacity 2285K, committed 2304K, reserved 1048576K
}
Event: 3.909 GC heap before
{Heap before GC invocations=3 (full 0):
 garbage-first heap   total 505856K, used 98095K [0x0000000613a00000, 0x0000000800000000)
  region size 2048K, 44 young (90112K), 5 survivors (10240K)
 Metaspace       used 28504K, capacity 29200K, committed 29436K, reserved 1075200K
  class space    used 2999K, capacity 3301K, committed 3324K, reserved 1048576K
}
Event: 3.921 GC heap after
{Heap after GC invocations=4 (full 0):
 garbage-first heap   total 505856K, used 44120K [0x0000000613a00000, 0x0000000800000000)
  region size 2048K, 6 young (12288K), 6 survivors (12288K)
 Metaspace       used 28504K, capacity 29200K, committed 29436K, reserved 1075200K
  class space    used 2999K, capacity 3301K, committed 3324K, reserved 1048576K
}
Event: 6.848 GC heap before
{Heap before GC invocations=4 (full 0):
 garbage-first heap   total 505856K, used 83032K [0x0000000613a00000, 0x0000000800000000)
  region size 2048K, 25 young (51200K), 6 survivors (12288K)
 Metaspace       used 28852K, capacity 29543K, committed 29692K, reserved 1075200K
  class space    used 3001K, capacity 3302K, committed 3324K, reserved 1048576K
}
Event: 6.853 GC heap after
{Heap after GC invocations=5 (full 0):
 garbage-first heap   total 505856K, used 48507K [0x0000000613a00000, 0x0000000800000000)
  region size 2048K, 2 young (4096K), 2 survivors (4096K)
 Metaspace       used 28852K, capacity 29543K, committed 29692K, reserved 1075200K
  class space    used 3001K, capacity 3302K, committed 3324K, reserved 1048576K
}

Deoptimization events (10 events):
Event: 8.938 Thread 0x0000021ba3cab000 Uncommon trap: reason=unstable_if action=reinterpret pc=0x0000021bf5406d9c method=sun.java2d.loops.RenderCache$Entry.matches(Lsun/java2d/loops/SurfaceType;Lsun/java2d/loops/CompositeType;Lsun/java2d/loops/SurfaceType;)Z @ 21 c2
Event: 8.938 Thread 0x0000021ba3cab000 Uncommon trap: reason=unstable_if action=reinterpret pc=0x0000021bf540316c method=sun.java2d.loops.RenderCache$Entry.matches(Lsun/java2d/loops/SurfaceType;Lsun/java2d/loops/CompositeType;Lsun/java2d/loops/SurfaceType;)Z @ 21 c2
Event: 8.938 Thread 0x0000021ba3cab000 Uncommon trap: reason=unstable_if action=reinterpret pc=0x0000021bf5467124 method=sun.java2d.loops.TransformHelper.getFromCache(Lsun/java2d/loops/SurfaceType;)Lsun/java2d/loops/TransformHelper; @ 11 c2
Event: 8.938 Thread 0x0000021ba3cab000 Uncommon trap: reason=unstable_if action=reinterpret pc=0x0000021bf5462ce4 method=sun.java2d.loops.RenderCache$Entry.matches(Lsun/java2d/loops/SurfaceType;Lsun/java2d/loops/CompositeType;Lsun/java2d/loops/SurfaceType;)Z @ 21 c2
Event: 8.949 Thread 0x0000021ba3cab000 Uncommon trap: reason=unstable_if action=reinterpret pc=0x0000021bf541c668 method=sun.java2d.SunGraphics2D.drawHiDPIImage(Ljava/awt/Image;IIIIIIIILjava/awt/Color;Ljava/awt/image/ImageObserver;Ljava/awt/geom/AffineTransform;)Ljava/lang/Boolean; @ 4 c2
Event: 8.949 Thread 0x0000021ba3cab000 Uncommon trap: reason=class_check action=maybe_recompile pc=0x0000021bf53fffec method=sun.java2d.SurfaceData.getSourceSurfaceData(Ljava/awt/Image;ILsun/java2d/loops/CompositeType;Ljava/awt/Color;)Lsun/java2d/SurfaceData; @ 8 c2
Event: 8.952 Thread 0x0000021b94a31800 Uncommon trap: reason=unstable_if action=reinterpret pc=0x0000021bf53fd4a8 method=sun.java2d.loops.RenderCache$Entry.matches(Lsun/java2d/loops/SurfaceType;Lsun/java2d/loops/CompositeType;Lsun/java2d/loops/SurfaceType;)Z @ 21 c2
Event: 8.967 Thread 0x0000021b94a31800 Uncommon trap: reason=class_check action=maybe_recompile pc=0x0000021bf53fffec method=sun.java2d.SurfaceData.getSourceSurfaceData(Ljava/awt/Image;ILsun/java2d/loops/CompositeType;Ljava/awt/Color;)Lsun/java2d/SurfaceData; @ 8 c2
Event: 8.980 Thread 0x0000021ba3ca2800 Uncommon trap: reason=class_check action=maybe_recompile pc=0x0000021bf53fffec method=sun.java2d.SurfaceData.getSourceSurfaceData(Ljava/awt/Image;ILsun/java2d/loops/CompositeType;Ljava/awt/Color;)Lsun/java2d/SurfaceData; @ 8 c2
Event: 8.991 Thread 0x0000021b94df2800 Uncommon trap: reason=class_check action=maybe_recompile pc=0x0000021bf53fffec method=sun.java2d.SurfaceData.getSourceSurfaceData(Ljava/awt/Image;ILsun/java2d/loops/CompositeType;Ljava/awt/Color;)Lsun/java2d/SurfaceData; @ 8 c2

Classes redefined (0 events):
No events

Internal exceptions (10 events):
Event: 3.086 Thread 0x0000021ba3ca6000 Exception <a 'java/lang/NoSuchMethodError'{0x000000062effe7c8}: java.lang.invoke.DirectMethodHandle$Holder.invokeSpecial(Ljava/lang/Object;Ljava/lang/Object;D)V> (0x000000062effe7c8) thrown at [c:/sb/prod/1680893669/workspace/open/src/hotspot/share/interp
Event: 3.087 Thread 0x0000021ba3ca6000 Exception <a 'java/lang/NoSuchMethodError'{0x000000062e004408}: java.lang.invoke.DirectMethodHandle$Holder.invokeStatic(Ljava/lang/Object;Ljava/lang/Object;D)Ljava/lang/Object;> (0x000000062e004408) thrown at [c:/sb/prod/1680893669/workspace/open/src/hots
Event: 3.616 Thread 0x0000021b94a28800 Exception <a 'java/lang/NoSuchMethodError'{0x000000062d7e6f38}: java.lang.invoke.DirectMethodHandle$Holder.invokeStatic(Ljava/lang/Object;Ljava/lang/Object;Ljava/lang/Object;Ljava/lang/Object;Ljava/lang/Object;Ljava/lang/Object;Ljava/lang/Object;Ljava/lan
Event: 3.616 Thread 0x0000021b94a28800 Exception <a 'java/lang/NoSuchMethodError'{0x000000062d7f2f60}: java.lang.invoke.DirectMethodHandle$Holder.invokeStatic(Ljava/lang/Object;Ljava/lang/Object;Ljava/lang/Object;Ljava/lang/Object;Ljava/lang/Object;Ljava/lang/Object;Ljava/lang/Object;Ljava/lan
Event: 9.005 Thread 0x0000021b94df4800 Exception <a 'java/io/FileNotFoundException'{0x0000000630a27638}> (0x0000000630a27638) thrown at [c:/sb/prod/1680893669/workspace/open/src/hotspot/share/prims/jni.cpp, line 615]
Event: 9.005 Thread 0x0000021b94df4800 Implicit null exception at 0x0000021bee3137b7 to 0x0000021bee314be1
Event: 9.005 Thread 0x0000021b94df4800 Exception <a 'java/lang/NullPointerException'{0x0000000630a27bf0}> (0x0000000630a27bf0) thrown at [c:/sb/prod/1680893669/workspace/open/src/hotspot/share/runtime/sharedRuntime.cpp, line 584]
Event: 9.005 Thread 0x0000021b94df4800 Exception <a 'java/io/FileNotFoundException'{0x0000000630a28a80}> (0x0000000630a28a80) thrown at [c:/sb/prod/1680893669/workspace/open/src/hotspot/share/prims/jni.cpp, line 615]
Event: 9.005 Thread 0x0000021b94df4800 Implicit null exception at 0x0000021bee3137b7 to 0x0000021bee314be1
Event: 9.005 Thread 0x0000021b94df4800 Exception <a 'java/lang/NullPointerException'{0x0000000630a292e0}> (0x0000000630a292e0) thrown at [c:/sb/prod/1680893669/workspace/open/src/hotspot/share/runtime/sharedRuntime.cpp, line 584]

Events (10 events):
Event: 8.991 Thread 0x0000021b94df2800 DEOPT PACKING pc=0x0000021bf53fffec sp=0x0000002a017fcad0
Event: 8.991 Thread 0x0000021b94df2800 DEOPT UNPACKING pc=0x0000021bed7691af sp=0x0000002a017fcaa8 mode 2
Event: 9.005 Executing VM operation: RevokeBias
Event: 9.005 Executing VM operation: RevokeBias done
Event: 9.005 loading class java/awt/FontFormatException
Event: 9.005 loading class java/awt/FontFormatException done
Event: 9.005 loading class java/nio/channels/ClosedChannelException
Event: 9.006 loading class java/nio/channels/ClosedChannelException done
Event: 9.006 loading class sun/font/NullFontScaler
Event: 9.007 loading class sun/font/NullFontScaler done


Dynamic libraries:
0x00007ff6ab4b0000 - 0x00007ff6ab4f5000 	D:\Development\Programs\jdk-11.0.0.1\bin\javaw.exe
0x00007ff9e7910000 - 0x00007ff9e7b07000 	C:\Windows\SYSTEM32\ntdll.dll
0x00007ff9e6a90000 - 0x00007ff9e6b4d000 	C:\Windows\System32\KERNEL32.DLL
0x00007ff9e5670000 - 0x00007ff9e5966000 	C:\Windows\System32\KERNELBASE.dll
0x0000000052e00000 - 0x0000000052e9d000 	C:\ProgramData\Symantec\Symantec Endpoint Protection\14.3.9225.6000.105\Data\Sysfer\x64\sysfer.dll
0x00007ff9e7730000 - 0x00007ff9e78ce000 	C:\Windows\System32\USER32.dll
0x00007ff9e5420000 - 0x00007ff9e5442000 	C:\Windows\System32\win32u.dll
0x00007ff9e76f0000 - 0x00007ff9e771c000 	C:\Windows\System32\GDI32.dll
0x00007ff9e5550000 - 0x00007ff9e566a000 	C:\Windows\System32\gdi32full.dll
0x00007ff9e5220000 - 0x00007ff9e52bd000 	C:\Windows\System32\msvcp_win.dll
0x00007ff9e5450000 - 0x00007ff9e5550000 	C:\Windows\System32\ucrtbase.dll
0x00007ff9c64c0000 - 0x00007ff9c675a000 	C:\Windows\WinSxS\amd64_microsoft.windows.common-controls_6595b64144ccf1df_6.0.19041.3570_none_60bb2a3971f3e41a\COMCTL32.dll
0x00007ff9e69f0000 - 0x00007ff9e6a8e000 	C:\Windows\System32\msvcrt.dll
0x00007ff9e6c70000 - 0x00007ff9e6ca0000 	C:\Windows\System32\IMM32.DLL
0x00007ff9e0d70000 - 0x00007ff9e0d86000 	D:\Development\Programs\jdk-11.0.0.1\bin\vcruntime140.dll
0x00007ff9d07e0000 - 0x00007ff9d088a000 	D:\Development\Programs\jdk-11.0.0.1\bin\msvcp140.dll
0x00007ff9645c0000 - 0x00007ff965103000 	D:\Development\Programs\jdk-11.0.0.1\bin\server\jvm.dll
0x00007ff9e6fd0000 - 0x00007ff9e707e000 	C:\Windows\System32\ADVAPI32.dll
0x00007ff9e6e60000 - 0x00007ff9e6efc000 	C:\Windows\System32\sechost.dll
0x00007ff9e75c0000 - 0x00007ff9e76e6000 	C:\Windows\System32\RPCRT4.dll
0x00007ff9e6180000 - 0x00007ff9e6188000 	C:\Windows\System32\PSAPI.DLL
0x00007ff9cf780000 - 0x00007ff9cf789000 	C:\Windows\SYSTEM32\WSOCK32.dll
0x00007ff9e7550000 - 0x00007ff9e75bb000 	C:\Windows\System32\WS2_32.dll
0x00007ff9e32f0000 - 0x00007ff9e3317000 	C:\Windows\SYSTEM32\WINMM.dll
0x00007ff9db6c0000 - 0x00007ff9db6ca000 	C:\Windows\SYSTEM32\VERSION.dll
0x00007ff9e37a0000 - 0x00007ff9e37b2000 	C:\Windows\SYSTEM32\kernel.appcore.dll
0x00007ff9e0d50000 - 0x00007ff9e0d61000 	D:\Development\Programs\jdk-11.0.0.1\bin\verify.dll
0x00007ff9e3020000 - 0x00007ff9e3204000 	C:\Windows\SYSTEM32\DBGHELP.DLL
0x00007ff9e32b0000 - 0x00007ff9e32e4000 	C:\Windows\SYSTEM32\dbgcore.DLL
0x00007ff9e4ff0000 - 0x00007ff9e5072000 	C:\Windows\System32\bcryptPrimitives.dll
0x00007ff9d07b0000 - 0x00007ff9d07d8000 	D:\Development\Programs\jdk-11.0.0.1\bin\java.dll
0x00007ff9e0c00000 - 0x00007ff9e0c16000 	D:\Development\Programs\jdk-11.0.0.1\bin\zip.dll
0x00007ff9e1190000 - 0x00007ff9e119a000 	D:\Development\Programs\jdk-11.0.0.1\bin\jimage.dll
0x00007ff9e5970000 - 0x00007ff9e60b4000 	C:\Windows\System32\SHELL32.dll
0x00007ff9e27b0000 - 0x00007ff9e2f4b000 	C:\Windows\SYSTEM32\windows.storage.dll
0x00007ff9e62f0000 - 0x00007ff9e6644000 	C:\Windows\System32\combase.dll
0x00007ff9e4880000 - 0x00007ff9e48ad000 	C:\Windows\SYSTEM32\Wldp.dll
0x00007ff9e6240000 - 0x00007ff9e62ed000 	C:\Windows\System32\SHCORE.dll
0x00007ff9e6120000 - 0x00007ff9e6175000 	C:\Windows\System32\shlwapi.dll
0x00007ff9e4f20000 - 0x00007ff9e4f45000 	C:\Windows\SYSTEM32\profapi.dll
0x00007ff9db770000 - 0x00007ff9db789000 	D:\Development\Programs\jdk-11.0.0.1\bin\net.dll
0x00007ff9e3f10000 - 0x00007ff9e401a000 	C:\Windows\SYSTEM32\WINHTTP.dll
0x00007ff9e4660000 - 0x00007ff9e46ca000 	C:\Windows\system32\mswsock.dll
0x00007ff9d0790000 - 0x00007ff9d07a3000 	D:\Development\Programs\jdk-11.0.0.1\bin\nio.dll
0x00007ff9e48c0000 - 0x00007ff9e48d8000 	C:\Windows\SYSTEM32\CRYPTSP.dll
0x00007ff9e3e80000 - 0x00007ff9e3eb4000 	C:\Windows\system32\rsaenh.dll
0x00007ff9e50d0000 - 0x00007ff9e50f7000 	C:\Windows\System32\bcrypt.dll
0x00007ff9e4ee0000 - 0x00007ff9e4f0e000 	C:\Windows\SYSTEM32\USERENV.dll
0x00007ff9e47f0000 - 0x00007ff9e47fc000 	C:\Windows\SYSTEM32\CRYPTBASE.dll
0x00007ff9e4370000 - 0x00007ff9e43ab000 	C:\Windows\SYSTEM32\IPHLPAPI.DLL
0x00007ff9e7720000 - 0x00007ff9e7728000 	C:\Windows\System32\NSI.dll
0x00007ff9de8e0000 - 0x00007ff9de8f7000 	C:\Windows\SYSTEM32\dhcpcsvc6.DLL
0x00007ff9de720000 - 0x00007ff9de73d000 	C:\Windows\SYSTEM32\dhcpcsvc.DLL
0x00007ff9e43c0000 - 0x00007ff9e448a000 	C:\Windows\SYSTEM32\DNSAPI.dll
0x00007ff9d05f0000 - 0x00007ff9d078e000 	D:\Development\Programs\jdk-11.0.0.1\bin\awt.dll
0x00007ff9e6f00000 - 0x00007ff9e6fcd000 	C:\Windows\System32\OLEAUT32.dll
0x00007ff9e0290000 - 0x00007ff9e0850000 	C:\Windows\SYSTEM32\d2d1.dll
0x00007ff9e1de0000 - 0x00007ff9e1e70000 	C:\Windows\SYSTEM32\apphelp.dll
0x00007ff9e21c0000 - 0x00007ff9e21ef000 	C:\Windows\system32\DWMAPI.DLL
0x00007ff9e2040000 - 0x00007ff9e20de000 	C:\Windows\system32\uxtheme.dll
0x00007ff9c4390000 - 0x00007ff9c44b5000 	C:\Windows\system32\opengl32.dll
0x00007ff9c4cf0000 - 0x00007ff9c4d1c000 	C:\Windows\SYSTEM32\GLU32.dll
0x00007ff9e6b50000 - 0x00007ff9e6c64000 	C:\Windows\System32\MSCTF.dll
0x00007ff9e6650000 - 0x00007ff9e677b000 	C:\Windows\System32\ole32.dll
0x00007ff9e5080000 - 0x00007ff9e50ce000 	C:\Windows\System32\cfgmgr32.dll
0x00007ff9e3340000 - 0x00007ff9e3433000 	C:\Windows\SYSTEM32\dxgi.dll
0x00007ff9deb00000 - 0x00007ff9deb3b000 	C:\Windows\SYSTEM32\dxcore.dll
0x00007ff9d0570000 - 0x00007ff9d05f0000 	D:\Development\Programs\jdk-11.0.0.1\bin\freetype.dll
0x00007ff9d04a0000 - 0x00007ff9d050f000 	D:\Development\Programs\jdk-11.0.0.1\bin\fontmanager.dll
0x00007ff9d4fb0000 - 0x00007ff9d50aa000 	C:\Windows\SYSTEM32\textinputframework.dll
0x00007ff9e14a0000 - 0x00007ff9e17fb000 	C:\Windows\System32\CoreUIComponents.dll
0x00007ff9e1b80000 - 0x00007ff9e1c72000 	C:\Windows\System32\CoreMessaging.dll
0x00007ff9e40d0000 - 0x00007ff9e4103000 	C:\Windows\SYSTEM32\ntmarta.dll
0x00007ff9dfa40000 - 0x00007ff9dfb95000 	C:\Windows\SYSTEM32\wintypes.dll
0x00007ff9bcb30000 - 0x00007ff9bcb96000 	C:\Windows\system32\Oleacc.dll

dbghelp: loaded successfully - version: 4.0.5 - missing functions: none
symbol engine: initialized successfully - sym options: 0x614 - pdb path: .;D:\Development\Programs\jdk-11.0.0.1\bin;C:\Windows\SYSTEM32;C:\ProgramData\Symantec\Symantec Endpoint Protection\14.3.9225.6000.105\Data\Sysfer\x64;C:\Windows\WinSxS\amd64_microsoft.windows.common-controls_6595b64144ccf1df_6.0.19041.3570_none_60bb2a3971f3e41a;D:\Development\Programs\jdk-11.0.0.1\bin\server;C:\Windows\System32\DriverStore\FileRepository\u0379365.inf_amd64_b2c1606d963a2625\B379234

VM Arguments:
jvm_args: -Dfile.encoding=UTF-8 -Dstdout.encoding=UTF-8 -Dstderr.encoding=UTF-8 
java_command: com.jrealm.game.GameLauncher 192.168.1.67 Ruusey
java_class_path (initial): D:\Development\GitRepositories\jrealm\target\classes;C:\Users\NXF4TML\.m2\repository\org\projectlombok\lombok\1.18.28\lombok-1.18.28.jar;C:\Users\NXF4TML\.m2\repository\org\slf4j\slf4j-api\2.0.9\slf4j-api-2.0.9.jar;C:\Users\NXF4TML\.m2\repository\ch\qos\logback\logback-core\1.3.5\logback-core-1.3.5.jar;C:\Users\NXF4TML\.m2\repository\ch\qos\logback\logback-classic\1.3.5\logback-classic-1.3.5.jar;C:\Users\NXF4TML\.m2\repository\com\fasterxml\jackson\core\jackson-databind\2.15.2\jackson-databind-2.15.2.jar;C:\Users\NXF4TML\.m2\repository\com\fasterxml\jackson\core\jackson-annotations\2.15.2\jackson-annotations-2.15.2.jar;C:\Users\NXF4TML\.m2\repository\com\fasterxml\jackson\core\jackson-core\2.15.2\jackson-core-2.15.2.jar
Launcher Type: SUN_STANDARD

[Global flags]
     intx CICompilerCount                          = 12                                        {product} {ergonomic}
     uint ConcGCThreads                            = 3                                         {product} {ergonomic}
     uint G1ConcRefinementThreads                  = 13                                        {product} {ergonomic}
   size_t G1HeapRegionSize                         = 2097152                                   {product} {ergonomic}
    uintx GCDrainStackTargetSize                   = 64                                        {product} {ergonomic}
   size_t InitialHeapSize                          = 517996544                                 {product} {ergonomic}
   size_t MarkStackSize                            = 4194304                                   {product} {ergonomic}
   size_t MaxHeapSize                              = 8260681728                                {product} {ergonomic}
   size_t MaxNewSize                               = 4955570176                                {product} {ergonomic}
   size_t MinHeapDeltaBytes                        = 2097152                                   {product} {ergonomic}
    uintx NonNMethodCodeHeapSize                   = 7591728                                {pd product} {ergonomic}
    uintx NonProfiledCodeHeapSize                  = 122033256                              {pd product} {ergonomic}
    uintx ProfiledCodeHeapSize                     = 122033256                              {pd product} {ergonomic}
    uintx ReservedCodeCacheSize                    = 251658240                              {pd product} {ergonomic}
     bool SegmentedCodeCache                       = true                                      {product} {ergonomic}
     bool UseCompressedClassPointers               = true                                 {lp64_product} {ergonomic}
     bool UseCompressedOops                        = true                                 {lp64_product} {ergonomic}
     bool UseG1GC                                  = true                                      {product} {ergonomic}
     bool UseLargePagesIndividualAllocation        = false                                  {pd product} {ergonomic}

Logging:
Log output configuration:
 #0: stdout all=warning uptime,level,tags
 #1: stderr all=off uptime,level,tags

Environment Variables:
JAVA_HOME=D:\Development\Programs\jdk-11.0.0.1
PATH=D:/Development/Programs/SpringToolSuite/sts-4.20.0.RELEASE//plugins/org.eclipse.justj.openjdk.hotspot.jre.full.win32.x86_64_17.0.8.v20230831-1047/jre/bin/server;D:/Development/Programs/SpringToolSuite/sts-4.20.0.RELEASE//plugins/org.eclipse.justj.openjdk.hotspot.jre.full.win32.x86_64_17.0.8.v20230831-1047/jre/bin;C:\Windows\System32;C:\Windows\System32\Wbem;C:\Windows\System32\OpenSSH;C:\Windows\System32\WindowsPowerShell\v1.0\;C:\Windows;C:\Program Files\WinZip;C:\Program Files (x86)\CheckPoint\Endpoint Security\Endpoint Common\bin;C:\Program Files\avs\bin;C:\Program Files\avs\bin32;C:\Program Files\PuTTY\;C:\Program Files\Docker\Docker\resources\bin;C:\Program Files\Microsoft SQL Server\150\Tools\Binn\;C:\Program Files\Microsoft SQL Server\Client SDK\ODBC\170\Tools\Binn\;C:\Program Files\dotnet\;C:\Program Files\MySQL\MySQL Shell 8.0\bin\;D:\Development\Programs\jdk-11.0.0.1\bin;C:\Windows\System32;C:\Windows\System32\Wbem;C:\Windows\System32\OpenSSH;C:\Windows\System32\WindowsPowerShell\v1.0\;C:\Windows;C:\Program Files\WinZip;C:\Program Files (x86)\CheckPoint\Endpoint Security\Endpoint Common\bin;C:\Program Files\avs\bin;C:\Program Files\avs\bin32;C:\Program Files\PuTTY\;C:\Users\NXF4TML\AppData\Local\Microsoft\WindowsApps;C:\Users\NXF4TML\AppData\Local\GitHubDesktop\bin;D:\Development\Programs\apache-maven-3.8.8\bin;C:\Users\NXF4TML\AppData\Local\Programs\Git\cmd;C:\Users\NXF4TML\.dotnet\tools;D:\Development\Programs\cloc;;D:\Development\Programs\SpringToolSuite\sts-4.20.0.RELEASE;
USERNAME=NXF4TML
OS=Windows_NT
PROCESSOR_IDENTIFIER=AMD64 Family 25 Model 68 Stepping 1, AuthenticAMD



---------------  S Y S T E M  ---------------

OS: Windows 10 , 64 bit Build 19041 (10.0.19041.3570)

CPU:total 16 (initial active 16) (16 cores per cpu, 2 threads per core) family 25 model 68 stepping 1, cmov, cx8, fxsr, mmx, sse, sse2, sse3, ssse3, sse4.1, sse4.2, popcnt, avx, avx2, aes, clmul, erms, mmxext, 3dnowpref, lzcnt, sse4a, ht, tsc, tscinvbit, tscinv, bmi1, bmi2, adx, sha, fma

Memory: 4k page, system-wide physical 31508M (19944M free)
TotalPageFile size 36116M (AvailPageFile size 22509M)
current process WorkingSet (physical memory assigned to process): 279M, peak: 290M
current process commit charge ("private bytes"): 724M, peak: 758M

vm_info: OpenJDK 64-Bit Server VM (11.0.0.1+3-5) for windows-amd64 JRE (11.0.0.1+3-5), built on Apr  7 2023 19:59:13 by "mach5one" with MS VC++ 15.5 (VS2017)

END.
