#
# A fatal error has been detected by the Java Runtime Environment:
#
#  EXCEPTION_ACCESS_VIOLATION (0xc0000005) at pc=0x00007ff9d0584f3f, pid=16064, tid=22196
#
# JRE version: OpenJDK Runtime Environment (11.0.1+3) (build 11.0.0.1+3-5)
# Java VM: OpenJDK 64-Bit Server VM (11.0.0.1+3-5, mixed mode, tiered, compressed oops, g1 gc, windows-amd64)
# Problematic frame:
# C  [freetype.dll+0x44f3f]
#
# No core dump will be written. Minidumps are not enabled by default on client versions of Windows
#
# If you would like to submit a bug report, please visit:
#   http://bugreport.java.com/bugreport/crash.jsp
# The crash happened outside the Java Virtual Machine in native code.
# See problematic frame for where to report the bug.
#

---------------  S U M M A R Y ------------

Command Line: -Dfile.encoding=UTF-8 -Dstdout.encoding=UTF-8 -Dstderr.encoding=UTF-8 com.jrealm.game.GameLauncher 192.168.1.67 Ruusey

Host: AMD Ryzen 7 PRO 6850U with Radeon Graphics     , 16 cores, 30G,  Windows 10 , 64 bit Build 19041 (10.0.19041.3570)
Time: Wed Nov 22 22:04:13 2023 Eastern Standard Time elapsed time: 7 seconds (0d 0h 0m 7s)

---------------  T H R E A D  ---------------

Current thread (0x0000018b52437000):  JavaThread "pool-1-thread-13" [_thread_in_native, id=22196, stack(0x0000002c20300000,0x0000002c20400000)]

Stack: [0x0000002c20300000,0x0000002c20400000],  sp=0x0000002c203fc970,  free space=1010k
Native frames: (J=compiled Java code, j=interpreted, Vv=VM code, C=native code)
C  [freetype.dll+0x44f3f]

Java frames: (J=compiled Java code, j=interpreted, Vv=VM code)
j  sun.font.FreetypeFontScaler.getGlyphImageNative(Lsun/font/Font2D;JJI)J+0 java.desktop@11.0.0.1
j  sun.font.FreetypeFontScaler.getGlyphImage(JI)J+26 java.desktop@11.0.0.1
j  sun.font.FileFont.getGlyphImage(JI)J+6 java.desktop@11.0.0.1
J 3402 c2 sun.font.GlyphList.setFromString(Lsun/java2d/loops/FontInfo;Ljava/lang/String;FF)Z java.desktop@11.0.0.1 (75 bytes) @ 0x0000018b32c4c194 [0x0000018b32c4ba20+0x0000000000000774]
J 3434 c2 sun.java2d.SunGraphics2D.drawString(Ljava/lang/String;II)V java.desktop@11.0.0.1 (132 bytes) @ 0x0000018b32c53acc [0x0000018b32c538a0+0x000000000000022c]
J 3220 c1 com.jrealm.game.states.PlayState.render(Ljava/awt/Graphics2D;)V (262 bytes) @ 0x0000018b2bd0d3e4 [0x0000018b2bd0a9a0+0x0000000000002a44]
J 3151 c1 com.jrealm.game.states.GameStateManager.render(Ljava/awt/Graphics2D;)V (49 bytes) @ 0x0000018b2bce5f64 [0x0000018b2bce5b20+0x0000000000000444]
J 3356 c1 com.jrealm.game.GamePanel.render()V (54 bytes) @ 0x0000018b2bd6c18c [0x0000018b2bd6be20+0x000000000000036c]
J 3353 c1 com.jrealm.game.GamePanel$$Lambda$231.run()V (8 bytes) @ 0x0000018b2bd6b934 [0x0000018b2bd6b860+0x00000000000000d4]
J 2710 c1 java.util.concurrent.CompletableFuture$AsyncRun.run()V java.base@11.0.0.1 (61 bytes) @ 0x0000018b2bc05464 [0x0000018b2bc05260+0x0000000000000204]
j  java.util.concurrent.ThreadPoolExecutor.runWorker(Ljava/util/concurrent/ThreadPoolExecutor$Worker;)V+92 java.base@11.0.0.1
j  java.util.concurrent.ThreadPoolExecutor$Worker.run()V+5 java.base@11.0.0.1
j  java.util.concurrent.Executors$PrivilegedThreadFactory$1$1.run()Ljava/lang/Void;+23 java.base@11.0.0.1
j  java.util.concurrent.Executors$PrivilegedThreadFactory$1$1.run()Ljava/lang/Object;+1 java.base@11.0.0.1
v  ~StubRoutines::call_stub
j  java.security.AccessController.doPrivileged(Ljava/security/PrivilegedAction;Ljava/security/AccessControlContext;)Ljava/lang/Object;+0 java.base@11.0.0.1
j  java.util.concurrent.Executors$PrivilegedThreadFactory$1.run()V+15 java.base@11.0.0.1
j  java.lang.Thread.run()V+11 java.base@11.0.0.1
v  ~StubRoutines::call_stub

siginfo: EXCEPTION_ACCESS_VIOLATION (0xc0000005), reading address 0x00000000000000e0


Register to memory mapping:

RIP=0x00007ff9d0584f3f freetype.dll
RAX=0x0000002c203fc9a0 is pointing into the stack for thread: 0x0000018b52437000
RBX=0x0000002c203fcbb0 is pointing into the stack for thread: 0x0000018b52437000
RCX=0x0000018b61cff030 points into unknown readable memory
RDX=0x0 is NULL
RSP=0x0000002c203fc970 is pointing into the stack for thread: 0x0000018b52437000
RBP=0x0000018b51782d10 points into unknown readable memory
RSI=0x000000000000001b is an unknown value
RDI=0x0000018b61cff030 points into unknown readable memory
R8 =0x000000000000001b is an unknown value
R9 =0x0000002c203fc9f8 is pointing into the stack for thread: 0x0000018b52437000
R10=0x0 is NULL
R11=0x0000018b61442730 points into unknown readable memory
R12=0x000000000000001b is an unknown value
R13=0x0 is NULL
R14=0x0000000000000ce8 is an unknown value
R15=0x0000018b61651ec0 points into unknown readable memory


Registers:
RAX=0x0000002c203fc9a0, RBX=0x0000002c203fcbb0, RCX=0x0000018b61cff030, RDX=0x0000000000000000
RSP=0x0000002c203fc970, RBP=0x0000018b51782d10, RSI=0x000000000000001b, RDI=0x0000018b61cff030
R8 =0x000000000000001b, R9 =0x0000002c203fc9f8, R10=0x0000000000000000, R11=0x0000018b61442730
R12=0x000000000000001b, R13=0x0000000000000000, R14=0x0000000000000ce8, R15=0x0000018b61651ec0
RIP=0x00007ff9d0584f3f, EFLAGS=0x0000000000010246

Top of Stack: (sp=0x0000002c203fc970)
0x0000002c203fc970:   0000018b51782d10 0000018b6187d740
0x0000002c203fc980:   0000000000000000 0000000000000070
0x0000002c203fc990:   0000002c203fc9a0 0000000000000070
0x0000002c203fc9a0:   0000018b51780000 00007ff9d0582a92
0x0000002c203fc9b0:   0000018b61cff030 0000000000000000
0x0000002c203fc9c0:   0000000000000700 0000002c203fcae0
0x0000002c203fc9d0:   0000002c203fcbb0 00007ff9d0584622
0x0000002c203fc9e0:   0000002c203f0000 0000000000000700
0x0000002c203fc9f0:   0000000000000000 0000000000000000
0x0000002c203fca00:   00000000000000ac 00007ff9511ea379
0x0000002c203fca10:   0300000100000000 0002000015965938
0x0000002c203fca20:   0000000000020000 0000000800002070
0x0000002c203fca30:   0000000000000000 0000000000000007
0x0000002c203fca40:   0000a10dd591da2f 0000000615965ea0
0x0000002c203fca50:   4090e00000000000 0000000000000000
0x0000002c203fca60:   4040000000000000 0000000000000000 

Instructions: (pc=0x00007ff9d0584f3f)
0x00007ff9d0584f1f:   02 00 00 4c 8d 8c 24 88 00 00 00 44 8b f0 44 8b
0x00007ff9d0584f2f:   c6 48 8d 44 24 30 33 d2 48 8b cf 48 89 44 24 20
0x00007ff9d0584f3f:   41 ff 92 e0 00 00 00 80 bf 90 01 00 00 00 8b 4b
0x00007ff9d0584f4f:   44 74 2d 4c 8b 97 d0 02 00 00 48 8d 84 24 80 00 



---------------  P R O C E S S  ---------------

Threads class SMR info:
_java_thread_list=0x0000018b61d742f0, length=68, elements={
0x0000018b506bf800, 0x0000018b506c8800, 0x0000018b50728800, 0x0000018b50729800,
0x0000018b5072d800, 0x0000018b506e4000, 0x0000018b50743800, 0x0000018b5089b000,
0x0000018b508a7000, 0x0000018b50ac7800, 0x0000018b516d1800, 0x0000018b51872800,
0x0000018b518bc800, 0x0000018b5214c000, 0x0000018b52540000, 0x0000018b22c15800,
0x0000018b61cd5000, 0x0000018b614a2000, 0x0000018b61282800, 0x0000018b61d77000,
0x0000018b61564000, 0x0000018b52434800, 0x0000018b52432000, 0x0000018b52432800,
0x0000018b52430000, 0x0000018b52433800, 0x0000018b52435000, 0x0000018b52436000,
0x0000018b52437000, 0x0000018b52431000, 0x0000018b6180c000, 0x0000018b61810000,
0x0000018b6180d800, 0x0000018b6180b000, 0x0000018b6180d000, 0x0000018b6180e800,
0x0000018b6180f800, 0x0000018b6180a800, 0x0000018b61816000, 0x0000018b61815000,
0x0000018b61816800, 0x0000018b61811000, 0x0000018b61817800, 0x0000018b61814000,
0x0000018b61812800, 0x0000018b61811800, 0x0000018b61818800, 0x0000018b61819000,
0x0000018b61813800, 0x0000018b61cc7800, 0x0000018b61cc9800, 0x0000018b61cca800,
0x0000018b61cc5000, 0x0000018b61ccb800, 0x0000018b61cc5800, 0x0000018b61cc9000,
0x0000018b61ccc000, 0x0000018b61cc6800, 0x0000018b61ccd000, 0x0000018b61cce000,
0x0000018b61cc8000, 0x0000018b61cd3800, 0x0000018b61cd0000, 0x0000018b61cd1000,
0x0000018b61cce800, 0x0000018b61ccf800, 0x0000018b61ca0800, 0x0000018b61cd2800
}

Java Threads: ( => current thread )
  0x0000018b506bf800 JavaThread "Reference Handler" daemon [_thread_blocked, id=17624, stack(0x0000002c1c600000,0x0000002c1c700000)]
  0x0000018b506c8800 JavaThread "Finalizer" daemon [_thread_blocked, id=2408, stack(0x0000002c1c700000,0x0000002c1c800000)]
  0x0000018b50728800 JavaThread "Signal Dispatcher" daemon [_thread_blocked, id=7432, stack(0x0000002c1c800000,0x0000002c1c900000)]
  0x0000018b50729800 JavaThread "Attach Listener" daemon [_thread_blocked, id=2380, stack(0x0000002c1c900000,0x0000002c1ca00000)]
  0x0000018b5072d800 JavaThread "C2 CompilerThread0" daemon [_thread_blocked, id=3796, stack(0x0000002c1ca00000,0x0000002c1cb00000)]
  0x0000018b506e4000 JavaThread "C1 CompilerThread0" daemon [_thread_blocked, id=9200, stack(0x0000002c1cb00000,0x0000002c1cc00000)]
  0x0000018b50743800 JavaThread "Sweeper thread" daemon [_thread_blocked, id=19640, stack(0x0000002c1cc00000,0x0000002c1cd00000)]
  0x0000018b5089b000 JavaThread "Service Thread" daemon [_thread_blocked, id=15168, stack(0x0000002c1cd00000,0x0000002c1ce00000)]
  0x0000018b508a7000 JavaThread "Common-Cleaner" daemon [_thread_blocked, id=8312, stack(0x0000002c1cf00000,0x0000002c1d000000)]
  0x0000018b50ac7800 JavaThread "C1 CompilerThread1" daemon [_thread_blocked, id=204, stack(0x0000002c1d000000,0x0000002c1d100000)]
  0x0000018b516d1800 JavaThread "C1 CompilerThread2" daemon [_thread_blocked, id=21392, stack(0x0000002c1db00000,0x0000002c1dc00000)]
  0x0000018b51872800 JavaThread "Java2D Disposer" daemon [_thread_blocked, id=6544, stack(0x0000002c1dd00000,0x0000002c1de00000)]
  0x0000018b518bc800 JavaThread "AWT-Shutdown" [_thread_blocked, id=2288, stack(0x0000002c1e000000,0x0000002c1e100000)]
  0x0000018b5214c000 JavaThread "AWT-EventQueue-0" [_thread_blocked, id=12832, stack(0x0000002c1f200000,0x0000002c1f300000)]
  0x0000018b52540000 JavaThread "GameThread" [_thread_blocked, id=22320, stack(0x0000002c1f300000,0x0000002c1f400000)]
  0x0000018b22c15800 JavaThread "DestroyJavaVM" [_thread_blocked, id=6340, stack(0x0000002c1bf00000,0x0000002c1c000000)]
  0x0000018b61cd5000 JavaThread "pool-1-thread-1" [_thread_blocked, id=14524, stack(0x0000002c1f700000,0x0000002c1f800000)]
  0x0000018b614a2000 JavaThread "pool-1-thread-2" [_thread_blocked, id=13120, stack(0x0000002c1f800000,0x0000002c1f900000)]
  0x0000018b61282800 JavaThread "pool-1-thread-3" [_thread_in_Java, id=14756, stack(0x0000002c1f900000,0x0000002c1fa00000)]
  0x0000018b61d77000 JavaThread "pool-1-thread-4" [_thread_blocked, id=11548, stack(0x0000002c1fa00000,0x0000002c1fb00000)]
  0x0000018b61564000 JavaThread "pool-1-thread-5" [_thread_blocked, id=16032, stack(0x0000002c1fb00000,0x0000002c1fc00000)]
  0x0000018b52434800 JavaThread "pool-1-thread-6" [_thread_blocked, id=20100, stack(0x0000002c1fc00000,0x0000002c1fd00000)]
  0x0000018b52432000 JavaThread "pool-1-thread-7" [_thread_blocked, id=6324, stack(0x0000002c1fd00000,0x0000002c1fe00000)]
  0x0000018b52432800 JavaThread "pool-1-thread-8" [_thread_blocked, id=6360, stack(0x0000002c1fe00000,0x0000002c1ff00000)]
  0x0000018b52430000 JavaThread "pool-1-thread-9" [_thread_blocked, id=3120, stack(0x0000002c1ff00000,0x0000002c20000000)]
  0x0000018b52433800 JavaThread "pool-1-thread-10" [_thread_blocked, id=19460, stack(0x0000002c20000000,0x0000002c20100000)]
  0x0000018b52435000 JavaThread "pool-1-thread-11" [_thread_blocked, id=14380, stack(0x0000002c20100000,0x0000002c20200000)]
  0x0000018b52436000 JavaThread "pool-1-thread-12" [_thread_blocked, id=13232, stack(0x0000002c20200000,0x0000002c20300000)]
=>0x0000018b52437000 JavaThread "pool-1-thread-13" [_thread_in_native, id=22196, stack(0x0000002c20300000,0x0000002c20400000)]
  0x0000018b52431000 JavaThread "pool-1-thread-14" [_thread_blocked, id=4616, stack(0x0000002c20400000,0x0000002c20500000)]
  0x0000018b6180c000 JavaThread "pool-1-thread-15" [_thread_blocked, id=10116, stack(0x0000002c20500000,0x0000002c20600000)]
  0x0000018b61810000 JavaThread "pool-1-thread-16" [_thread_blocked, id=21288, stack(0x0000002c20600000,0x0000002c20700000)]
  0x0000018b6180d800 JavaThread "pool-1-thread-17" [_thread_blocked, id=9644, stack(0x0000002c20700000,0x0000002c20800000)]
  0x0000018b6180b000 JavaThread "pool-1-thread-18" [_thread_blocked, id=20520, stack(0x0000002c20800000,0x0000002c20900000)]
  0x0000018b6180d000 JavaThread "pool-1-thread-19" [_thread_blocked, id=19944, stack(0x0000002c20900000,0x0000002c20a00000)]
  0x0000018b6180e800 JavaThread "pool-1-thread-20" [_thread_blocked, id=9828, stack(0x0000002c20a00000,0x0000002c20b00000)]
  0x0000018b6180f800 JavaThread "pool-1-thread-21" [_thread_blocked, id=2240, stack(0x0000002c20b00000,0x0000002c20c00000)]
  0x0000018b6180a800 JavaThread "pool-1-thread-22" [_thread_blocked, id=1120, stack(0x0000002c20c00000,0x0000002c20d00000)]
  0x0000018b61816000 JavaThread "pool-1-thread-23" [_thread_blocked, id=22428, stack(0x0000002c20d00000,0x0000002c20e00000)]
  0x0000018b61815000 JavaThread "pool-1-thread-24" [_thread_blocked, id=22264, stack(0x0000002c20e00000,0x0000002c20f00000)]
  0x0000018b61816800 JavaThread "pool-1-thread-25" [_thread_blocked, id=1092, stack(0x0000002c20f00000,0x0000002c21000000)]
  0x0000018b61811000 JavaThread "pool-1-thread-26" [_thread_blocked, id=3504, stack(0x0000002c21000000,0x0000002c21100000)]
  0x0000018b61817800 JavaThread "pool-1-thread-27" [_thread_blocked, id=7044, stack(0x0000002c21100000,0x0000002c21200000)]
  0x0000018b61814000 JavaThread "pool-1-thread-28" [_thread_in_native, id=5332, stack(0x0000002c21200000,0x0000002c21300000)]
  0x0000018b61812800 JavaThread "pool-1-thread-29" [_thread_blocked, id=1160, stack(0x0000002c21300000,0x0000002c21400000)]
  0x0000018b61811800 JavaThread "pool-1-thread-30" [_thread_blocked, id=16040, stack(0x0000002c21400000,0x0000002c21500000)]
  0x0000018b61818800 JavaThread "pool-1-thread-31" [_thread_blocked, id=2952, stack(0x0000002c21500000,0x0000002c21600000)]
  0x0000018b61819000 JavaThread "pool-1-thread-32" [_thread_blocked, id=22124, stack(0x0000002c21600000,0x0000002c21700000)]
  0x0000018b61813800 JavaThread "pool-1-thread-33" [_thread_blocked, id=7016, stack(0x0000002c21700000,0x0000002c21800000)]
  0x0000018b61cc7800 JavaThread "pool-1-thread-34" [_thread_blocked, id=12440, stack(0x0000002c21800000,0x0000002c21900000)]
  0x0000018b61cc9800 JavaThread "pool-1-thread-35" [_thread_blocked, id=16132, stack(0x0000002c21900000,0x0000002c21a00000)]
  0x0000018b61cca800 JavaThread "pool-1-thread-36" [_thread_blocked, id=14176, stack(0x0000002c21a00000,0x0000002c21b00000)]
  0x0000018b61cc5000 JavaThread "pool-1-thread-37" [_thread_blocked, id=1104, stack(0x0000002c21b00000,0x0000002c21c00000)]
  0x0000018b61ccb800 JavaThread "pool-1-thread-38" [_thread_blocked, id=16328, stack(0x0000002c21c00000,0x0000002c21d00000)]
  0x0000018b61cc5800 JavaThread "pool-1-thread-39" [_thread_blocked, id=19448, stack(0x0000002c21d00000,0x0000002c21e00000)]
  0x0000018b61cc9000 JavaThread "pool-1-thread-40" [_thread_blocked, id=19576, stack(0x0000002c21e00000,0x0000002c21f00000)]
  0x0000018b61ccc000 JavaThread "pool-1-thread-41" [_thread_blocked, id=16696, stack(0x0000002c21f00000,0x0000002c22000000)]
  0x0000018b61cc6800 JavaThread "pool-1-thread-42" [_thread_blocked, id=8664, stack(0x0000002c22000000,0x0000002c22100000)]
  0x0000018b61ccd000 JavaThread "pool-1-thread-43" [_thread_blocked, id=17856, stack(0x0000002c22100000,0x0000002c22200000)]
  0x0000018b61cce000 JavaThread "pool-1-thread-44" [_thread_blocked, id=21208, stack(0x0000002c22200000,0x0000002c22300000)]
  0x0000018b61cc8000 JavaThread "pool-1-thread-45" [_thread_blocked, id=6372, stack(0x0000002c22300000,0x0000002c22400000)]
  0x0000018b61cd3800 JavaThread "pool-1-thread-46" [_thread_blocked, id=22216, stack(0x0000002c22400000,0x0000002c22500000)]
  0x0000018b61cd0000 JavaThread "pool-1-thread-47" [_thread_blocked, id=1032, stack(0x0000002c22500000,0x0000002c22600000)]
  0x0000018b61cd1000 JavaThread "pool-1-thread-48" [_thread_blocked, id=6504, stack(0x0000002c22600000,0x0000002c22700000)]
  0x0000018b61cce800 JavaThread "pool-1-thread-49" [_thread_blocked, id=5484, stack(0x0000002c1f500000,0x0000002c1f600000)]
  0x0000018b61ccf800 JavaThread "pool-1-thread-50" [_thread_blocked, id=14996, stack(0x0000002c1f600000,0x0000002c1f700000)]
  0x0000018b61ca0800 JavaThread "C1 CompilerThread3" daemon [_thread_blocked, id=19060, stack(0x0000002c22700000,0x0000002c22800000)]
  0x0000018b61cd2800 JavaThread "ToolkitShutdown" daemon [_thread_in_native, id=21604, stack(0x0000002c22c00000,0x0000002c22d00000)]

Other Threads:
  0x0000018b5069a800 VMThread "VM Thread" [stack: 0x0000002c1c500000,0x0000002c1c600000] [id=14640]
  0x0000018b508a0000 WatcherThread [stack: 0x0000002c1ce00000,0x0000002c1cf00000] [id=2600]
  0x0000018b22c31800 GCTaskThread "GC Thread#0" [stack: 0x0000002c1c000000,0x0000002c1c100000] [id=15972]
  0x0000018b51249000 GCTaskThread "GC Thread#1" [stack: 0x0000002c1d100000,0x0000002c1d200000] [id=21340]
  0x0000018b51238000 GCTaskThread "GC Thread#2" [stack: 0x0000002c1d200000,0x0000002c1d300000] [id=7012]
  0x0000018b51239000 GCTaskThread "GC Thread#3" [stack: 0x0000002c1d300000,0x0000002c1d400000] [id=14880]
  0x0000018b51673000 GCTaskThread "GC Thread#4" [stack: 0x0000002c1d400000,0x0000002c1d500000] [id=18452]
  0x0000018b51674000 GCTaskThread "GC Thread#5" [stack: 0x0000002c1d500000,0x0000002c1d600000] [id=21180]
  0x0000018b51699800 GCTaskThread "GC Thread#6" [stack: 0x0000002c1d600000,0x0000002c1d700000] [id=20516]
  0x0000018b5169a000 GCTaskThread "GC Thread#7" [stack: 0x0000002c1d700000,0x0000002c1d800000] [id=13764]
  0x0000018b51749800 GCTaskThread "GC Thread#8" [stack: 0x0000002c1d800000,0x0000002c1d900000] [id=4624]
  0x0000018b5174a000 GCTaskThread "GC Thread#9" [stack: 0x0000002c1d900000,0x0000002c1da00000] [id=18040]
  0x0000018b5174a800 GCTaskThread "GC Thread#10" [stack: 0x0000002c1da00000,0x0000002c1db00000] [id=8368]
  0x0000018b61385800 GCTaskThread "GC Thread#11" [stack: 0x0000002c1dc00000,0x0000002c1dd00000] [id=4468]
  0x0000018b61e9c000 GCTaskThread "GC Thread#12" [stack: 0x0000002c1f400000,0x0000002c1f500000] [id=12236]
  0x0000018b22caa800 ConcurrentGCThread "G1 Main Marker" [stack: 0x0000002c1c100000,0x0000002c1c200000] [id=2256]
  0x0000018b22cad000 ConcurrentGCThread "G1 Conc#0" [stack: 0x0000002c1c200000,0x0000002c1c300000] [id=17608]
  0x0000018b51815000 ConcurrentGCThread "G1 Conc#1" [stack: 0x0000002c1de00000,0x0000002c1df00000] [id=2592]
  0x0000018b51815800 ConcurrentGCThread "G1 Conc#2" [stack: 0x0000002c1df00000,0x0000002c1e000000] [id=21640]
  0x0000018b4fd03000 ConcurrentGCThread "G1 Refine#0" [stack: 0x0000002c1c300000,0x0000002c1c400000] [id=18072]
  0x0000018b4fd04000 ConcurrentGCThread "G1 Young RemSet Sampling" [stack: 0x0000002c1c400000,0x0000002c1c500000] [id=15692]

Threads with active compile tasks:

VM state:not at safepoint (normal execution)

VM Mutex/Monitor currently owned by a thread: None

Heap address: 0x0000000613a00000, size: 7878 MB, Compressed Oops mode: Zero based, Oop shift amount: 3
Narrow klass base: 0x0000000800000000, Narrow klass shift: 0
Compressed class space size: 1073741824 Address: 0x0000000800000000

Heap:
 garbage-first heap   total 505856K, used 70209K [0x0000000613a00000, 0x0000000800000000)
  region size 2048K, 9 young (18432K), 2 survivors (4096K)
 Metaspace       used 28813K, capacity 29454K, committed 29820K, reserved 1075200K
  class space    used 3022K, capacity 3316K, committed 3452K, reserved 1048576K
Heap Regions: E=young(eden), S=young(survivor), O=old, HS=humongous(starts), HC=humongous(continues), CS=collection set, F=free, A=archive, TAMS=top-at-mark-start (previous, next)
|   0|0x0000000613a00000, 0x0000000613c00000, 0x0000000613c00000|100%|HS|  |TAMS 0x0000000613a00000, 0x0000000613a00000| Complete 
|   1|0x0000000613c00000, 0x0000000613e00000, 0x0000000613e00000|100%|HC|  |TAMS 0x0000000613c00000, 0x0000000613c00000| Complete 
|   2|0x0000000613e00000, 0x0000000614000000, 0x0000000614000000|100%|HC|  |TAMS 0x0000000613e00000, 0x0000000613e00000| Complete 
|   3|0x0000000614000000, 0x0000000614200000, 0x0000000614200000|100%|HC|  |TAMS 0x0000000614000000, 0x0000000614000000| Complete 
|   4|0x0000000614200000, 0x0000000614400000, 0x0000000614400000|100%| O|  |TAMS 0x0000000614200000, 0x0000000614200000| Untracked 
|   5|0x0000000614400000, 0x0000000614600000, 0x0000000614600000|100%| O|  |TAMS 0x0000000614400000, 0x0000000614400000| Untracked 
|   6|0x0000000614600000, 0x0000000614800000, 0x0000000614800000|100%| O|  |TAMS 0x0000000614600000, 0x0000000614600000| Untracked 
|   7|0x0000000614800000, 0x0000000614a00000, 0x0000000614a00000|100%| O|  |TAMS 0x0000000614800000, 0x0000000614800000| Untracked 
|   8|0x0000000614a00000, 0x0000000614c00000, 0x0000000614c00000|100%| O|  |TAMS 0x0000000614a00000, 0x0000000614a00000| Untracked 
|   9|0x0000000614c00000, 0x0000000614e00000, 0x0000000614e00000|100%| O|  |TAMS 0x0000000614c00000, 0x0000000614c00000| Untracked 
|  10|0x0000000614e00000, 0x0000000615000000, 0x0000000615000000|100%| O|  |TAMS 0x0000000614e00000, 0x0000000614e00000| Untracked 
|  11|0x0000000615000000, 0x0000000615200000, 0x0000000615200000|100%| O|  |TAMS 0x0000000615000000, 0x0000000615000000| Untracked 
|  12|0x0000000615200000, 0x0000000615400000, 0x0000000615400000|100%| O|  |TAMS 0x0000000615200000, 0x0000000615200000| Untracked 
|  13|0x0000000615400000, 0x0000000615600000, 0x0000000615600000|100%| O|  |TAMS 0x0000000615400000, 0x0000000615400000| Untracked 
|  14|0x0000000615600000, 0x0000000615800000, 0x0000000615800000|100%| O|  |TAMS 0x0000000615600000, 0x0000000615600000| Untracked 
|  15|0x0000000615800000, 0x0000000615a00000, 0x0000000615a00000|100%| O|  |TAMS 0x0000000615800000, 0x0000000615800000| Untracked 
|  16|0x0000000615a00000, 0x0000000615c00000, 0x0000000615c00000|100%| O|  |TAMS 0x0000000615a00000, 0x0000000615a00000| Untracked 
|  17|0x0000000615c00000, 0x0000000615e00000, 0x0000000615e00000|100%| O|  |TAMS 0x0000000615c00000, 0x0000000615c00000| Untracked 
|  18|0x0000000615e00000, 0x0000000616000000, 0x0000000616000000|100%| O|  |TAMS 0x0000000615e00000, 0x0000000615e00000| Untracked 
|  19|0x0000000616000000, 0x0000000616200000, 0x0000000616200000|100%| O|  |TAMS 0x0000000616000000, 0x0000000616000000| Untracked 
|  20|0x0000000616200000, 0x0000000616400000, 0x0000000616400000|100%| O|  |TAMS 0x0000000616200000, 0x0000000616200000| Untracked 
|  21|0x0000000616400000, 0x0000000616599600, 0x0000000616600000| 79%| O|  |TAMS 0x0000000616400000, 0x0000000616400000| Untracked 
|  22|0x0000000616600000, 0x0000000616800000, 0x0000000616800000|100%|HS|  |TAMS 0x0000000616600000, 0x0000000616600000| Complete 
|  23|0x0000000616800000, 0x0000000616a00000, 0x0000000616a00000|100%|HC|  |TAMS 0x0000000616800000, 0x0000000616800000| Complete 
|  24|0x0000000616a00000, 0x0000000616c00000, 0x0000000616c00000|100%|HC|  |TAMS 0x0000000616a00000, 0x0000000616a00000| Complete 
|  25|0x0000000616c00000, 0x0000000616e00000, 0x0000000616e00000|100%|HC|  |TAMS 0x0000000616c00000, 0x0000000616c00000| Complete 
|  26|0x0000000616e00000, 0x0000000617000000, 0x0000000617000000|100%|HC|  |TAMS 0x0000000616e00000, 0x0000000616e00000| Complete 
|  27|0x0000000617000000, 0x0000000617000000, 0x0000000617200000|  0%| F|  |TAMS 0x0000000617000000, 0x0000000617000000| Untracked 
|  28|0x0000000617200000, 0x0000000617200000, 0x0000000617400000|  0%| F|  |TAMS 0x0000000617200000, 0x0000000617200000| Untracked 
|  29|0x0000000617400000, 0x0000000617400000, 0x0000000617600000|  0%| F|  |TAMS 0x0000000617400000, 0x0000000617400000| Untracked 
|  30|0x0000000617600000, 0x0000000617600000, 0x0000000617800000|  0%| F|  |TAMS 0x0000000617600000, 0x0000000617600000| Untracked 
|  31|0x0000000617800000, 0x0000000617800000, 0x0000000617a00000|  0%| F|  |TAMS 0x0000000617800000, 0x0000000617800000| Untracked 
|  32|0x0000000617a00000, 0x0000000617a00000, 0x0000000617c00000|  0%| F|  |TAMS 0x0000000617a00000, 0x0000000617a00000| Untracked 
|  33|0x0000000617c00000, 0x0000000617c00000, 0x0000000617e00000|  0%| F|  |TAMS 0x0000000617c00000, 0x0000000617c00000| Untracked 
|  34|0x0000000617e00000, 0x0000000617e00000, 0x0000000618000000|  0%| F|  |TAMS 0x0000000617e00000, 0x0000000617e00000| Untracked 
|  35|0x0000000618000000, 0x0000000618000000, 0x0000000618200000|  0%| F|  |TAMS 0x0000000618000000, 0x0000000618000000| Untracked 
|  36|0x0000000618200000, 0x0000000618200000, 0x0000000618400000|  0%| F|  |TAMS 0x0000000618200000, 0x0000000618200000| Untracked 
|  37|0x0000000618400000, 0x0000000618400000, 0x0000000618600000|  0%| F|  |TAMS 0x0000000618400000, 0x0000000618400000| Untracked 
|  38|0x0000000618600000, 0x0000000618600000, 0x0000000618800000|  0%| F|  |TAMS 0x0000000618600000, 0x0000000618600000| Untracked 
|  39|0x0000000618800000, 0x0000000618800000, 0x0000000618a00000|  0%| F|  |TAMS 0x0000000618800000, 0x0000000618800000| Untracked 
|  40|0x0000000618a00000, 0x0000000618a00000, 0x0000000618c00000|  0%| F|  |TAMS 0x0000000618a00000, 0x0000000618a00000| Untracked 
|  41|0x0000000618c00000, 0x0000000618c00000, 0x0000000618e00000|  0%| F|  |TAMS 0x0000000618c00000, 0x0000000618c00000| Untracked 
|  42|0x0000000618e00000, 0x0000000618e00000, 0x0000000619000000|  0%| F|  |TAMS 0x0000000618e00000, 0x0000000618e00000| Untracked 
|  43|0x0000000619000000, 0x0000000619000000, 0x0000000619200000|  0%| F|  |TAMS 0x0000000619000000, 0x0000000619000000| Untracked 
|  44|0x0000000619200000, 0x0000000619200000, 0x0000000619400000|  0%| F|  |TAMS 0x0000000619200000, 0x0000000619200000| Untracked 
|  45|0x0000000619400000, 0x0000000619400000, 0x0000000619600000|  0%| F|  |TAMS 0x0000000619400000, 0x0000000619400000| Untracked 
|  46|0x0000000619600000, 0x0000000619600000, 0x0000000619800000|  0%| F|  |TAMS 0x0000000619600000, 0x0000000619600000| Untracked 
|  47|0x0000000619800000, 0x0000000619800000, 0x0000000619a00000|  0%| F|  |TAMS 0x0000000619800000, 0x0000000619800000| Untracked 
|  48|0x0000000619a00000, 0x0000000619a00000, 0x0000000619c00000|  0%| F|  |TAMS 0x0000000619a00000, 0x0000000619a00000| Untracked 
|  49|0x0000000619c00000, 0x0000000619c00000, 0x0000000619e00000|  0%| F|  |TAMS 0x0000000619c00000, 0x0000000619c00000| Untracked 
|  50|0x0000000619e00000, 0x0000000619e00000, 0x000000061a000000|  0%| F|  |TAMS 0x0000000619e00000, 0x0000000619e00000| Untracked 
|  51|0x000000061a000000, 0x000000061a000000, 0x000000061a200000|  0%| F|  |TAMS 0x000000061a000000, 0x000000061a000000| Untracked 
|  52|0x000000061a200000, 0x000000061a200000, 0x000000061a400000|  0%| F|  |TAMS 0x000000061a200000, 0x000000061a200000| Untracked 
|  53|0x000000061a400000, 0x000000061a400000, 0x000000061a600000|  0%| F|  |TAMS 0x000000061a400000, 0x000000061a400000| Untracked 
|  54|0x000000061a600000, 0x000000061a600000, 0x000000061a800000|  0%| F|  |TAMS 0x000000061a600000, 0x000000061a600000| Untracked 
|  55|0x000000061a800000, 0x000000061a800000, 0x000000061aa00000|  0%| F|  |TAMS 0x000000061a800000, 0x000000061a800000| Untracked 
|  56|0x000000061aa00000, 0x000000061aa00000, 0x000000061ac00000|  0%| F|  |TAMS 0x000000061aa00000, 0x000000061aa00000| Untracked 
|  57|0x000000061ac00000, 0x000000061ac00000, 0x000000061ae00000|  0%| F|  |TAMS 0x000000061ac00000, 0x000000061ac00000| Untracked 
|  58|0x000000061ae00000, 0x000000061ae00000, 0x000000061b000000|  0%| F|  |TAMS 0x000000061ae00000, 0x000000061ae00000| Untracked 
|  59|0x000000061b000000, 0x000000061b000000, 0x000000061b200000|  0%| F|  |TAMS 0x000000061b000000, 0x000000061b000000| Untracked 
|  60|0x000000061b200000, 0x000000061b200000, 0x000000061b400000|  0%| F|  |TAMS 0x000000061b200000, 0x000000061b200000| Untracked 
|  61|0x000000061b400000, 0x000000061b400000, 0x000000061b600000|  0%| F|  |TAMS 0x000000061b400000, 0x000000061b400000| Untracked 
|  62|0x000000061b600000, 0x000000061b600000, 0x000000061b800000|  0%| F|  |TAMS 0x000000061b600000, 0x000000061b600000| Untracked 
|  63|0x000000061b800000, 0x000000061b800000, 0x000000061ba00000|  0%| F|  |TAMS 0x000000061b800000, 0x000000061b800000| Untracked 
|  64|0x000000061ba00000, 0x000000061ba00000, 0x000000061bc00000|  0%| F|  |TAMS 0x000000061ba00000, 0x000000061ba00000| Untracked 
|  65|0x000000061bc00000, 0x000000061bc00000, 0x000000061be00000|  0%| F|  |TAMS 0x000000061bc00000, 0x000000061bc00000| Untracked 
|  66|0x000000061be00000, 0x000000061be00000, 0x000000061c000000|  0%| F|  |TAMS 0x000000061be00000, 0x000000061be00000| Untracked 
|  67|0x000000061c000000, 0x000000061c000000, 0x000000061c200000|  0%| F|  |TAMS 0x000000061c000000, 0x000000061c000000| Untracked 
|  68|0x000000061c200000, 0x000000061c200000, 0x000000061c400000|  0%| F|  |TAMS 0x000000061c200000, 0x000000061c200000| Untracked 
|  69|0x000000061c400000, 0x000000061c400000, 0x000000061c600000|  0%| F|  |TAMS 0x000000061c400000, 0x000000061c400000| Untracked 
|  70|0x000000061c600000, 0x000000061c600000, 0x000000061c800000|  0%| F|  |TAMS 0x000000061c600000, 0x000000061c600000| Untracked 
|  71|0x000000061c800000, 0x000000061c800000, 0x000000061ca00000|  0%| F|  |TAMS 0x000000061c800000, 0x000000061c800000| Untracked 
|  72|0x000000061ca00000, 0x000000061ca00000, 0x000000061cc00000|  0%| F|  |TAMS 0x000000061ca00000, 0x000000061ca00000| Untracked 
|  73|0x000000061cc00000, 0x000000061cc00000, 0x000000061ce00000|  0%| F|  |TAMS 0x000000061cc00000, 0x000000061cc00000| Untracked 
|  74|0x000000061ce00000, 0x000000061ce00000, 0x000000061d000000|  0%| F|  |TAMS 0x000000061ce00000, 0x000000061ce00000| Untracked 
|  75|0x000000061d000000, 0x000000061d000000, 0x000000061d200000|  0%| F|  |TAMS 0x000000061d000000, 0x000000061d000000| Untracked 
|  76|0x000000061d200000, 0x000000061d200000, 0x000000061d400000|  0%| F|  |TAMS 0x000000061d200000, 0x000000061d200000| Untracked 
|  77|0x000000061d400000, 0x000000061d400000, 0x000000061d600000|  0%| F|  |TAMS 0x000000061d400000, 0x000000061d400000| Untracked 
|  78|0x000000061d600000, 0x000000061d600000, 0x000000061d800000|  0%| F|  |TAMS 0x000000061d600000, 0x000000061d600000| Untracked 
|  79|0x000000061d800000, 0x000000061d800000, 0x000000061da00000|  0%| F|  |TAMS 0x000000061d800000, 0x000000061d800000| Untracked 
|  80|0x000000061da00000, 0x000000061da00000, 0x000000061dc00000|  0%| F|  |TAMS 0x000000061da00000, 0x000000061da00000| Untracked 
|  81|0x000000061dc00000, 0x000000061dc00000, 0x000000061de00000|  0%| F|  |TAMS 0x000000061dc00000, 0x000000061dc00000| Untracked 
|  82|0x000000061de00000, 0x000000061de00000, 0x000000061e000000|  0%| F|  |TAMS 0x000000061de00000, 0x000000061de00000| Untracked 
|  83|0x000000061e000000, 0x000000061e000000, 0x000000061e200000|  0%| F|  |TAMS 0x000000061e000000, 0x000000061e000000| Untracked 
|  84|0x000000061e200000, 0x000000061e200000, 0x000000061e400000|  0%| F|  |TAMS 0x000000061e200000, 0x000000061e200000| Untracked 
|  85|0x000000061e400000, 0x000000061e400000, 0x000000061e600000|  0%| F|  |TAMS 0x000000061e400000, 0x000000061e400000| Untracked 
|  86|0x000000061e600000, 0x000000061e600000, 0x000000061e800000|  0%| F|  |TAMS 0x000000061e600000, 0x000000061e600000| Untracked 
|  87|0x000000061e800000, 0x000000061e800000, 0x000000061ea00000|  0%| F|  |TAMS 0x000000061e800000, 0x000000061e800000| Untracked 
|  88|0x000000061ea00000, 0x000000061ea00000, 0x000000061ec00000|  0%| F|  |TAMS 0x000000061ea00000, 0x000000061ea00000| Untracked 
|  89|0x000000061ec00000, 0x000000061ec00000, 0x000000061ee00000|  0%| F|  |TAMS 0x000000061ec00000, 0x000000061ec00000| Untracked 
|  90|0x000000061ee00000, 0x000000061ee00000, 0x000000061f000000|  0%| F|  |TAMS 0x000000061ee00000, 0x000000061ee00000| Untracked 
|  91|0x000000061f000000, 0x000000061f000000, 0x000000061f200000|  0%| F|  |TAMS 0x000000061f000000, 0x000000061f000000| Untracked 
|  92|0x000000061f200000, 0x000000061f200000, 0x000000061f400000|  0%| F|  |TAMS 0x000000061f200000, 0x000000061f200000| Untracked 
|  93|0x000000061f400000, 0x000000061f400000, 0x000000061f600000|  0%| F|  |TAMS 0x000000061f400000, 0x000000061f400000| Untracked 
|  94|0x000000061f600000, 0x000000061f600000, 0x000000061f800000|  0%| F|  |TAMS 0x000000061f600000, 0x000000061f600000| Untracked 
|  95|0x000000061f800000, 0x000000061f800000, 0x000000061fa00000|  0%| F|  |TAMS 0x000000061f800000, 0x000000061f800000| Untracked 
|  96|0x000000061fa00000, 0x000000061fa00000, 0x000000061fc00000|  0%| F|  |TAMS 0x000000061fa00000, 0x000000061fa00000| Untracked 
|  97|0x000000061fc00000, 0x000000061fc00000, 0x000000061fe00000|  0%| F|  |TAMS 0x000000061fc00000, 0x000000061fc00000| Untracked 
|  98|0x000000061fe00000, 0x000000061fe00000, 0x0000000620000000|  0%| F|  |TAMS 0x000000061fe00000, 0x000000061fe00000| Untracked 
|  99|0x0000000620000000, 0x0000000620000000, 0x0000000620200000|  0%| F|  |TAMS 0x0000000620000000, 0x0000000620000000| Untracked 
| 100|0x0000000620200000, 0x0000000620200000, 0x0000000620400000|  0%| F|  |TAMS 0x0000000620200000, 0x0000000620200000| Untracked 
| 101|0x0000000620400000, 0x0000000620400000, 0x0000000620600000|  0%| F|  |TAMS 0x0000000620400000, 0x0000000620400000| Untracked 
| 102|0x0000000620600000, 0x0000000620600000, 0x0000000620800000|  0%| F|  |TAMS 0x0000000620600000, 0x0000000620600000| Untracked 
| 103|0x0000000620800000, 0x0000000620800000, 0x0000000620a00000|  0%| F|  |TAMS 0x0000000620800000, 0x0000000620800000| Untracked 
| 104|0x0000000620a00000, 0x0000000620a00000, 0x0000000620c00000|  0%| F|  |TAMS 0x0000000620a00000, 0x0000000620a00000| Untracked 
| 105|0x0000000620c00000, 0x0000000620c00000, 0x0000000620e00000|  0%| F|  |TAMS 0x0000000620c00000, 0x0000000620c00000| Untracked 
| 106|0x0000000620e00000, 0x0000000620e00000, 0x0000000621000000|  0%| F|  |TAMS 0x0000000620e00000, 0x0000000620e00000| Untracked 
| 107|0x0000000621000000, 0x0000000621000000, 0x0000000621200000|  0%| F|  |TAMS 0x0000000621000000, 0x0000000621000000| Untracked 
| 108|0x0000000621200000, 0x0000000621200000, 0x0000000621400000|  0%| F|  |TAMS 0x0000000621200000, 0x0000000621200000| Untracked 
| 109|0x0000000621400000, 0x0000000621400000, 0x0000000621600000|  0%| F|  |TAMS 0x0000000621400000, 0x0000000621400000| Untracked 
| 110|0x0000000621600000, 0x0000000621600000, 0x0000000621800000|  0%| F|  |TAMS 0x0000000621600000, 0x0000000621600000| Untracked 
| 111|0x0000000621800000, 0x0000000621800000, 0x0000000621a00000|  0%| F|  |TAMS 0x0000000621800000, 0x0000000621800000| Untracked 
| 112|0x0000000621a00000, 0x0000000621a00000, 0x0000000621c00000|  0%| F|  |TAMS 0x0000000621a00000, 0x0000000621a00000| Untracked 
| 113|0x0000000621c00000, 0x0000000621c00000, 0x0000000621e00000|  0%| F|  |TAMS 0x0000000621c00000, 0x0000000621c00000| Untracked 
| 114|0x0000000621e00000, 0x0000000621e00000, 0x0000000622000000|  0%| F|  |TAMS 0x0000000621e00000, 0x0000000621e00000| Untracked 
| 115|0x0000000622000000, 0x0000000622000000, 0x0000000622200000|  0%| F|  |TAMS 0x0000000622000000, 0x0000000622000000| Untracked 
| 116|0x0000000622200000, 0x0000000622200000, 0x0000000622400000|  0%| F|  |TAMS 0x0000000622200000, 0x0000000622200000| Untracked 
| 117|0x0000000622400000, 0x0000000622400000, 0x0000000622600000|  0%| F|  |TAMS 0x0000000622400000, 0x0000000622400000| Untracked 
| 118|0x0000000622600000, 0x0000000622600000, 0x0000000622800000|  0%| F|  |TAMS 0x0000000622600000, 0x0000000622600000| Untracked 
| 119|0x0000000622800000, 0x0000000622800000, 0x0000000622a00000|  0%| F|  |TAMS 0x0000000622800000, 0x0000000622800000| Untracked 
| 120|0x0000000622a00000, 0x0000000622a00000, 0x0000000622c00000|  0%| F|  |TAMS 0x0000000622a00000, 0x0000000622a00000| Untracked 
| 121|0x0000000622c00000, 0x0000000622c00000, 0x0000000622e00000|  0%| F|  |TAMS 0x0000000622c00000, 0x0000000622c00000| Untracked 
| 122|0x0000000622e00000, 0x0000000622e00000, 0x0000000623000000|  0%| F|  |TAMS 0x0000000622e00000, 0x0000000622e00000| Untracked 
| 123|0x0000000623000000, 0x0000000623000000, 0x0000000623200000|  0%| F|  |TAMS 0x0000000623000000, 0x0000000623000000| Untracked 
| 124|0x0000000623200000, 0x0000000623200000, 0x0000000623400000|  0%| F|  |TAMS 0x0000000623200000, 0x0000000623200000| Untracked 
| 125|0x0000000623400000, 0x0000000623400000, 0x0000000623600000|  0%| F|  |TAMS 0x0000000623400000, 0x0000000623400000| Untracked 
| 126|0x0000000623600000, 0x0000000623600000, 0x0000000623800000|  0%| F|  |TAMS 0x0000000623600000, 0x0000000623600000| Untracked 
| 127|0x0000000623800000, 0x0000000623800000, 0x0000000623a00000|  0%| F|  |TAMS 0x0000000623800000, 0x0000000623800000| Untracked 
| 128|0x0000000623a00000, 0x0000000623a00000, 0x0000000623c00000|  0%| F|  |TAMS 0x0000000623a00000, 0x0000000623a00000| Untracked 
| 129|0x0000000623c00000, 0x0000000623c00000, 0x0000000623e00000|  0%| F|  |TAMS 0x0000000623c00000, 0x0000000623c00000| Untracked 
| 130|0x0000000623e00000, 0x0000000623e00000, 0x0000000624000000|  0%| F|  |TAMS 0x0000000623e00000, 0x0000000623e00000| Untracked 
| 131|0x0000000624000000, 0x0000000624000000, 0x0000000624200000|  0%| F|  |TAMS 0x0000000624000000, 0x0000000624000000| Untracked 
| 132|0x0000000624200000, 0x0000000624200000, 0x0000000624400000|  0%| F|  |TAMS 0x0000000624200000, 0x0000000624200000| Untracked 
| 133|0x0000000624400000, 0x0000000624400000, 0x0000000624600000|  0%| F|  |TAMS 0x0000000624400000, 0x0000000624400000| Untracked 
| 134|0x0000000624600000, 0x0000000624600000, 0x0000000624800000|  0%| F|  |TAMS 0x0000000624600000, 0x0000000624600000| Untracked 
| 135|0x0000000624800000, 0x0000000624800000, 0x0000000624a00000|  0%| F|  |TAMS 0x0000000624800000, 0x0000000624800000| Untracked 
| 136|0x0000000624a00000, 0x0000000624a00000, 0x0000000624c00000|  0%| F|  |TAMS 0x0000000624a00000, 0x0000000624a00000| Untracked 
| 137|0x0000000624c00000, 0x0000000624c00000, 0x0000000624e00000|  0%| F|  |TAMS 0x0000000624c00000, 0x0000000624c00000| Untracked 
| 138|0x0000000624e00000, 0x0000000624e00000, 0x0000000625000000|  0%| F|  |TAMS 0x0000000624e00000, 0x0000000624e00000| Untracked 
| 139|0x0000000625000000, 0x0000000625000000, 0x0000000625200000|  0%| F|  |TAMS 0x0000000625000000, 0x0000000625000000| Untracked 
| 140|0x0000000625200000, 0x0000000625200000, 0x0000000625400000|  0%| F|  |TAMS 0x0000000625200000, 0x0000000625200000| Untracked 
| 141|0x0000000625400000, 0x0000000625400000, 0x0000000625600000|  0%| F|  |TAMS 0x0000000625400000, 0x0000000625400000| Untracked 
| 142|0x0000000625600000, 0x0000000625600000, 0x0000000625800000|  0%| F|  |TAMS 0x0000000625600000, 0x0000000625600000| Untracked 
| 143|0x0000000625800000, 0x0000000625800000, 0x0000000625a00000|  0%| F|  |TAMS 0x0000000625800000, 0x0000000625800000| Untracked 
| 144|0x0000000625a00000, 0x0000000625a00000, 0x0000000625c00000|  0%| F|  |TAMS 0x0000000625a00000, 0x0000000625a00000| Untracked 
| 145|0x0000000625c00000, 0x0000000625c00000, 0x0000000625e00000|  0%| F|  |TAMS 0x0000000625c00000, 0x0000000625c00000| Untracked 
| 146|0x0000000625e00000, 0x0000000625e00000, 0x0000000626000000|  0%| F|  |TAMS 0x0000000625e00000, 0x0000000625e00000| Untracked 
| 147|0x0000000626000000, 0x0000000626000000, 0x0000000626200000|  0%| F|  |TAMS 0x0000000626000000, 0x0000000626000000| Untracked 
| 148|0x0000000626200000, 0x0000000626200000, 0x0000000626400000|  0%| F|  |TAMS 0x0000000626200000, 0x0000000626200000| Untracked 
| 149|0x0000000626400000, 0x0000000626400000, 0x0000000626600000|  0%| F|  |TAMS 0x0000000626400000, 0x0000000626400000| Untracked 
| 150|0x0000000626600000, 0x0000000626600000, 0x0000000626800000|  0%| F|  |TAMS 0x0000000626600000, 0x0000000626600000| Untracked 
| 151|0x0000000626800000, 0x0000000626800000, 0x0000000626a00000|  0%| F|  |TAMS 0x0000000626800000, 0x0000000626800000| Untracked 
| 152|0x0000000626a00000, 0x0000000626a00000, 0x0000000626c00000|  0%| F|  |TAMS 0x0000000626a00000, 0x0000000626a00000| Untracked 
| 153|0x0000000626c00000, 0x0000000626c00000, 0x0000000626e00000|  0%| F|  |TAMS 0x0000000626c00000, 0x0000000626c00000| Untracked 
| 154|0x0000000626e00000, 0x0000000626e00000, 0x0000000627000000|  0%| F|  |TAMS 0x0000000626e00000, 0x0000000626e00000| Untracked 
| 155|0x0000000627000000, 0x0000000627000000, 0x0000000627200000|  0%| F|  |TAMS 0x0000000627000000, 0x0000000627000000| Untracked 
| 156|0x0000000627200000, 0x0000000627200000, 0x0000000627400000|  0%| F|  |TAMS 0x0000000627200000, 0x0000000627200000| Untracked 
| 157|0x0000000627400000, 0x0000000627400000, 0x0000000627600000|  0%| F|  |TAMS 0x0000000627400000, 0x0000000627400000| Untracked 
| 158|0x0000000627600000, 0x0000000627600000, 0x0000000627800000|  0%| F|  |TAMS 0x0000000627600000, 0x0000000627600000| Untracked 
| 159|0x0000000627800000, 0x0000000627800000, 0x0000000627a00000|  0%| F|  |TAMS 0x0000000627800000, 0x0000000627800000| Untracked 
| 160|0x0000000627a00000, 0x0000000627a00000, 0x0000000627c00000|  0%| F|  |TAMS 0x0000000627a00000, 0x0000000627a00000| Untracked 
| 161|0x0000000627c00000, 0x0000000627c00000, 0x0000000627e00000|  0%| F|  |TAMS 0x0000000627c00000, 0x0000000627c00000| Untracked 
| 162|0x0000000627e00000, 0x0000000627e00000, 0x0000000628000000|  0%| F|  |TAMS 0x0000000627e00000, 0x0000000627e00000| Untracked 
| 163|0x0000000628000000, 0x0000000628000000, 0x0000000628200000|  0%| F|  |TAMS 0x0000000628000000, 0x0000000628000000| Untracked 
| 164|0x0000000628200000, 0x0000000628200000, 0x0000000628400000|  0%| F|  |TAMS 0x0000000628200000, 0x0000000628200000| Untracked 
| 165|0x0000000628400000, 0x0000000628400000, 0x0000000628600000|  0%| F|  |TAMS 0x0000000628400000, 0x0000000628400000| Untracked 
| 166|0x0000000628600000, 0x0000000628600000, 0x0000000628800000|  0%| F|  |TAMS 0x0000000628600000, 0x0000000628600000| Untracked 
| 167|0x0000000628800000, 0x0000000628800000, 0x0000000628a00000|  0%| F|  |TAMS 0x0000000628800000, 0x0000000628800000| Untracked 
| 168|0x0000000628a00000, 0x0000000628a00000, 0x0000000628c00000|  0%| F|  |TAMS 0x0000000628a00000, 0x0000000628a00000| Untracked 
| 169|0x0000000628c00000, 0x0000000628c00000, 0x0000000628e00000|  0%| F|  |TAMS 0x0000000628c00000, 0x0000000628c00000| Untracked 
| 170|0x0000000628e00000, 0x0000000628e00000, 0x0000000629000000|  0%| F|  |TAMS 0x0000000628e00000, 0x0000000628e00000| Untracked 
| 171|0x0000000629000000, 0x0000000629000000, 0x0000000629200000|  0%| F|  |TAMS 0x0000000629000000, 0x0000000629000000| Untracked 
| 172|0x0000000629200000, 0x0000000629200000, 0x0000000629400000|  0%| F|  |TAMS 0x0000000629200000, 0x0000000629200000| Untracked 
| 173|0x0000000629400000, 0x0000000629400000, 0x0000000629600000|  0%| F|  |TAMS 0x0000000629400000, 0x0000000629400000| Untracked 
| 174|0x0000000629600000, 0x0000000629600000, 0x0000000629800000|  0%| F|  |TAMS 0x0000000629600000, 0x0000000629600000| Untracked 
| 175|0x0000000629800000, 0x0000000629800000, 0x0000000629a00000|  0%| F|  |TAMS 0x0000000629800000, 0x0000000629800000| Untracked 
| 176|0x0000000629a00000, 0x0000000629a00000, 0x0000000629c00000|  0%| F|  |TAMS 0x0000000629a00000, 0x0000000629a00000| Untracked 
| 177|0x0000000629c00000, 0x0000000629c00000, 0x0000000629e00000|  0%| F|  |TAMS 0x0000000629c00000, 0x0000000629c00000| Untracked 
| 178|0x0000000629e00000, 0x0000000629e00000, 0x000000062a000000|  0%| F|  |TAMS 0x0000000629e00000, 0x0000000629e00000| Untracked 
| 179|0x000000062a000000, 0x000000062a000000, 0x000000062a200000|  0%| F|  |TAMS 0x000000062a000000, 0x000000062a000000| Untracked 
| 180|0x000000062a200000, 0x000000062a200000, 0x000000062a400000|  0%| F|  |TAMS 0x000000062a200000, 0x000000062a200000| Untracked 
| 181|0x000000062a400000, 0x000000062a400000, 0x000000062a600000|  0%| F|  |TAMS 0x000000062a400000, 0x000000062a400000| Untracked 
| 182|0x000000062a600000, 0x000000062a600000, 0x000000062a800000|  0%| F|  |TAMS 0x000000062a600000, 0x000000062a600000| Untracked 
| 183|0x000000062a800000, 0x000000062a800000, 0x000000062aa00000|  0%| F|  |TAMS 0x000000062a800000, 0x000000062a800000| Untracked 
| 184|0x000000062aa00000, 0x000000062aa00000, 0x000000062ac00000|  0%| F|  |TAMS 0x000000062aa00000, 0x000000062aa00000| Untracked 
| 185|0x000000062ac00000, 0x000000062ac00000, 0x000000062ae00000|  0%| F|  |TAMS 0x000000062ac00000, 0x000000062ac00000| Untracked 
| 186|0x000000062ae00000, 0x000000062ae00000, 0x000000062b000000|  0%| F|  |TAMS 0x000000062ae00000, 0x000000062ae00000| Untracked 
| 187|0x000000062b000000, 0x000000062b000000, 0x000000062b200000|  0%| F|  |TAMS 0x000000062b000000, 0x000000062b000000| Untracked 
| 188|0x000000062b200000, 0x000000062b200000, 0x000000062b400000|  0%| F|  |TAMS 0x000000062b200000, 0x000000062b200000| Untracked 
| 189|0x000000062b400000, 0x000000062b400000, 0x000000062b600000|  0%| F|  |TAMS 0x000000062b400000, 0x000000062b400000| Untracked 
| 190|0x000000062b600000, 0x000000062b600000, 0x000000062b800000|  0%| F|  |TAMS 0x000000062b600000, 0x000000062b600000| Untracked 
| 191|0x000000062b800000, 0x000000062b800000, 0x000000062ba00000|  0%| F|  |TAMS 0x000000062b800000, 0x000000062b800000| Untracked 
| 192|0x000000062ba00000, 0x000000062ba00000, 0x000000062bc00000|  0%| F|  |TAMS 0x000000062ba00000, 0x000000062ba00000| Untracked 
| 193|0x000000062bc00000, 0x000000062bc00000, 0x000000062be00000|  0%| F|  |TAMS 0x000000062bc00000, 0x000000062bc00000| Untracked 
| 194|0x000000062be00000, 0x000000062be00000, 0x000000062c000000|  0%| F|  |TAMS 0x000000062be00000, 0x000000062be00000| Untracked 
| 195|0x000000062c000000, 0x000000062c000000, 0x000000062c200000|  0%| F|  |TAMS 0x000000062c000000, 0x000000062c000000| Untracked 
| 196|0x000000062c200000, 0x000000062c200000, 0x000000062c400000|  0%| F|  |TAMS 0x000000062c200000, 0x000000062c200000| Untracked 
| 197|0x000000062c400000, 0x000000062c400000, 0x000000062c600000|  0%| F|  |TAMS 0x000000062c400000, 0x000000062c400000| Untracked 
| 198|0x000000062c600000, 0x000000062c600000, 0x000000062c800000|  0%| F|  |TAMS 0x000000062c600000, 0x000000062c600000| Untracked 
| 199|0x000000062c800000, 0x000000062c800000, 0x000000062ca00000|  0%| F|  |TAMS 0x000000062c800000, 0x000000062c800000| Untracked 
| 200|0x000000062ca00000, 0x000000062ca00000, 0x000000062cc00000|  0%| F|  |TAMS 0x000000062ca00000, 0x000000062ca00000| Untracked 
| 201|0x000000062cc00000, 0x000000062cc00000, 0x000000062ce00000|  0%| F|  |TAMS 0x000000062cc00000, 0x000000062cc00000| Untracked 
| 202|0x000000062ce00000, 0x000000062ce00000, 0x000000062d000000|  0%| F|  |TAMS 0x000000062ce00000, 0x000000062ce00000| Untracked 
| 203|0x000000062d000000, 0x000000062d000000, 0x000000062d200000|  0%| F|  |TAMS 0x000000062d000000, 0x000000062d000000| Untracked 
| 204|0x000000062d200000, 0x000000062d200000, 0x000000062d400000|  0%| F|  |TAMS 0x000000062d200000, 0x000000062d200000| Untracked 
| 205|0x000000062d400000, 0x000000062d400000, 0x000000062d600000|  0%| F|  |TAMS 0x000000062d400000, 0x000000062d400000| Untracked 
| 206|0x000000062d600000, 0x000000062d600000, 0x000000062d800000|  0%| F|  |TAMS 0x000000062d600000, 0x000000062d600000| Untracked 
| 207|0x000000062d800000, 0x000000062d800000, 0x000000062da00000|  0%| F|  |TAMS 0x000000062d800000, 0x000000062d800000| Untracked 
| 208|0x000000062da00000, 0x000000062da00000, 0x000000062dc00000|  0%| F|  |TAMS 0x000000062da00000, 0x000000062da00000| Untracked 
| 209|0x000000062dc00000, 0x000000062dc00000, 0x000000062de00000|  0%| F|  |TAMS 0x000000062dc00000, 0x000000062dc00000| Untracked 
| 210|0x000000062de00000, 0x000000062de00000, 0x000000062e000000|  0%| F|  |TAMS 0x000000062de00000, 0x000000062de00000| Untracked 
| 211|0x000000062e000000, 0x000000062e000000, 0x000000062e200000|  0%| F|  |TAMS 0x000000062e000000, 0x000000062e000000| Untracked 
| 212|0x000000062e200000, 0x000000062e200000, 0x000000062e400000|  0%| F|  |TAMS 0x000000062e200000, 0x000000062e200000| Untracked 
| 213|0x000000062e400000, 0x000000062e400000, 0x000000062e600000|  0%| F|  |TAMS 0x000000062e400000, 0x000000062e400000| Untracked 
| 214|0x000000062e600000, 0x000000062e600000, 0x000000062e800000|  0%| F|  |TAMS 0x000000062e600000, 0x000000062e600000| Untracked 
| 215|0x000000062e800000, 0x000000062e800000, 0x000000062ea00000|  0%| F|  |TAMS 0x000000062e800000, 0x000000062e800000| Untracked 
| 216|0x000000062ea00000, 0x000000062ea00000, 0x000000062ec00000|  0%| F|  |TAMS 0x000000062ea00000, 0x000000062ea00000| Untracked 
| 217|0x000000062ec00000, 0x000000062ec00000, 0x000000062ee00000|  0%| F|  |TAMS 0x000000062ec00000, 0x000000062ec00000| Untracked 
| 218|0x000000062ee00000, 0x000000062ee00000, 0x000000062f000000|  0%| F|  |TAMS 0x000000062ee00000, 0x000000062ee00000| Untracked 
| 219|0x000000062f000000, 0x000000062f000000, 0x000000062f200000|  0%| F|  |TAMS 0x000000062f000000, 0x000000062f000000| Untracked 
| 220|0x000000062f200000, 0x000000062f200000, 0x000000062f400000|  0%| F|  |TAMS 0x000000062f200000, 0x000000062f200000| Untracked 
| 221|0x000000062f400000, 0x000000062f4f7150, 0x000000062f600000| 48%| S|CS|TAMS 0x000000062f400000, 0x000000062f400000| Complete 
| 222|0x000000062f600000, 0x000000062f800000, 0x000000062f800000|100%| S|CS|TAMS 0x000000062f600000, 0x000000062f600000| Complete 
| 223|0x000000062f800000, 0x000000062f800000, 0x000000062fa00000|  0%| F|  |TAMS 0x000000062f800000, 0x000000062f800000| Untracked 
| 224|0x000000062fa00000, 0x000000062fa00000, 0x000000062fc00000|  0%| F|  |TAMS 0x000000062fa00000, 0x000000062fa00000| Untracked 
| 225|0x000000062fc00000, 0x000000062fc00000, 0x000000062fe00000|  0%| F|  |TAMS 0x000000062fc00000, 0x000000062fc00000| Untracked 
| 226|0x000000062fe00000, 0x000000062fe00000, 0x0000000630000000|  0%| F|  |TAMS 0x000000062fe00000, 0x000000062fe00000| Untracked 
| 227|0x0000000630000000, 0x0000000630000000, 0x0000000630200000|  0%| F|  |TAMS 0x0000000630000000, 0x0000000630000000| Untracked 
| 228|0x0000000630200000, 0x0000000630200000, 0x0000000630400000|  0%| F|  |TAMS 0x0000000630200000, 0x0000000630200000| Untracked 
| 229|0x0000000630400000, 0x0000000630400000, 0x0000000630600000|  0%| F|  |TAMS 0x0000000630400000, 0x0000000630400000| Untracked 
| 230|0x0000000630600000, 0x0000000630600000, 0x0000000630800000|  0%| F|  |TAMS 0x0000000630600000, 0x0000000630600000| Untracked 
| 231|0x0000000630800000, 0x0000000630800000, 0x0000000630a00000|  0%| F|  |TAMS 0x0000000630800000, 0x0000000630800000| Untracked 
| 232|0x0000000630a00000, 0x0000000630a00000, 0x0000000630c00000|  0%| F|  |TAMS 0x0000000630a00000, 0x0000000630a00000| Untracked 
| 233|0x0000000630c00000, 0x0000000630c00000, 0x0000000630e00000|  0%| F|  |TAMS 0x0000000630c00000, 0x0000000630c00000| Untracked 
| 234|0x0000000630e00000, 0x0000000630e00000, 0x0000000631000000|  0%| F|  |TAMS 0x0000000630e00000, 0x0000000630e00000| Untracked 
| 235|0x0000000631000000, 0x0000000631000000, 0x0000000631200000|  0%| F|  |TAMS 0x0000000631000000, 0x0000000631000000| Untracked 
| 236|0x0000000631200000, 0x0000000631200000, 0x0000000631400000|  0%| F|  |TAMS 0x0000000631200000, 0x0000000631200000| Untracked 
| 237|0x0000000631400000, 0x0000000631400000, 0x0000000631600000|  0%| F|  |TAMS 0x0000000631400000, 0x0000000631400000| Untracked 
| 238|0x0000000631600000, 0x0000000631600000, 0x0000000631800000|  0%| F|  |TAMS 0x0000000631600000, 0x0000000631600000| Untracked 
| 239|0x0000000631800000, 0x0000000631800000, 0x0000000631a00000|  0%| F|  |TAMS 0x0000000631800000, 0x0000000631800000| Untracked 
| 240|0x0000000631a00000, 0x0000000631a3be00, 0x0000000631c00000| 11%| E|  |TAMS 0x0000000631a00000, 0x0000000631a00000| Complete 
| 241|0x0000000631c00000, 0x0000000631e00000, 0x0000000631e00000|100%| E|CS|TAMS 0x0000000631c00000, 0x0000000631c00000| Complete 
| 242|0x0000000631e00000, 0x0000000632000000, 0x0000000632000000|100%| E|CS|TAMS 0x0000000631e00000, 0x0000000631e00000| Complete 
| 243|0x0000000632000000, 0x0000000632200000, 0x0000000632200000|100%| E|CS|TAMS 0x0000000632000000, 0x0000000632000000| Complete 
| 244|0x0000000632200000, 0x0000000632400000, 0x0000000632400000|100%| E|CS|TAMS 0x0000000632200000, 0x0000000632200000| Complete 
| 245|0x0000000632400000, 0x0000000632600000, 0x0000000632600000|100%| E|CS|TAMS 0x0000000632400000, 0x0000000632400000| Complete 
| 246|0x0000000632600000, 0x0000000632800000, 0x0000000632800000|100%| E|CS|TAMS 0x0000000632600000, 0x0000000632600000| Complete 

Card table byte_map: [0x0000018b3b710000,0x0000018b3c680000] _byte_map_base: 0x0000018b38673000

Marking Bits (Prev, Next): (CMBitMap*) 0x0000018b22c9a7d0, (CMBitMap*) 0x0000018b22c9a798
 Prev Bits: [0x0000018b45110000, 0x0000018b4cc28000)
 Next Bits: [0x0000018b3d5f0000, 0x0000018b45108000)

Polling page: 0x0000018b22360000

Metaspace:

Usage:
  Non-class:     25.53 MB capacity,    25.19 MB ( 99%) used,   269.10 KB (  1%) free+waste,    77.00 KB ( <1%) overhead. 
      Class:      3.24 MB capacity,     2.95 MB ( 91%) used,   254.32 KB (  8%) free+waste,    39.38 KB (  1%) overhead. 
       Both:     28.76 MB capacity,    28.14 MB ( 98%) used,   523.42 KB (  2%) free+waste,   116.38 KB ( <1%) overhead. 

Virtual space:
  Non-class space:       26.00 MB reserved,      25.75 MB (>99%) committed 
      Class space:        1.00 GB reserved,       3.37 MB ( <1%) committed 
             Both:        1.03 GB reserved,      29.12 MB (  3%) committed 

Chunk freelists:
   Non-Class:  4.75 KB
       Class:  1.50 KB
        Both:  6.25 KB

CodeHeap 'non-profiled nmethods': size=119168Kb used=1706Kb max_used=1706Kb free=117461Kb
 bounds [0x0000018b32ac0000, 0x0000018b32d30000, 0x0000018b39f20000]
CodeHeap 'profiled nmethods': size=119168Kb used=7552Kb max_used=7552Kb free=111615Kb
 bounds [0x0000018b2b660000, 0x0000018b2bdd0000, 0x0000018b32ac0000]
CodeHeap 'non-nmethods': size=7424Kb used=2975Kb max_used=2991Kb free=4448Kb
 bounds [0x0000018b2af20000, 0x0000018b2b280000, 0x0000018b2b660000]
 total_blobs=5106 nmethods=3530 adapters=586
 compilation: enabled
              stopped_count=0, restarted_count=0
 full_count=0

Compilation events (10 events):
Event: 7.912 Thread 0x0000018b516d1800 nmethod 3523 0x0000018b2bdb7710 code [0x0000018b2bdb7d60, 0x0000018b2bdba500]
Event: 7.912 Thread 0x0000018b5072d800 nmethod 3525 0x0000018b32c69210 code [0x0000018b32c693a0, 0x0000018b32c69438]
Event: 7.912 Thread 0x0000018b5072d800 3526       4       java.lang.Math::ceil (5 bytes)
Event: 7.912 Thread 0x0000018b50ac7800 3528   !   3       sun.java2d.pipe.DrawImage::renderImageXform (736 bytes)
Event: 7.912 Thread 0x0000018b5072d800 nmethod 3526 0x0000018b32c69510 code [0x0000018b32c696c0, 0x0000018b32c69778]
Event: 7.912 Thread 0x0000018b5072d800 3527  s    4       sun.java2d.loops.GraphicsPrimitiveMgr::locate (56 bytes)
Event: 7.915 Thread 0x0000018b50ac7800 nmethod 3528 0x0000018b2bdbb510 code [0x0000018b2bdbba80, 0x0000018b2bdbe830]
Event: 7.916 Thread 0x0000018b5072d800 nmethod 3527 0x0000018b32c69890 code [0x0000018b32c69a60, 0x0000018b32c69ee8]
Event: 7.916 Thread 0x0000018b5072d800 3529       4       sun.java2d.loops.GraphicsPrimitiveMgr::locateGeneral (42 bytes)
Event: 7.918 Thread 0x0000018b5072d800 nmethod 3529 0x0000018b32c6a110 code [0x0000018b32c6a2a0, 0x0000018b32c6a398]

GC Heap History (8 events):
Event: 0.684 GC heap before
{Heap before GC invocations=0 (full 0):
 garbage-first heap   total 505856K, used 24576K [0x0000000613a00000, 0x0000000800000000)
  region size 2048K, 12 young (24576K), 0 survivors (0K)
 Metaspace       used 15279K, capacity 15508K, committed 15744K, reserved 1062912K
  class space    used 1533K, capacity 1636K, committed 1664K, reserved 1048576K
}
Event: 0.690 GC heap after
{Heap after GC invocations=1 (full 0):
 garbage-first heap   total 505856K, used 3143K [0x0000000613a00000, 0x0000000800000000)
  region size 2048K, 2 young (4096K), 2 survivors (4096K)
 Metaspace       used 15279K, capacity 15508K, committed 15744K, reserved 1062912K
  class space    used 1533K, capacity 1636K, committed 1664K, reserved 1048576K
}
Event: 1.765 GC heap before
{Heap before GC invocations=1 (full 0):
 garbage-first heap   total 505856K, used 25671K [0x0000000613a00000, 0x0000000800000000)
  region size 2048K, 14 young (28672K), 2 survivors (4096K)
 Metaspace       used 20835K, capacity 21190K, committed 21248K, reserved 1069056K
  class space    used 2155K, capacity 2285K, committed 2304K, reserved 1048576K
}
Event: 1.773 GC heap after
{Heap after GC invocations=2 (full 0):
 garbage-first heap   total 505856K, used 9940K [0x0000000613a00000, 0x0000000800000000)
  region size 2048K, 5 young (10240K), 5 survivors (10240K)
 Metaspace       used 20835K, capacity 21190K, committed 21248K, reserved 1069056K
  class space    used 2155K, capacity 2285K, committed 2304K, reserved 1048576K
}
Event: 3.694 GC heap before
{Heap before GC invocations=3 (full 0):
 garbage-first heap   total 505856K, used 95956K [0x0000000613a00000, 0x0000000800000000)
  region size 2048K, 43 young (88064K), 5 survivors (10240K)
 Metaspace       used 28376K, capacity 29084K, committed 29180K, reserved 1075200K
  class space    used 2988K, capacity 3283K, committed 3324K, reserved 1048576K
}
Event: 3.710 GC heap after
{Heap after GC invocations=4 (full 0):
 garbage-first heap   total 505856K, used 44098K [0x0000000613a00000, 0x0000000800000000)
  region size 2048K, 6 young (12288K), 6 survivors (12288K)
 Metaspace       used 28376K, capacity 29084K, committed 29180K, reserved 1075200K
  class space    used 2988K, capacity 3283K, committed 3324K, reserved 1048576K
}
Event: 7.388 GC heap before
{Heap before GC invocations=4 (full 0):
 garbage-first heap   total 505856K, used 93250K [0x0000000613a00000, 0x0000000800000000)
  region size 2048K, 30 young (61440K), 6 survivors (12288K)
 Metaspace       used 28787K, capacity 29454K, committed 29820K, reserved 1075200K
  class space    used 3017K, capacity 3316K, committed 3452K, reserved 1048576K
}
Event: 7.393 GC heap after
{Heap after GC invocations=5 (full 0):
 garbage-first heap   total 505856K, used 47681K [0x0000000613a00000, 0x0000000800000000)
  region size 2048K, 2 young (4096K), 2 survivors (4096K)
 Metaspace       used 28787K, capacity 29454K, committed 29820K, reserved 1075200K
  class space    used 3017K, capacity 3316K, committed 3452K, reserved 1048576K
}

Deoptimization events (10 events):
Event: 6.250 Thread 0x0000018b61810000 Uncommon trap: reason=class_check action=make_not_entrant pc=0x0000018b32c4f12c method=java.util.ArrayList.toArray([Ljava/lang/Object;)[Ljava/lang/Object; @ 21 c2
Event: 6.251 Thread 0x0000018b61810000 Uncommon trap: reason=class_check action=make_not_entrant pc=0x0000018b32c50520 method=java.util.ArrayList.toArray([Ljava/lang/Object;)[Ljava/lang/Object; @ 21 c2
Event: 7.894 Thread 0x0000018b61ccf800 Uncommon trap: reason=unstable_if action=reinterpret pc=0x0000018b32bb7274 method=java.awt.image.BufferedImage.coerceData(Z)V @ 7 c2
Event: 7.896 Thread 0x0000018b61ccf800 Uncommon trap: reason=unstable_if action=reinterpret pc=0x0000018b32bee39c method=sun.java2d.loops.RenderCache$Entry.matches(Lsun/java2d/loops/SurfaceType;Lsun/java2d/loops/CompositeType;Lsun/java2d/loops/SurfaceType;)Z @ 21 c2
Event: 7.896 Thread 0x0000018b61ccf800 Uncommon trap: reason=unstable_if action=reinterpret pc=0x0000018b32bf1e24 method=sun.java2d.loops.RenderCache$Entry.matches(Lsun/java2d/loops/SurfaceType;Lsun/java2d/loops/CompositeType;Lsun/java2d/loops/SurfaceType;)Z @ 21 c2
Event: 7.896 Thread 0x0000018b61ccf800 Uncommon trap: reason=unstable_if action=reinterpret pc=0x0000018b32bf920c method=sun.java2d.loops.TransformHelper.getFromCache(Lsun/java2d/loops/SurfaceType;)Lsun/java2d/loops/TransformHelper; @ 11 c2
Event: 7.896 Thread 0x0000018b61ccf800 Uncommon trap: reason=unstable_if action=reinterpret pc=0x0000018b32be6ea8 method=sun.java2d.loops.RenderCache$Entry.matches(Lsun/java2d/loops/SurfaceType;Lsun/java2d/loops/CompositeType;Lsun/java2d/loops/SurfaceType;)Z @ 21 c2
Event: 7.907 Thread 0x0000018b61ccf800 Uncommon trap: reason=unstable_if action=reinterpret pc=0x0000018b32c07ee8 method=sun.java2d.SunGraphics2D.drawHiDPIImage(Ljava/awt/Image;IIIIIIIILjava/awt/Color;Ljava/awt/image/ImageObserver;Ljava/awt/geom/AffineTransform;)Ljava/lang/Boolean; @ 4 c2
Event: 7.907 Thread 0x0000018b61ccf800 Uncommon trap: reason=class_check action=maybe_recompile pc=0x0000018b32bea4ec method=sun.java2d.SurfaceData.getSourceSurfaceData(Ljava/awt/Image;ILsun/java2d/loops/CompositeType;Ljava/awt/Color;)Lsun/java2d/SurfaceData; @ 8 c2
Event: 7.927 Thread 0x0000018b61564000 Uncommon trap: reason=class_check action=maybe_recompile pc=0x0000018b32bea4ec method=sun.java2d.SurfaceData.getSourceSurfaceData(Ljava/awt/Image;ILsun/java2d/loops/CompositeType;Ljava/awt/Color;)Lsun/java2d/SurfaceData; @ 8 c2

Classes redefined (0 events):
No events

Internal exceptions (10 events):
Event: 3.027 Thread 0x0000018b61d77000 Exception <a 'java/lang/NoSuchMethodError'{0x000000062dc94698}: java.lang.invoke.DirectMethodHandle$Holder.invokeStatic(Ljava/lang/Object;Ljava/lang/Object;Ljava/lang/Object;ILjava/lang/Object;)Ljava/lang/Object;> (0x000000062dc94698) thrown at [c:/sb/pro
Event: 3.027 Thread 0x0000018b61d77000 Exception <a 'java/lang/NoSuchMethodError'{0x000000062dc9b4c8}: java.lang.invoke.Invokers$Holder.linkToTargetMethod(Ljava/lang/Object;Ljava/lang/Object;ILjava/lang/Object;Ljava/lang/Object;)Ljava/lang/Object;> (0x000000062dc9b4c8) thrown at [c:/sb/prod/16
Event: 3.033 Thread 0x0000018b52432800 Exception <a 'java/lang/NoSuchMethodError'{0x000000062f08d208}: java.lang.invoke.DirectMethodHandle$Holder.invokeSpecial(Ljava/lang/Object;Ljava/lang/Object;D)V> (0x000000062f08d208) thrown at [c:/sb/prod/1680893669/workspace/open/src/hotspot/share/interp
Event: 3.034 Thread 0x0000018b52432800 Exception <a 'java/lang/NoSuchMethodError'{0x000000062f0929a0}: java.lang.invoke.DirectMethodHandle$Holder.invokeStatic(Ljava/lang/Object;Ljava/lang/Object;D)Ljava/lang/Object;> (0x000000062f0929a0) thrown at [c:/sb/prod/1680893669/workspace/open/src/hots
Event: 7.930 Thread 0x0000018b52437000 Exception <a 'java/io/FileNotFoundException'{0x0000000631d00948}> (0x0000000631d00948) thrown at [c:/sb/prod/1680893669/workspace/open/src/hotspot/share/prims/jni.cpp, line 615]
Event: 7.930 Thread 0x0000018b52437000 Implicit null exception at 0x0000018b2baf6db7 to 0x0000018b2baf81e1
Event: 7.930 Thread 0x0000018b52437000 Exception <a 'java/lang/NullPointerException'{0x0000000631d00f08}> (0x0000000631d00f08) thrown at [c:/sb/prod/1680893669/workspace/open/src/hotspot/share/runtime/sharedRuntime.cpp, line 584]
Event: 7.931 Thread 0x0000018b52437000 Exception <a 'java/io/FileNotFoundException'{0x0000000631d01d98}> (0x0000000631d01d98) thrown at [c:/sb/prod/1680893669/workspace/open/src/hotspot/share/prims/jni.cpp, line 615]
Event: 7.931 Thread 0x0000018b52437000 Implicit null exception at 0x0000018b2baf6db7 to 0x0000018b2baf81e1
Event: 7.931 Thread 0x0000018b52437000 Exception <a 'java/lang/NullPointerException'{0x0000000631d02600}> (0x0000000631d02600) thrown at [c:/sb/prod/1680893669/workspace/open/src/hotspot/share/runtime/sharedRuntime.cpp, line 584]

Events (10 events):
Event: 7.927 Thread 0x0000018b61564000 DEOPT PACKING pc=0x0000018b32bea4ec sp=0x0000002c1fbfcc60
Event: 7.927 Thread 0x0000018b61564000 DEOPT UNPACKING pc=0x0000018b2af491af sp=0x0000002c1fbfcc38 mode 2
Event: 7.927 Executing VM operation: RevokeBias
Event: 7.927 Executing VM operation: RevokeBias done
Event: 7.930 loading class java/awt/FontFormatException
Event: 7.931 loading class java/awt/FontFormatException done
Event: 7.931 loading class java/nio/channels/ClosedChannelException
Event: 7.931 loading class java/nio/channels/ClosedChannelException done
Event: 7.931 loading class sun/font/NullFontScaler
Event: 7.931 loading class sun/font/NullFontScaler done


Dynamic libraries:
0x00007ff6ab4b0000 - 0x00007ff6ab4f5000 	D:\Development\Programs\jdk-11.0.0.1\bin\javaw.exe
0x00007ff9e7910000 - 0x00007ff9e7b07000 	C:\Windows\SYSTEM32\ntdll.dll
0x00007ff9e6a90000 - 0x00007ff9e6b4d000 	C:\Windows\System32\KERNEL32.DLL
0x00007ff9e5670000 - 0x00007ff9e5966000 	C:\Windows\System32\KERNELBASE.dll
0x0000000052e00000 - 0x0000000052e9d000 	C:\ProgramData\Symantec\Symantec Endpoint Protection\14.3.9225.6000.105\Data\Sysfer\x64\sysfer.dll
0x00007ff9e7730000 - 0x00007ff9e78ce000 	C:\Windows\System32\USER32.dll
0x00007ff9e5420000 - 0x00007ff9e5442000 	C:\Windows\System32\win32u.dll
0x00007ff9e76f0000 - 0x00007ff9e771c000 	C:\Windows\System32\GDI32.dll
0x00007ff9e5550000 - 0x00007ff9e566a000 	C:\Windows\System32\gdi32full.dll
0x00007ff9e5220000 - 0x00007ff9e52bd000 	C:\Windows\System32\msvcp_win.dll
0x00007ff9e5450000 - 0x00007ff9e5550000 	C:\Windows\System32\ucrtbase.dll
0x00007ff9c64c0000 - 0x00007ff9c675a000 	C:\Windows\WinSxS\amd64_microsoft.windows.common-controls_6595b64144ccf1df_6.0.19041.3570_none_60bb2a3971f3e41a\COMCTL32.dll
0x00007ff9e69f0000 - 0x00007ff9e6a8e000 	C:\Windows\System32\msvcrt.dll
0x00007ff9e6c70000 - 0x00007ff9e6ca0000 	C:\Windows\System32\IMM32.DLL
0x00007ff9e1230000 - 0x00007ff9e1246000 	D:\Development\Programs\jdk-11.0.0.1\bin\vcruntime140.dll
0x00007ff9d0760000 - 0x00007ff9d080a000 	D:\Development\Programs\jdk-11.0.0.1\bin\msvcp140.dll
0x00007ff9510e0000 - 0x00007ff951c23000 	D:\Development\Programs\jdk-11.0.0.1\bin\server\jvm.dll
0x00007ff9e6fd0000 - 0x00007ff9e707e000 	C:\Windows\System32\ADVAPI32.dll
0x00007ff9e6e60000 - 0x00007ff9e6efc000 	C:\Windows\System32\sechost.dll
0x00007ff9e75c0000 - 0x00007ff9e76e6000 	C:\Windows\System32\RPCRT4.dll
0x00007ff9e6180000 - 0x00007ff9e6188000 	C:\Windows\System32\PSAPI.DLL
0x00007ff9cf780000 - 0x00007ff9cf789000 	C:\Windows\SYSTEM32\WSOCK32.dll
0x00007ff9e7550000 - 0x00007ff9e75bb000 	C:\Windows\System32\WS2_32.dll
0x00007ff9e32f0000 - 0x00007ff9e3317000 	C:\Windows\SYSTEM32\WINMM.dll
0x00007ff9db6c0000 - 0x00007ff9db6ca000 	C:\Windows\SYSTEM32\VERSION.dll
0x00007ff9e37a0000 - 0x00007ff9e37b2000 	C:\Windows\SYSTEM32\kernel.appcore.dll
0x00007ff9e0c50000 - 0x00007ff9e0c61000 	D:\Development\Programs\jdk-11.0.0.1\bin\verify.dll
0x00007ff9e3020000 - 0x00007ff9e3204000 	C:\Windows\SYSTEM32\DBGHELP.DLL
0x00007ff9e32b0000 - 0x00007ff9e32e4000 	C:\Windows\SYSTEM32\dbgcore.DLL
0x00007ff9e4ff0000 - 0x00007ff9e5072000 	C:\Windows\System32\bcryptPrimitives.dll
0x00007ff9db7b0000 - 0x00007ff9db7d8000 	D:\Development\Programs\jdk-11.0.0.1\bin\java.dll
0x00007ff9e0c00000 - 0x00007ff9e0c16000 	D:\Development\Programs\jdk-11.0.0.1\bin\zip.dll
0x00007ff9e1190000 - 0x00007ff9e119a000 	D:\Development\Programs\jdk-11.0.0.1\bin\jimage.dll
0x00007ff9e5970000 - 0x00007ff9e60b4000 	C:\Windows\System32\SHELL32.dll
0x00007ff9e27b0000 - 0x00007ff9e2f4b000 	C:\Windows\SYSTEM32\windows.storage.dll
0x00007ff9e62f0000 - 0x00007ff9e6644000 	C:\Windows\System32\combase.dll
0x00007ff9e4880000 - 0x00007ff9e48ad000 	C:\Windows\SYSTEM32\Wldp.dll
0x00007ff9e6240000 - 0x00007ff9e62ed000 	C:\Windows\System32\SHCORE.dll
0x00007ff9e6120000 - 0x00007ff9e6175000 	C:\Windows\System32\shlwapi.dll
0x00007ff9e4f20000 - 0x00007ff9e4f45000 	C:\Windows\SYSTEM32\profapi.dll
0x00007ff9db790000 - 0x00007ff9db7a9000 	D:\Development\Programs\jdk-11.0.0.1\bin\net.dll
0x00007ff9e3f10000 - 0x00007ff9e401a000 	C:\Windows\SYSTEM32\WINHTTP.dll
0x00007ff9e4660000 - 0x00007ff9e46ca000 	C:\Windows\system32\mswsock.dll
0x00007ff9db770000 - 0x00007ff9db783000 	D:\Development\Programs\jdk-11.0.0.1\bin\nio.dll
0x00007ff9e48c0000 - 0x00007ff9e48d8000 	C:\Windows\SYSTEM32\CRYPTSP.dll
0x00007ff9e3e80000 - 0x00007ff9e3eb4000 	C:\Windows\system32\rsaenh.dll
0x00007ff9e50d0000 - 0x00007ff9e50f7000 	C:\Windows\System32\bcrypt.dll
0x00007ff9e4ee0000 - 0x00007ff9e4f0e000 	C:\Windows\SYSTEM32\USERENV.dll
0x00007ff9e47f0000 - 0x00007ff9e47fc000 	C:\Windows\SYSTEM32\CRYPTBASE.dll
0x00007ff9e4370000 - 0x00007ff9e43ab000 	C:\Windows\SYSTEM32\IPHLPAPI.DLL
0x00007ff9e7720000 - 0x00007ff9e7728000 	C:\Windows\System32\NSI.dll
0x00007ff9de8e0000 - 0x00007ff9de8f7000 	C:\Windows\SYSTEM32\dhcpcsvc6.DLL
0x00007ff9de720000 - 0x00007ff9de73d000 	C:\Windows\SYSTEM32\dhcpcsvc.DLL
0x00007ff9e43c0000 - 0x00007ff9e448a000 	C:\Windows\SYSTEM32\DNSAPI.dll
0x00007ff9d05c0000 - 0x00007ff9d075e000 	D:\Development\Programs\jdk-11.0.0.1\bin\awt.dll
0x00007ff9e6f00000 - 0x00007ff9e6fcd000 	C:\Windows\System32\OLEAUT32.dll
0x00007ff9e0290000 - 0x00007ff9e0850000 	C:\Windows\SYSTEM32\d2d1.dll
0x00007ff9e1de0000 - 0x00007ff9e1e70000 	C:\Windows\SYSTEM32\apphelp.dll
0x00007ff9e21c0000 - 0x00007ff9e21ef000 	C:\Windows\system32\DWMAPI.DLL
0x00007ff9e2040000 - 0x00007ff9e20de000 	C:\Windows\system32\uxtheme.dll
0x00007ff9c4390000 - 0x00007ff9c44b5000 	C:\Windows\system32\opengl32.dll
0x00007ff9c4cf0000 - 0x00007ff9c4d1c000 	C:\Windows\SYSTEM32\GLU32.dll
0x00007ff9e6b50000 - 0x00007ff9e6c64000 	C:\Windows\System32\MSCTF.dll
0x00007ff9e6650000 - 0x00007ff9e677b000 	C:\Windows\System32\ole32.dll
0x00007ff9e5080000 - 0x00007ff9e50ce000 	C:\Windows\System32\cfgmgr32.dll
0x00007ff9e3340000 - 0x00007ff9e3433000 	C:\Windows\SYSTEM32\dxgi.dll
0x00007ff9deb00000 - 0x00007ff9deb3b000 	C:\Windows\SYSTEM32\dxcore.dll
0x00007ff9d0540000 - 0x00007ff9d05c0000 	D:\Development\Programs\jdk-11.0.0.1\bin\freetype.dll
0x00007ff9af630000 - 0x00007ff9af69f000 	D:\Development\Programs\jdk-11.0.0.1\bin\fontmanager.dll
0x00007ff9d4fb0000 - 0x00007ff9d50aa000 	C:\Windows\SYSTEM32\textinputframework.dll
0x00007ff9e14a0000 - 0x00007ff9e17fb000 	C:\Windows\System32\CoreUIComponents.dll
0x00007ff9e1b80000 - 0x00007ff9e1c72000 	C:\Windows\System32\CoreMessaging.dll
0x00007ff9e40d0000 - 0x00007ff9e4103000 	C:\Windows\SYSTEM32\ntmarta.dll
0x00007ff9dfa40000 - 0x00007ff9dfb95000 	C:\Windows\SYSTEM32\wintypes.dll
0x00007ff9bcb30000 - 0x00007ff9bcb96000 	C:\Windows\system32\Oleacc.dll

dbghelp: loaded successfully - version: 4.0.5 - missing functions: none
symbol engine: initialized successfully - sym options: 0x614 - pdb path: .;D:\Development\Programs\jdk-11.0.0.1\bin;C:\Windows\SYSTEM32;C:\ProgramData\Symantec\Symantec Endpoint Protection\14.3.9225.6000.105\Data\Sysfer\x64;C:\Windows\WinSxS\amd64_microsoft.windows.common-controls_6595b64144ccf1df_6.0.19041.3570_none_60bb2a3971f3e41a;D:\Development\Programs\jdk-11.0.0.1\bin\server;C:\Windows\System32\DriverStore\FileRepository\u0379365.inf_amd64_b2c1606d963a2625\B379234

VM Arguments:
jvm_args: -Dfile.encoding=UTF-8 -Dstdout.encoding=UTF-8 -Dstderr.encoding=UTF-8 
java_command: com.jrealm.game.GameLauncher 192.168.1.67 Ruusey
java_class_path (initial): D:\Development\GitRepositories\jrealm\target\classes;C:\Users\NXF4TML\.m2\repository\org\projectlombok\lombok\1.18.28\lombok-1.18.28.jar;C:\Users\NXF4TML\.m2\repository\org\slf4j\slf4j-api\2.0.9\slf4j-api-2.0.9.jar;C:\Users\NXF4TML\.m2\repository\ch\qos\logback\logback-core\1.3.5\logback-core-1.3.5.jar;C:\Users\NXF4TML\.m2\repository\ch\qos\logback\logback-classic\1.3.5\logback-classic-1.3.5.jar;C:\Users\NXF4TML\.m2\repository\com\fasterxml\jackson\core\jackson-databind\2.15.2\jackson-databind-2.15.2.jar;C:\Users\NXF4TML\.m2\repository\com\fasterxml\jackson\core\jackson-annotations\2.15.2\jackson-annotations-2.15.2.jar;C:\Users\NXF4TML\.m2\repository\com\fasterxml\jackson\core\jackson-core\2.15.2\jackson-core-2.15.2.jar
Launcher Type: SUN_STANDARD

[Global flags]
     intx CICompilerCount                          = 12                                        {product} {ergonomic}
     uint ConcGCThreads                            = 3                                         {product} {ergonomic}
     uint G1ConcRefinementThreads                  = 13                                        {product} {ergonomic}
   size_t G1HeapRegionSize                         = 2097152                                   {product} {ergonomic}
    uintx GCDrainStackTargetSize                   = 64                                        {product} {ergonomic}
   size_t InitialHeapSize                          = 517996544                                 {product} {ergonomic}
   size_t MarkStackSize                            = 4194304                                   {product} {ergonomic}
   size_t MaxHeapSize                              = 8260681728                                {product} {ergonomic}
   size_t MaxNewSize                               = 4955570176                                {product} {ergonomic}
   size_t MinHeapDeltaBytes                        = 2097152                                   {product} {ergonomic}
    uintx NonNMethodCodeHeapSize                   = 7591728                                {pd product} {ergonomic}
    uintx NonProfiledCodeHeapSize                  = 122033256                              {pd product} {ergonomic}
    uintx ProfiledCodeHeapSize                     = 122033256                              {pd product} {ergonomic}
    uintx ReservedCodeCacheSize                    = 251658240                              {pd product} {ergonomic}
     bool SegmentedCodeCache                       = true                                      {product} {ergonomic}
     bool UseCompressedClassPointers               = true                                 {lp64_product} {ergonomic}
     bool UseCompressedOops                        = true                                 {lp64_product} {ergonomic}
     bool UseG1GC                                  = true                                      {product} {ergonomic}
     bool UseLargePagesIndividualAllocation        = false                                  {pd product} {ergonomic}

Logging:
Log output configuration:
 #0: stdout all=warning uptime,level,tags
 #1: stderr all=off uptime,level,tags

Environment Variables:
JAVA_HOME=D:\Development\Programs\jdk-11.0.0.1
PATH=D:/Development/Programs/SpringToolSuite/sts-4.20.0.RELEASE//plugins/org.eclipse.justj.openjdk.hotspot.jre.full.win32.x86_64_17.0.8.v20230831-1047/jre/bin/server;D:/Development/Programs/SpringToolSuite/sts-4.20.0.RELEASE//plugins/org.eclipse.justj.openjdk.hotspot.jre.full.win32.x86_64_17.0.8.v20230831-1047/jre/bin;C:\Windows\System32;C:\Windows\System32\Wbem;C:\Windows\System32\OpenSSH;C:\Windows\System32\WindowsPowerShell\v1.0\;C:\Windows;C:\Program Files\WinZip;C:\Program Files (x86)\CheckPoint\Endpoint Security\Endpoint Common\bin;C:\Program Files\avs\bin;C:\Program Files\avs\bin32;C:\Program Files\PuTTY\;C:\Program Files\Docker\Docker\resources\bin;C:\Program Files\Microsoft SQL Server\150\Tools\Binn\;C:\Program Files\Microsoft SQL Server\Client SDK\ODBC\170\Tools\Binn\;C:\Program Files\dotnet\;C:\Program Files\MySQL\MySQL Shell 8.0\bin\;D:\Development\Programs\jdk-11.0.0.1\bin;C:\Windows\System32;C:\Windows\System32\Wbem;C:\Windows\System32\OpenSSH;C:\Windows\System32\WindowsPowerShell\v1.0\;C:\Windows;C:\Program Files\WinZip;C:\Program Files (x86)\CheckPoint\Endpoint Security\Endpoint Common\bin;C:\Program Files\avs\bin;C:\Program Files\avs\bin32;C:\Program Files\PuTTY\;C:\Users\NXF4TML\AppData\Local\Microsoft\WindowsApps;C:\Users\NXF4TML\AppData\Local\GitHubDesktop\bin;D:\Development\Programs\apache-maven-3.8.8\bin;C:\Users\NXF4TML\AppData\Local\Programs\Git\cmd;C:\Users\NXF4TML\.dotnet\tools;D:\Development\Programs\cloc;;D:\Development\Programs\SpringToolSuite\sts-4.20.0.RELEASE;
USERNAME=NXF4TML
OS=Windows_NT
PROCESSOR_IDENTIFIER=AMD64 Family 25 Model 68 Stepping 1, AuthenticAMD



---------------  S Y S T E M  ---------------

OS: Windows 10 , 64 bit Build 19041 (10.0.19041.3570)

CPU:total 16 (initial active 16) (16 cores per cpu, 2 threads per core) family 25 model 68 stepping 1, cmov, cx8, fxsr, mmx, sse, sse2, sse3, ssse3, sse4.1, sse4.2, popcnt, avx, avx2, aes, clmul, erms, mmxext, 3dnowpref, lzcnt, sse4a, ht, tsc, tscinvbit, tscinv, bmi1, bmi2, adx, sha, fma

Memory: 4k page, system-wide physical 31508M (19219M free)
TotalPageFile size 36116M (AvailPageFile size 21684M)
current process WorkingSet (physical memory assigned to process): 265M, peak: 281M
current process commit charge ("private bytes"): 714M, peak: 753M

vm_info: OpenJDK 64-Bit Server VM (11.0.0.1+3-5) for windows-amd64 JRE (11.0.0.1+3-5), built on Apr  7 2023 19:59:13 by "mach5one" with MS VC++ 15.5 (VS2017)

END.
